<?xml version="1.0" encoding="UTF-8" ?>
<testsuites disabled="0" errors="0" failures="41" tests="22" time="120.576">
 <testsuite name="notebook test" timestamp="2019-07-17T19:41:05" hostname="localhost" time="107.772" errors="0" tests="8" skipped="1" disabled="0" failures="14">
  <testcase classname="notebook test" name="Refresh notebook" time="1.166">
   <failure type="exception" message="WebDriverError: An unknown error occurred while processing the specified command.
Build info: version: &apos;3.8.0&apos;, revision: &apos;924c4067df&apos;, time: &apos;2017-11-30T11:37:19.049Z&apos;
System info: host: &apos;MININT-GV7N9KS&apos;, ip: &apos;10.172.92.49&apos;, os.name: &apos;Windows 10&apos;, os.arch: &apos;amd64&apos;, os.version: &apos;10.0&apos;, java.version: &apos;12.0.1&apos;
Driver info: driver.version: unknown"><![CDATA[WebDriverError: An unknown error occurred while processing the specified command.
Build info: version: '3.8.0', revision: '924c4067df', time: '2017-11-30T11:37:19.049Z'
System info: host: 'MININT-GV7N9KS', ip: '10.172.92.49', os.name: 'Windows 10', os.arch: 'amd64', os.version: '10.0', java.version: '12.0.1'
Driver info: driver.version: unknown
    at Object.checkLegacyResponse (D:\project\A365e2e\node_modules\selenium-webdriver\lib\error.js:546:15)
    at parseHttpResponse (D:\project\A365e2e\node_modules\selenium-webdriver\lib\http.js:509:13)
    at doSend.then.response (D:\project\A365e2e\node_modules\selenium-webdriver\lib\http.js:441:30)
    at process._tickCallback (internal/process/next_tick.js:68:7)
From: Task: WebDriver.findElements(By(css selector, *[id="i0116"]))
    at thenableWebDriverProxy.schedule (D:\project\A365e2e\node_modules\selenium-webdriver\lib\webdriver.js:807:17)
    at thenableWebDriverProxy.findElements (D:\project\A365e2e\node_modules\selenium-webdriver\lib\webdriver.js:1048:19)
    at ptor.waitForAngular.then (D:\project\A365e2e\node_modules\protractor\built\element.js:159:44)
    at ManagedPromise.invokeCallback_ (D:\project\A365e2e\node_modules\selenium-webdriver\lib\promise.js:1376:14)
    at TaskQueue.execute_ (D:\project\A365e2e\node_modules\selenium-webdriver\lib\promise.js:3084:14)
    at TaskQueue.executeNext_ (D:\project\A365e2e\node_modules\selenium-webdriver\lib\promise.js:3067:27)
    at asyncRun (D:\project\A365e2e\node_modules\selenium-webdriver\lib\promise.js:2927:27)
    at D:\project\A365e2e\node_modules\selenium-webdriver\lib\promise.js:668:7
From: Task: <anonymous>
    at Timeout.pollCondition [as _onTimeout] (D:\project\A365e2e\node_modules\selenium-webdriver\lib\promise.js:2195:19)
    at ontimeout (timers.js:436:11)
    at tryOnTimeout (timers.js:300:5)
    at listOnTimeout (timers.js:263:5)
    at Timer.processTimers (timers.js:223:10)
From: Task: <anonymous wait>
    at scheduleWait (D:\project\A365e2e\node_modules\selenium-webdriver\lib\promise.js:2188:20)
    at ControlFlow.wait (D:\project\A365e2e\node_modules\selenium-webdriver\lib\promise.js:2517:12)
    at thenableWebDriverProxy.wait (D:\project\A365e2e\node_modules\selenium-webdriver\lib\webdriver.js:934:29)
    at onPrepare (D:\project\A365e2e\protractor.edge.conf.js:69:20)
    at q_1.Promise (D:\project\A365e2e\node_modules\protractor\built\util.js:46:49)
    at Function.promise (D:\project\A365e2e\node_modules\protractor\node_modules\q\q.js:682:9)
    at Object.runFilenameOrFn_ (D:\project\A365e2e\node_modules\protractor\built\util.js:38:16)
    at plugins_.onPrepare.then (D:\project\A365e2e\node_modules\protractor\built\runner.js:98:27)
    at _fulfilled (D:\project\A365e2e\node_modules\protractor\node_modules\q\q.js:834:54)
    at D:\project\A365e2e\node_modules\protractor\node_modules\q\q.js:863:30]]>
   </failure>
   <failure type="exception" message="Failed: The specified session ID does not exist or is no longer active.
Build info: version: &apos;3.8.0&apos;, revision: &apos;924c4067df&apos;, time: &apos;2017-11-30T11:37:19.049Z&apos;
System info: host: &apos;MININT-GV7N9KS&apos;, ip: &apos;10.172.92.49&apos;, os.name: &apos;Windows 10&apos;, os.arch: &apos;amd64&apos;, os.version: &apos;10.0&apos;, java.version: &apos;12.0.1&apos;
Driver info: driver.version: unknown"><![CDATA[WebDriverError: The specified session ID does not exist or is no longer active.
Build info: version: '3.8.0', revision: '924c4067df', time: '2017-11-30T11:37:19.049Z'
System info: host: 'MININT-GV7N9KS', ip: '10.172.92.49', os.name: 'Windows 10', os.arch: 'amd64', os.version: '10.0', java.version: '12.0.1'
Driver info: driver.version: unknown
    at Object.checkLegacyResponse (D:\project\A365e2e\node_modules\selenium-webdriver\lib\error.js:546:15)
    at parseHttpResponse (D:\project\A365e2e\node_modules\selenium-webdriver\lib\http.js:509:13)
    at doSend.then.response (D:\project\A365e2e\node_modules\selenium-webdriver\lib\http.js:441:30)
    at process._tickCallback (internal/process/next_tick.js:68:7)
From: Task: WebDriver.findElements(By(xpath, //div[@aria-label='Notebooks. Press Alt+P to open menu.']))
    at thenableWebDriverProxy.schedule (D:\project\A365e2e\node_modules\selenium-webdriver\lib\webdriver.js:807:17)
    at thenableWebDriverProxy.findElements (D:\project\A365e2e\node_modules\selenium-webdriver\lib\webdriver.js:1048:19)
    at ptor.waitForAngular.then (D:\project\A365e2e\node_modules\protractor\built\element.js:159:44)
    at ManagedPromise.invokeCallback_ (D:\project\A365e2e\node_modules\selenium-webdriver\lib\promise.js:1376:14)
    at TaskQueue.execute_ (D:\project\A365e2e\node_modules\selenium-webdriver\lib\promise.js:3084:14)
    at TaskQueue.executeNext_ (D:\project\A365e2e\node_modules\selenium-webdriver\lib\promise.js:3067:27)
    at asyncRun (D:\project\A365e2e\node_modules\selenium-webdriver\lib\promise.js:2927:27)
    at D:\project\A365e2e\node_modules\selenium-webdriver\lib\promise.js:668:7
From: Task: <anonymous>
    at pollCondition (D:\project\A365e2e\node_modules\selenium-webdriver\lib\promise.js:2195:19)
    at D:\project\A365e2e\node_modules\selenium-webdriver\lib\promise.js:2191:7
    at new ManagedPromise (D:\project\A365e2e\node_modules\selenium-webdriver\lib\promise.js:1077:7)
    at ControlFlow.promise (D:\project\A365e2e\node_modules\selenium-webdriver\lib\promise.js:2505:12)
    at D:\project\A365e2e\node_modules\selenium-webdriver\lib\promise.js:2190:22
    at TaskQueue.execute_ (D:\project\A365e2e\node_modules\selenium-webdriver\lib\promise.js:3084:14)
    at TaskQueue.executeNext_ (D:\project\A365e2e\node_modules\selenium-webdriver\lib\promise.js:3067:27)
    at asyncRun (D:\project\A365e2e\node_modules\selenium-webdriver\lib\promise.js:2974:25)
    at D:\project\A365e2e\node_modules\selenium-webdriver\lib\promise.js:668:7
From: Task: Element not present.
By(xpath, //div[@aria-label='Notebooks. Press Alt+P to open menu.'])
    at scheduleWait (D:\project\A365e2e\node_modules\selenium-webdriver\lib\promise.js:2188:20)
    at ControlFlow.wait (D:\project\A365e2e\node_modules\selenium-webdriver\lib\promise.js:2517:12)
    at thenableWebDriverProxy.wait (D:\project\A365e2e\node_modules\selenium-webdriver\lib\webdriver.js:934:29)
    at run (D:\project\A365e2e\node_modules\protractor\built\browser.js:59:33)
    at ProtractorBrowser.to.(anonymous function) [as wait] (D:\project\A365e2e\node_modules\protractor\built\browser.js:67:16)
    at Function.<anonymous> (D:\project\A365e2e\e2e\Share\helper.ts:170:23)
    at step (D:\project\A365e2e\e2e\Share\helper.ts:32:23)
    at Object.next (D:\project\A365e2e\e2e\Share\helper.ts:13:53)
    at D:\project\A365e2e\e2e\Share\helper.ts:7:71
    at new Promise (<anonymous>)
From: Task: Run it("Refresh notebook") in control flow
    at UserContext.<anonymous> (D:\project\A365e2e\node_modules\jasminewd2\index.js:94:19)
    at attempt (D:\project\A365e2e\node_modules\jasmine-core\lib\jasmine-core\jasmine.js:4297:26)
    at QueueRunner.run (D:\project\A365e2e\node_modules\jasmine-core\lib\jasmine-core\jasmine.js:4217:20)
    at QueueRunner.execute (D:\project\A365e2e\node_modules\jasmine-core\lib\jasmine-core\jasmine.js:4199:10)
    at Spec.queueRunnerFactory (D:\project\A365e2e\node_modules\jasmine-core\lib\jasmine-core\jasmine.js:909:35)
    at Spec.execute (D:\project\A365e2e\node_modules\jasmine-core\lib\jasmine-core\jasmine.js:526:10)
    at UserContext.fn (D:\project\A365e2e\node_modules\jasmine-core\lib\jasmine-core\jasmine.js:5340:37)
    at attempt (D:\project\A365e2e\node_modules\jasmine-core\lib\jasmine-core\jasmine.js:4297:26)
    at QueueRunner.run (D:\project\A365e2e\node_modules\jasmine-core\lib\jasmine-core\jasmine.js:4217:20)
    at runNext (D:\project\A365e2e\node_modules\jasmine-core\lib\jasmine-core\jasmine.js:4257:20)
From asynchronous test: 
Error: 
    at Suite.<anonymous> (D:\project\A365e2e\e2e\Notebook\notebook.spec.ts:22:5)
    at addSpecsToSuite (D:\project\A365e2e\node_modules\jasmine-core\lib\jasmine-core\jasmine.js:1107:25)
    at Env.describe (D:\project\A365e2e\node_modules\jasmine-core\lib\jasmine-core\jasmine.js:1074:7)
    at describe (D:\project\A365e2e\node_modules\jasmine-core\lib\jasmine-core\jasmine.js:4399:18)
    at Object.<anonymous> (D:\project\A365e2e\e2e\Notebook\notebook.spec.ts:8:1)
    at Module._compile (internal/modules/cjs/loader.js:701:30)
    at Module.m._compile (D:\project\A365e2e\node_modules\ts-node\src\index.ts:473:23)
    at Module._extensions..js (internal/modules/cjs/loader.js:712:10)
    at Object.require.extensions.(anonymous function) [as .ts] (D:\project\A365e2e\node_modules\ts-node\src\index.ts:476:12)]]>
   </failure>
  </testcase>
  <testcase classname="notebook test" name="Create Notebook" time="0.061">
   <failure type="exception" message="WebDriverError: An unknown error occurred while processing the specified command.
Build info: version: &apos;3.8.0&apos;, revision: &apos;924c4067df&apos;, time: &apos;2017-11-30T11:37:19.049Z&apos;
System info: host: &apos;MININT-GV7N9KS&apos;, ip: &apos;10.172.92.49&apos;, os.name: &apos;Windows 10&apos;, os.arch: &apos;amd64&apos;, os.version: &apos;10.0&apos;, java.version: &apos;12.0.1&apos;
Driver info: driver.version: unknown"><![CDATA[WebDriverError: An unknown error occurred while processing the specified command.
Build info: version: '3.8.0', revision: '924c4067df', time: '2017-11-30T11:37:19.049Z'
System info: host: 'MININT-GV7N9KS', ip: '10.172.92.49', os.name: 'Windows 10', os.arch: 'amd64', os.version: '10.0', java.version: '12.0.1'
Driver info: driver.version: unknown
    at Object.checkLegacyResponse (D:\project\A365e2e\node_modules\selenium-webdriver\lib\error.js:546:15)
    at parseHttpResponse (D:\project\A365e2e\node_modules\selenium-webdriver\lib\http.js:509:13)
    at doSend.then.response (D:\project\A365e2e\node_modules\selenium-webdriver\lib\http.js:441:30)
    at process._tickCallback (internal/process/next_tick.js:68:7)
From: Task: WebDriver.findElements(By(css selector, *[id="i0116"]))
    at thenableWebDriverProxy.schedule (D:\project\A365e2e\node_modules\selenium-webdriver\lib\webdriver.js:807:17)
    at thenableWebDriverProxy.findElements (D:\project\A365e2e\node_modules\selenium-webdriver\lib\webdriver.js:1048:19)
    at ptor.waitForAngular.then (D:\project\A365e2e\node_modules\protractor\built\element.js:159:44)
    at ManagedPromise.invokeCallback_ (D:\project\A365e2e\node_modules\selenium-webdriver\lib\promise.js:1376:14)
    at TaskQueue.execute_ (D:\project\A365e2e\node_modules\selenium-webdriver\lib\promise.js:3084:14)
    at TaskQueue.executeNext_ (D:\project\A365e2e\node_modules\selenium-webdriver\lib\promise.js:3067:27)
    at asyncRun (D:\project\A365e2e\node_modules\selenium-webdriver\lib\promise.js:2927:27)
    at D:\project\A365e2e\node_modules\selenium-webdriver\lib\promise.js:668:7
From: Task: <anonymous>
    at Timeout.pollCondition [as _onTimeout] (D:\project\A365e2e\node_modules\selenium-webdriver\lib\promise.js:2195:19)
    at ontimeout (timers.js:436:11)
    at tryOnTimeout (timers.js:300:5)
    at listOnTimeout (timers.js:263:5)
    at Timer.processTimers (timers.js:223:10)
From: Task: <anonymous wait>
    at scheduleWait (D:\project\A365e2e\node_modules\selenium-webdriver\lib\promise.js:2188:20)
    at ControlFlow.wait (D:\project\A365e2e\node_modules\selenium-webdriver\lib\promise.js:2517:12)
    at thenableWebDriverProxy.wait (D:\project\A365e2e\node_modules\selenium-webdriver\lib\webdriver.js:934:29)
    at onPrepare (D:\project\A365e2e\protractor.edge.conf.js:69:20)
    at q_1.Promise (D:\project\A365e2e\node_modules\protractor\built\util.js:46:49)
    at Function.promise (D:\project\A365e2e\node_modules\protractor\node_modules\q\q.js:682:9)
    at Object.runFilenameOrFn_ (D:\project\A365e2e\node_modules\protractor\built\util.js:38:16)
    at plugins_.onPrepare.then (D:\project\A365e2e\node_modules\protractor\built\runner.js:98:27)
    at _fulfilled (D:\project\A365e2e\node_modules\protractor\node_modules\q\q.js:834:54)
    at D:\project\A365e2e\node_modules\protractor\node_modules\q\q.js:863:30]]>
   </failure>
   <failure type="exception" message="Failed: The specified session ID does not exist or is no longer active.
Build info: version: &apos;3.8.0&apos;, revision: &apos;924c4067df&apos;, time: &apos;2017-11-30T11:37:19.049Z&apos;
System info: host: &apos;MININT-GV7N9KS&apos;, ip: &apos;10.172.92.49&apos;, os.name: &apos;Windows 10&apos;, os.arch: &apos;amd64&apos;, os.version: &apos;10.0&apos;, java.version: &apos;12.0.1&apos;
Driver info: driver.version: unknown"><![CDATA[WebDriverError: The specified session ID does not exist or is no longer active.
Build info: version: '3.8.0', revision: '924c4067df', time: '2017-11-30T11:37:19.049Z'
System info: host: 'MININT-GV7N9KS', ip: '10.172.92.49', os.name: 'Windows 10', os.arch: 'amd64', os.version: '10.0', java.version: '12.0.1'
Driver info: driver.version: unknown
    at Object.checkLegacyResponse (D:\project\A365e2e\node_modules\selenium-webdriver\lib\error.js:546:15)
    at parseHttpResponse (D:\project\A365e2e\node_modules\selenium-webdriver\lib\http.js:509:13)
    at doSend.then.response (D:\project\A365e2e\node_modules\selenium-webdriver\lib\http.js:441:30)
    at process._tickCallback (internal/process/next_tick.js:68:7)
From: Task: WebDriver.findElements(By(xpath, //div[@aria-label='Notebooks. Press Alt+P to open menu.']))
    at thenableWebDriverProxy.schedule (D:\project\A365e2e\node_modules\selenium-webdriver\lib\webdriver.js:807:17)
    at thenableWebDriverProxy.findElements (D:\project\A365e2e\node_modules\selenium-webdriver\lib\webdriver.js:1048:19)
    at ptor.waitForAngular.then (D:\project\A365e2e\node_modules\protractor\built\element.js:159:44)
    at ManagedPromise.invokeCallback_ (D:\project\A365e2e\node_modules\selenium-webdriver\lib\promise.js:1376:14)
    at TaskQueue.execute_ (D:\project\A365e2e\node_modules\selenium-webdriver\lib\promise.js:3084:14)
    at TaskQueue.executeNext_ (D:\project\A365e2e\node_modules\selenium-webdriver\lib\promise.js:3067:27)
    at asyncRun (D:\project\A365e2e\node_modules\selenium-webdriver\lib\promise.js:2927:27)
    at D:\project\A365e2e\node_modules\selenium-webdriver\lib\promise.js:668:7
    at process._tickCallback (internal/process/next_tick.js:68:7)
From: Task: <anonymous>
    at pollCondition (D:\project\A365e2e\node_modules\selenium-webdriver\lib\promise.js:2195:19)
    at D:\project\A365e2e\node_modules\selenium-webdriver\lib\promise.js:2191:7
    at new ManagedPromise (D:\project\A365e2e\node_modules\selenium-webdriver\lib\promise.js:1077:7)
    at ControlFlow.promise (D:\project\A365e2e\node_modules\selenium-webdriver\lib\promise.js:2505:12)
    at D:\project\A365e2e\node_modules\selenium-webdriver\lib\promise.js:2190:22
    at TaskQueue.execute_ (D:\project\A365e2e\node_modules\selenium-webdriver\lib\promise.js:3084:14)
    at TaskQueue.executeNext_ (D:\project\A365e2e\node_modules\selenium-webdriver\lib\promise.js:3067:27)
    at asyncRun (D:\project\A365e2e\node_modules\selenium-webdriver\lib\promise.js:2974:25)
    at D:\project\A365e2e\node_modules\selenium-webdriver\lib\promise.js:668:7
    at process._tickCallback (internal/process/next_tick.js:68:7)
From: Task: Element not present.
By(xpath, //div[@aria-label='Notebooks. Press Alt+P to open menu.'])
    at scheduleWait (D:\project\A365e2e\node_modules\selenium-webdriver\lib\promise.js:2188:20)
    at ControlFlow.wait (D:\project\A365e2e\node_modules\selenium-webdriver\lib\promise.js:2517:12)
    at thenableWebDriverProxy.wait (D:\project\A365e2e\node_modules\selenium-webdriver\lib\webdriver.js:934:29)
    at run (D:\project\A365e2e\node_modules\protractor\built\browser.js:59:33)
    at ProtractorBrowser.to.(anonymous function) [as wait] (D:\project\A365e2e\node_modules\protractor\built\browser.js:67:16)
    at Function.<anonymous> (D:\project\A365e2e\e2e\Share\helper.ts:170:23)
    at step (D:\project\A365e2e\e2e\Share\helper.ts:32:23)
    at Object.next (D:\project\A365e2e\e2e\Share\helper.ts:13:53)
    at D:\project\A365e2e\e2e\Share\helper.ts:7:71
    at new Promise (<anonymous>)
From: Task: Run it("Create Notebook") in control flow
    at UserContext.<anonymous> (D:\project\A365e2e\node_modules\jasminewd2\index.js:94:19)
    at attempt (D:\project\A365e2e\node_modules\jasmine-core\lib\jasmine-core\jasmine.js:4297:26)
    at QueueRunner.run (D:\project\A365e2e\node_modules\jasmine-core\lib\jasmine-core\jasmine.js:4217:20)
    at QueueRunner.execute (D:\project\A365e2e\node_modules\jasmine-core\lib\jasmine-core\jasmine.js:4199:10)
    at Spec.queueRunnerFactory (D:\project\A365e2e\node_modules\jasmine-core\lib\jasmine-core\jasmine.js:909:35)
    at Spec.execute (D:\project\A365e2e\node_modules\jasmine-core\lib\jasmine-core\jasmine.js:526:10)
    at UserContext.fn (D:\project\A365e2e\node_modules\jasmine-core\lib\jasmine-core\jasmine.js:5340:37)
    at attempt (D:\project\A365e2e\node_modules\jasmine-core\lib\jasmine-core\jasmine.js:4297:26)
    at QueueRunner.run (D:\project\A365e2e\node_modules\jasmine-core\lib\jasmine-core\jasmine.js:4217:20)
    at runNext (D:\project\A365e2e\node_modules\jasmine-core\lib\jasmine-core\jasmine.js:4257:20)
From asynchronous test: 
Error: 
    at Suite.<anonymous> (D:\project\A365e2e\e2e\Notebook\notebook.spec.ts:27:5)
    at addSpecsToSuite (D:\project\A365e2e\node_modules\jasmine-core\lib\jasmine-core\jasmine.js:1107:25)
    at Env.describe (D:\project\A365e2e\node_modules\jasmine-core\lib\jasmine-core\jasmine.js:1074:7)
    at describe (D:\project\A365e2e\node_modules\jasmine-core\lib\jasmine-core\jasmine.js:4399:18)
    at Object.<anonymous> (D:\project\A365e2e\e2e\Notebook\notebook.spec.ts:8:1)
    at Module._compile (internal/modules/cjs/loader.js:701:30)
    at Module.m._compile (D:\project\A365e2e\node_modules\ts-node\src\index.ts:473:23)
    at Module._extensions..js (internal/modules/cjs/loader.js:712:10)
    at Object.require.extensions.(anonymous function) [as .ts] (D:\project\A365e2e\node_modules\ts-node\src\index.ts:476:12)]]>
   </failure>
  </testcase>
  <testcase classname="notebook test" name="Open Notebook" time="0.054">
   <failure type="exception" message="WebDriverError: An unknown error occurred while processing the specified command.
Build info: version: &apos;3.8.0&apos;, revision: &apos;924c4067df&apos;, time: &apos;2017-11-30T11:37:19.049Z&apos;
System info: host: &apos;MININT-GV7N9KS&apos;, ip: &apos;10.172.92.49&apos;, os.name: &apos;Windows 10&apos;, os.arch: &apos;amd64&apos;, os.version: &apos;10.0&apos;, java.version: &apos;12.0.1&apos;
Driver info: driver.version: unknown"><![CDATA[WebDriverError: An unknown error occurred while processing the specified command.
Build info: version: '3.8.0', revision: '924c4067df', time: '2017-11-30T11:37:19.049Z'
System info: host: 'MININT-GV7N9KS', ip: '10.172.92.49', os.name: 'Windows 10', os.arch: 'amd64', os.version: '10.0', java.version: '12.0.1'
Driver info: driver.version: unknown
    at Object.checkLegacyResponse (D:\project\A365e2e\node_modules\selenium-webdriver\lib\error.js:546:15)
    at parseHttpResponse (D:\project\A365e2e\node_modules\selenium-webdriver\lib\http.js:509:13)
    at doSend.then.response (D:\project\A365e2e\node_modules\selenium-webdriver\lib\http.js:441:30)
    at process._tickCallback (internal/process/next_tick.js:68:7)
From: Task: WebDriver.findElements(By(css selector, *[id="i0116"]))
    at thenableWebDriverProxy.schedule (D:\project\A365e2e\node_modules\selenium-webdriver\lib\webdriver.js:807:17)
    at thenableWebDriverProxy.findElements (D:\project\A365e2e\node_modules\selenium-webdriver\lib\webdriver.js:1048:19)
    at ptor.waitForAngular.then (D:\project\A365e2e\node_modules\protractor\built\element.js:159:44)
    at ManagedPromise.invokeCallback_ (D:\project\A365e2e\node_modules\selenium-webdriver\lib\promise.js:1376:14)
    at TaskQueue.execute_ (D:\project\A365e2e\node_modules\selenium-webdriver\lib\promise.js:3084:14)
    at TaskQueue.executeNext_ (D:\project\A365e2e\node_modules\selenium-webdriver\lib\promise.js:3067:27)
    at asyncRun (D:\project\A365e2e\node_modules\selenium-webdriver\lib\promise.js:2927:27)
    at D:\project\A365e2e\node_modules\selenium-webdriver\lib\promise.js:668:7
From: Task: <anonymous>
    at Timeout.pollCondition [as _onTimeout] (D:\project\A365e2e\node_modules\selenium-webdriver\lib\promise.js:2195:19)
    at ontimeout (timers.js:436:11)
    at tryOnTimeout (timers.js:300:5)
    at listOnTimeout (timers.js:263:5)
    at Timer.processTimers (timers.js:223:10)
From: Task: <anonymous wait>
    at scheduleWait (D:\project\A365e2e\node_modules\selenium-webdriver\lib\promise.js:2188:20)
    at ControlFlow.wait (D:\project\A365e2e\node_modules\selenium-webdriver\lib\promise.js:2517:12)
    at thenableWebDriverProxy.wait (D:\project\A365e2e\node_modules\selenium-webdriver\lib\webdriver.js:934:29)
    at onPrepare (D:\project\A365e2e\protractor.edge.conf.js:69:20)
    at q_1.Promise (D:\project\A365e2e\node_modules\protractor\built\util.js:46:49)
    at Function.promise (D:\project\A365e2e\node_modules\protractor\node_modules\q\q.js:682:9)
    at Object.runFilenameOrFn_ (D:\project\A365e2e\node_modules\protractor\built\util.js:38:16)
    at plugins_.onPrepare.then (D:\project\A365e2e\node_modules\protractor\built\runner.js:98:27)
    at _fulfilled (D:\project\A365e2e\node_modules\protractor\node_modules\q\q.js:834:54)
    at D:\project\A365e2e\node_modules\protractor\node_modules\q\q.js:863:30]]>
   </failure>
   <failure type="exception" message="Failed: The specified session ID does not exist or is no longer active.
Build info: version: &apos;3.8.0&apos;, revision: &apos;924c4067df&apos;, time: &apos;2017-11-30T11:37:19.049Z&apos;
System info: host: &apos;MININT-GV7N9KS&apos;, ip: &apos;10.172.92.49&apos;, os.name: &apos;Windows 10&apos;, os.arch: &apos;amd64&apos;, os.version: &apos;10.0&apos;, java.version: &apos;12.0.1&apos;
Driver info: driver.version: unknown"><![CDATA[WebDriverError: The specified session ID does not exist or is no longer active.
Build info: version: '3.8.0', revision: '924c4067df', time: '2017-11-30T11:37:19.049Z'
System info: host: 'MININT-GV7N9KS', ip: '10.172.92.49', os.name: 'Windows 10', os.arch: 'amd64', os.version: '10.0', java.version: '12.0.1'
Driver info: driver.version: unknown
    at Object.checkLegacyResponse (D:\project\A365e2e\node_modules\selenium-webdriver\lib\error.js:546:15)
    at parseHttpResponse (D:\project\A365e2e\node_modules\selenium-webdriver\lib\http.js:509:13)
    at doSend.then.response (D:\project\A365e2e\node_modules\selenium-webdriver\lib\http.js:441:30)
    at process._tickCallback (internal/process/next_tick.js:68:7)
From: Task: WebDriver.findElements(By(xpath, //div[@aria-label='Notebooks. Press Alt+P to open menu.']/../div[@role='list']//div[@title='yyangNbook1']))
    at thenableWebDriverProxy.schedule (D:\project\A365e2e\node_modules\selenium-webdriver\lib\webdriver.js:807:17)
    at thenableWebDriverProxy.findElements (D:\project\A365e2e\node_modules\selenium-webdriver\lib\webdriver.js:1048:19)
    at ptor.waitForAngular.then (D:\project\A365e2e\node_modules\protractor\built\element.js:159:44)
    at ManagedPromise.invokeCallback_ (D:\project\A365e2e\node_modules\selenium-webdriver\lib\promise.js:1376:14)
    at TaskQueue.execute_ (D:\project\A365e2e\node_modules\selenium-webdriver\lib\promise.js:3084:14)
    at TaskQueue.executeNext_ (D:\project\A365e2e\node_modules\selenium-webdriver\lib\promise.js:3067:27)
    at asyncRun (D:\project\A365e2e\node_modules\selenium-webdriver\lib\promise.js:2927:27)
    at D:\project\A365e2e\node_modules\selenium-webdriver\lib\promise.js:668:7
    at process._tickCallback (internal/process/next_tick.js:68:7)
From: Task: <anonymous>
    at pollCondition (D:\project\A365e2e\node_modules\selenium-webdriver\lib\promise.js:2195:19)
    at D:\project\A365e2e\node_modules\selenium-webdriver\lib\promise.js:2191:7
    at new ManagedPromise (D:\project\A365e2e\node_modules\selenium-webdriver\lib\promise.js:1077:7)
    at ControlFlow.promise (D:\project\A365e2e\node_modules\selenium-webdriver\lib\promise.js:2505:12)
    at D:\project\A365e2e\node_modules\selenium-webdriver\lib\promise.js:2190:22
    at TaskQueue.execute_ (D:\project\A365e2e\node_modules\selenium-webdriver\lib\promise.js:3084:14)
    at TaskQueue.executeNext_ (D:\project\A365e2e\node_modules\selenium-webdriver\lib\promise.js:3067:27)
    at asyncRun (D:\project\A365e2e\node_modules\selenium-webdriver\lib\promise.js:2974:25)
    at D:\project\A365e2e\node_modules\selenium-webdriver\lib\promise.js:668:7
    at process._tickCallback (internal/process/next_tick.js:68:7)
From: Task: Element not present.
By(xpath, //div[@aria-label='Notebooks. Press Alt+P to open menu.']/../div[@role='list']//div[@title='yyangNbook1'])
    at scheduleWait (D:\project\A365e2e\node_modules\selenium-webdriver\lib\promise.js:2188:20)
    at ControlFlow.wait (D:\project\A365e2e\node_modules\selenium-webdriver\lib\promise.js:2517:12)
    at thenableWebDriverProxy.wait (D:\project\A365e2e\node_modules\selenium-webdriver\lib\webdriver.js:934:29)
    at run (D:\project\A365e2e\node_modules\protractor\built\browser.js:59:33)
    at ProtractorBrowser.to.(anonymous function) [as wait] (D:\project\A365e2e\node_modules\protractor\built\browser.js:67:16)
    at Function.<anonymous> (D:\project\A365e2e\e2e\Share\helper.ts:170:23)
    at step (D:\project\A365e2e\e2e\Share\helper.ts:32:23)
    at Object.next (D:\project\A365e2e\e2e\Share\helper.ts:13:53)
    at D:\project\A365e2e\e2e\Share\helper.ts:7:71
    at new Promise (<anonymous>)
From: Task: Run it("Open Notebook") in control flow
    at UserContext.<anonymous> (D:\project\A365e2e\node_modules\jasminewd2\index.js:94:19)
    at attempt (D:\project\A365e2e\node_modules\jasmine-core\lib\jasmine-core\jasmine.js:4297:26)
    at QueueRunner.run (D:\project\A365e2e\node_modules\jasmine-core\lib\jasmine-core\jasmine.js:4217:20)
    at QueueRunner.execute (D:\project\A365e2e\node_modules\jasmine-core\lib\jasmine-core\jasmine.js:4199:10)
    at Spec.queueRunnerFactory (D:\project\A365e2e\node_modules\jasmine-core\lib\jasmine-core\jasmine.js:909:35)
    at Spec.execute (D:\project\A365e2e\node_modules\jasmine-core\lib\jasmine-core\jasmine.js:526:10)
    at UserContext.fn (D:\project\A365e2e\node_modules\jasmine-core\lib\jasmine-core\jasmine.js:5340:37)
    at attempt (D:\project\A365e2e\node_modules\jasmine-core\lib\jasmine-core\jasmine.js:4297:26)
    at QueueRunner.run (D:\project\A365e2e\node_modules\jasmine-core\lib\jasmine-core\jasmine.js:4217:20)
    at runNext (D:\project\A365e2e\node_modules\jasmine-core\lib\jasmine-core\jasmine.js:4257:20)
From asynchronous test: 
Error: 
    at Suite.<anonymous> (D:\project\A365e2e\e2e\Notebook\notebook.spec.ts:39:5)
    at addSpecsToSuite (D:\project\A365e2e\node_modules\jasmine-core\lib\jasmine-core\jasmine.js:1107:25)
    at Env.describe (D:\project\A365e2e\node_modules\jasmine-core\lib\jasmine-core\jasmine.js:1074:7)
    at describe (D:\project\A365e2e\node_modules\jasmine-core\lib\jasmine-core\jasmine.js:4399:18)
    at Object.<anonymous> (D:\project\A365e2e\e2e\Notebook\notebook.spec.ts:8:1)
    at Module._compile (internal/modules/cjs/loader.js:701:30)
    at Module.m._compile (D:\project\A365e2e\node_modules\ts-node\src\index.ts:473:23)
    at Module._extensions..js (internal/modules/cjs/loader.js:712:10)
    at Object.require.extensions.(anonymous function) [as .ts] (D:\project\A365e2e\node_modules\ts-node\src\index.ts:476:12)]]>
   </failure>
  </testcase>
  <testcase classname="notebook test" name="Add Code Cell" time="0.048">
   <failure type="exception" message="WebDriverError: An unknown error occurred while processing the specified command.
Build info: version: &apos;3.8.0&apos;, revision: &apos;924c4067df&apos;, time: &apos;2017-11-30T11:37:19.049Z&apos;
System info: host: &apos;MININT-GV7N9KS&apos;, ip: &apos;10.172.92.49&apos;, os.name: &apos;Windows 10&apos;, os.arch: &apos;amd64&apos;, os.version: &apos;10.0&apos;, java.version: &apos;12.0.1&apos;
Driver info: driver.version: unknown"><![CDATA[WebDriverError: An unknown error occurred while processing the specified command.
Build info: version: '3.8.0', revision: '924c4067df', time: '2017-11-30T11:37:19.049Z'
System info: host: 'MININT-GV7N9KS', ip: '10.172.92.49', os.name: 'Windows 10', os.arch: 'amd64', os.version: '10.0', java.version: '12.0.1'
Driver info: driver.version: unknown
    at Object.checkLegacyResponse (D:\project\A365e2e\node_modules\selenium-webdriver\lib\error.js:546:15)
    at parseHttpResponse (D:\project\A365e2e\node_modules\selenium-webdriver\lib\http.js:509:13)
    at doSend.then.response (D:\project\A365e2e\node_modules\selenium-webdriver\lib\http.js:441:30)
    at process._tickCallback (internal/process/next_tick.js:68:7)
From: Task: WebDriver.findElements(By(css selector, *[id="i0116"]))
    at thenableWebDriverProxy.schedule (D:\project\A365e2e\node_modules\selenium-webdriver\lib\webdriver.js:807:17)
    at thenableWebDriverProxy.findElements (D:\project\A365e2e\node_modules\selenium-webdriver\lib\webdriver.js:1048:19)
    at ptor.waitForAngular.then (D:\project\A365e2e\node_modules\protractor\built\element.js:159:44)
    at ManagedPromise.invokeCallback_ (D:\project\A365e2e\node_modules\selenium-webdriver\lib\promise.js:1376:14)
    at TaskQueue.execute_ (D:\project\A365e2e\node_modules\selenium-webdriver\lib\promise.js:3084:14)
    at TaskQueue.executeNext_ (D:\project\A365e2e\node_modules\selenium-webdriver\lib\promise.js:3067:27)
    at asyncRun (D:\project\A365e2e\node_modules\selenium-webdriver\lib\promise.js:2927:27)
    at D:\project\A365e2e\node_modules\selenium-webdriver\lib\promise.js:668:7
From: Task: <anonymous>
    at Timeout.pollCondition [as _onTimeout] (D:\project\A365e2e\node_modules\selenium-webdriver\lib\promise.js:2195:19)
    at ontimeout (timers.js:436:11)
    at tryOnTimeout (timers.js:300:5)
    at listOnTimeout (timers.js:263:5)
    at Timer.processTimers (timers.js:223:10)
From: Task: <anonymous wait>
    at scheduleWait (D:\project\A365e2e\node_modules\selenium-webdriver\lib\promise.js:2188:20)
    at ControlFlow.wait (D:\project\A365e2e\node_modules\selenium-webdriver\lib\promise.js:2517:12)
    at thenableWebDriverProxy.wait (D:\project\A365e2e\node_modules\selenium-webdriver\lib\webdriver.js:934:29)
    at onPrepare (D:\project\A365e2e\protractor.edge.conf.js:69:20)
    at q_1.Promise (D:\project\A365e2e\node_modules\protractor\built\util.js:46:49)
    at Function.promise (D:\project\A365e2e\node_modules\protractor\node_modules\q\q.js:682:9)
    at Object.runFilenameOrFn_ (D:\project\A365e2e\node_modules\protractor\built\util.js:38:16)
    at plugins_.onPrepare.then (D:\project\A365e2e\node_modules\protractor\built\runner.js:98:27)
    at _fulfilled (D:\project\A365e2e\node_modules\protractor\node_modules\q\q.js:834:54)
    at D:\project\A365e2e\node_modules\protractor\node_modules\q\q.js:863:30]]>
   </failure>
   <failure type="exception" message="Failed: The specified session ID does not exist or is no longer active.
Build info: version: &apos;3.8.0&apos;, revision: &apos;924c4067df&apos;, time: &apos;2017-11-30T11:37:19.049Z&apos;
System info: host: &apos;MININT-GV7N9KS&apos;, ip: &apos;10.172.92.49&apos;, os.name: &apos;Windows 10&apos;, os.arch: &apos;amd64&apos;, os.version: &apos;10.0&apos;, java.version: &apos;12.0.1&apos;
Driver info: driver.version: unknown"><![CDATA[WebDriverError: The specified session ID does not exist or is no longer active.
Build info: version: '3.8.0', revision: '924c4067df', time: '2017-11-30T11:37:19.049Z'
System info: host: 'MININT-GV7N9KS', ip: '10.172.92.49', os.name: 'Windows 10', os.arch: 'amd64', os.version: '10.0', java.version: '12.0.1'
Driver info: driver.version: unknown
    at Object.checkLegacyResponse (D:\project\A365e2e\node_modules\selenium-webdriver\lib\error.js:546:15)
    at parseHttpResponse (D:\project\A365e2e\node_modules\selenium-webdriver\lib\http.js:509:13)
    at doSend.then.response (D:\project\A365e2e\node_modules\selenium-webdriver\lib\http.js:441:30)
    at process._tickCallback (internal/process/next_tick.js:68:7)
From: Task: WebDriver.findElements(By(xpath, //div[@class='editing-canvas']/app-authoring-tab/div[2]//button[@aria-label = 'Add a notebook cell']))
    at thenableWebDriverProxy.schedule (D:\project\A365e2e\node_modules\selenium-webdriver\lib\webdriver.js:807:17)
    at thenableWebDriverProxy.findElements (D:\project\A365e2e\node_modules\selenium-webdriver\lib\webdriver.js:1048:19)
    at ptor.waitForAngular.then (D:\project\A365e2e\node_modules\protractor\built\element.js:159:44)
    at ManagedPromise.invokeCallback_ (D:\project\A365e2e\node_modules\selenium-webdriver\lib\promise.js:1376:14)
    at TaskQueue.execute_ (D:\project\A365e2e\node_modules\selenium-webdriver\lib\promise.js:3084:14)
    at TaskQueue.executeNext_ (D:\project\A365e2e\node_modules\selenium-webdriver\lib\promise.js:3067:27)
    at asyncRun (D:\project\A365e2e\node_modules\selenium-webdriver\lib\promise.js:2927:27)
    at D:\project\A365e2e\node_modules\selenium-webdriver\lib\promise.js:668:7
    at process._tickCallback (internal/process/next_tick.js:68:7)
From: Task: <anonymous>
    at pollCondition (D:\project\A365e2e\node_modules\selenium-webdriver\lib\promise.js:2195:19)
    at D:\project\A365e2e\node_modules\selenium-webdriver\lib\promise.js:2191:7
    at new ManagedPromise (D:\project\A365e2e\node_modules\selenium-webdriver\lib\promise.js:1077:7)
    at ControlFlow.promise (D:\project\A365e2e\node_modules\selenium-webdriver\lib\promise.js:2505:12)
    at D:\project\A365e2e\node_modules\selenium-webdriver\lib\promise.js:2190:22
    at TaskQueue.execute_ (D:\project\A365e2e\node_modules\selenium-webdriver\lib\promise.js:3084:14)
    at TaskQueue.executeNext_ (D:\project\A365e2e\node_modules\selenium-webdriver\lib\promise.js:3067:27)
    at asyncRun (D:\project\A365e2e\node_modules\selenium-webdriver\lib\promise.js:2974:25)
    at D:\project\A365e2e\node_modules\selenium-webdriver\lib\promise.js:668:7
    at process._tickCallback (internal/process/next_tick.js:68:7)
From: Task: Element not present.
By(xpath, //div[@class='editing-canvas']/app-authoring-tab/div[2]//button[@aria-label = 'Add a notebook cell'])
    at scheduleWait (D:\project\A365e2e\node_modules\selenium-webdriver\lib\promise.js:2188:20)
    at ControlFlow.wait (D:\project\A365e2e\node_modules\selenium-webdriver\lib\promise.js:2517:12)
    at thenableWebDriverProxy.wait (D:\project\A365e2e\node_modules\selenium-webdriver\lib\webdriver.js:934:29)
    at run (D:\project\A365e2e\node_modules\protractor\built\browser.js:59:33)
    at ProtractorBrowser.to.(anonymous function) [as wait] (D:\project\A365e2e\node_modules\protractor\built\browser.js:67:16)
    at Function.<anonymous> (D:\project\A365e2e\e2e\Share\helper.ts:170:23)
    at step (D:\project\A365e2e\e2e\Share\helper.ts:32:23)
    at Object.next (D:\project\A365e2e\e2e\Share\helper.ts:13:53)
    at D:\project\A365e2e\e2e\Share\helper.ts:7:71
    at new Promise (<anonymous>)
From: Task: Run it("Add Code Cell") in control flow
    at UserContext.<anonymous> (D:\project\A365e2e\node_modules\jasminewd2\index.js:94:19)
    at attempt (D:\project\A365e2e\node_modules\jasmine-core\lib\jasmine-core\jasmine.js:4297:26)
    at QueueRunner.run (D:\project\A365e2e\node_modules\jasmine-core\lib\jasmine-core\jasmine.js:4217:20)
    at QueueRunner.execute (D:\project\A365e2e\node_modules\jasmine-core\lib\jasmine-core\jasmine.js:4199:10)
    at Spec.queueRunnerFactory (D:\project\A365e2e\node_modules\jasmine-core\lib\jasmine-core\jasmine.js:909:35)
    at Spec.execute (D:\project\A365e2e\node_modules\jasmine-core\lib\jasmine-core\jasmine.js:526:10)
    at UserContext.fn (D:\project\A365e2e\node_modules\jasmine-core\lib\jasmine-core\jasmine.js:5340:37)
    at attempt (D:\project\A365e2e\node_modules\jasmine-core\lib\jasmine-core\jasmine.js:4297:26)
    at QueueRunner.run (D:\project\A365e2e\node_modules\jasmine-core\lib\jasmine-core\jasmine.js:4217:20)
    at runNext (D:\project\A365e2e\node_modules\jasmine-core\lib\jasmine-core\jasmine.js:4257:20)
From asynchronous test: 
Error: 
    at Suite.<anonymous> (D:\project\A365e2e\e2e\Notebook\notebook.spec.ts:45:5)
    at addSpecsToSuite (D:\project\A365e2e\node_modules\jasmine-core\lib\jasmine-core\jasmine.js:1107:25)
    at Env.describe (D:\project\A365e2e\node_modules\jasmine-core\lib\jasmine-core\jasmine.js:1074:7)
    at describe (D:\project\A365e2e\node_modules\jasmine-core\lib\jasmine-core\jasmine.js:4399:18)
    at Object.<anonymous> (D:\project\A365e2e\e2e\Notebook\notebook.spec.ts:8:1)
    at Module._compile (internal/modules/cjs/loader.js:701:30)
    at Module.m._compile (D:\project\A365e2e\node_modules\ts-node\src\index.ts:473:23)
    at Module._extensions..js (internal/modules/cjs/loader.js:712:10)
    at Object.require.extensions.(anonymous function) [as .ts] (D:\project\A365e2e\node_modules\ts-node\src\index.ts:476:12)]]>
   </failure>
  </testcase>
  <testcase classname="notebook test" name="Add Markdown Cell" time="0.031">
   <failure type="exception" message="WebDriverError: An unknown error occurred while processing the specified command.
Build info: version: &apos;3.8.0&apos;, revision: &apos;924c4067df&apos;, time: &apos;2017-11-30T11:37:19.049Z&apos;
System info: host: &apos;MININT-GV7N9KS&apos;, ip: &apos;10.172.92.49&apos;, os.name: &apos;Windows 10&apos;, os.arch: &apos;amd64&apos;, os.version: &apos;10.0&apos;, java.version: &apos;12.0.1&apos;
Driver info: driver.version: unknown"><![CDATA[WebDriverError: An unknown error occurred while processing the specified command.
Build info: version: '3.8.0', revision: '924c4067df', time: '2017-11-30T11:37:19.049Z'
System info: host: 'MININT-GV7N9KS', ip: '10.172.92.49', os.name: 'Windows 10', os.arch: 'amd64', os.version: '10.0', java.version: '12.0.1'
Driver info: driver.version: unknown
    at Object.checkLegacyResponse (D:\project\A365e2e\node_modules\selenium-webdriver\lib\error.js:546:15)
    at parseHttpResponse (D:\project\A365e2e\node_modules\selenium-webdriver\lib\http.js:509:13)
    at doSend.then.response (D:\project\A365e2e\node_modules\selenium-webdriver\lib\http.js:441:30)
    at process._tickCallback (internal/process/next_tick.js:68:7)
From: Task: WebDriver.findElements(By(css selector, *[id="i0116"]))
    at thenableWebDriverProxy.schedule (D:\project\A365e2e\node_modules\selenium-webdriver\lib\webdriver.js:807:17)
    at thenableWebDriverProxy.findElements (D:\project\A365e2e\node_modules\selenium-webdriver\lib\webdriver.js:1048:19)
    at ptor.waitForAngular.then (D:\project\A365e2e\node_modules\protractor\built\element.js:159:44)
    at ManagedPromise.invokeCallback_ (D:\project\A365e2e\node_modules\selenium-webdriver\lib\promise.js:1376:14)
    at TaskQueue.execute_ (D:\project\A365e2e\node_modules\selenium-webdriver\lib\promise.js:3084:14)
    at TaskQueue.executeNext_ (D:\project\A365e2e\node_modules\selenium-webdriver\lib\promise.js:3067:27)
    at asyncRun (D:\project\A365e2e\node_modules\selenium-webdriver\lib\promise.js:2927:27)
    at D:\project\A365e2e\node_modules\selenium-webdriver\lib\promise.js:668:7
From: Task: <anonymous>
    at Timeout.pollCondition [as _onTimeout] (D:\project\A365e2e\node_modules\selenium-webdriver\lib\promise.js:2195:19)
    at ontimeout (timers.js:436:11)
    at tryOnTimeout (timers.js:300:5)
    at listOnTimeout (timers.js:263:5)
    at Timer.processTimers (timers.js:223:10)
From: Task: <anonymous wait>
    at scheduleWait (D:\project\A365e2e\node_modules\selenium-webdriver\lib\promise.js:2188:20)
    at ControlFlow.wait (D:\project\A365e2e\node_modules\selenium-webdriver\lib\promise.js:2517:12)
    at thenableWebDriverProxy.wait (D:\project\A365e2e\node_modules\selenium-webdriver\lib\webdriver.js:934:29)
    at onPrepare (D:\project\A365e2e\protractor.edge.conf.js:69:20)
    at q_1.Promise (D:\project\A365e2e\node_modules\protractor\built\util.js:46:49)
    at Function.promise (D:\project\A365e2e\node_modules\protractor\node_modules\q\q.js:682:9)
    at Object.runFilenameOrFn_ (D:\project\A365e2e\node_modules\protractor\built\util.js:38:16)
    at plugins_.onPrepare.then (D:\project\A365e2e\node_modules\protractor\built\runner.js:98:27)
    at _fulfilled (D:\project\A365e2e\node_modules\protractor\node_modules\q\q.js:834:54)
    at D:\project\A365e2e\node_modules\protractor\node_modules\q\q.js:863:30]]>
   </failure>
   <failure type="exception" message="Failed: The specified session ID does not exist or is no longer active.
Build info: version: &apos;3.8.0&apos;, revision: &apos;924c4067df&apos;, time: &apos;2017-11-30T11:37:19.049Z&apos;
System info: host: &apos;MININT-GV7N9KS&apos;, ip: &apos;10.172.92.49&apos;, os.name: &apos;Windows 10&apos;, os.arch: &apos;amd64&apos;, os.version: &apos;10.0&apos;, java.version: &apos;12.0.1&apos;
Driver info: driver.version: unknown"><![CDATA[WebDriverError: The specified session ID does not exist or is no longer active.
Build info: version: '3.8.0', revision: '924c4067df', time: '2017-11-30T11:37:19.049Z'
System info: host: 'MININT-GV7N9KS', ip: '10.172.92.49', os.name: 'Windows 10', os.arch: 'amd64', os.version: '10.0', java.version: '12.0.1'
Driver info: driver.version: unknown
    at Object.checkLegacyResponse (D:\project\A365e2e\node_modules\selenium-webdriver\lib\error.js:546:15)
    at parseHttpResponse (D:\project\A365e2e\node_modules\selenium-webdriver\lib\http.js:509:13)
    at doSend.then.response (D:\project\A365e2e\node_modules\selenium-webdriver\lib\http.js:441:30)
    at process._tickCallback (internal/process/next_tick.js:68:7)
From: Task: WebDriver.findElements(By(xpath, //div[@class='editing-canvas']/app-authoring-tab/div[2]//button[@aria-label = 'Add a notebook cell']))
    at thenableWebDriverProxy.schedule (D:\project\A365e2e\node_modules\selenium-webdriver\lib\webdriver.js:807:17)
    at thenableWebDriverProxy.findElements (D:\project\A365e2e\node_modules\selenium-webdriver\lib\webdriver.js:1048:19)
    at ptor.waitForAngular.then (D:\project\A365e2e\node_modules\protractor\built\element.js:159:44)
    at ManagedPromise.invokeCallback_ (D:\project\A365e2e\node_modules\selenium-webdriver\lib\promise.js:1376:14)
    at TaskQueue.execute_ (D:\project\A365e2e\node_modules\selenium-webdriver\lib\promise.js:3084:14)
    at TaskQueue.executeNext_ (D:\project\A365e2e\node_modules\selenium-webdriver\lib\promise.js:3067:27)
    at asyncRun (D:\project\A365e2e\node_modules\selenium-webdriver\lib\promise.js:2927:27)
    at D:\project\A365e2e\node_modules\selenium-webdriver\lib\promise.js:668:7
    at process._tickCallback (internal/process/next_tick.js:68:7)
From: Task: <anonymous>
    at pollCondition (D:\project\A365e2e\node_modules\selenium-webdriver\lib\promise.js:2195:19)
    at D:\project\A365e2e\node_modules\selenium-webdriver\lib\promise.js:2191:7
    at new ManagedPromise (D:\project\A365e2e\node_modules\selenium-webdriver\lib\promise.js:1077:7)
    at ControlFlow.promise (D:\project\A365e2e\node_modules\selenium-webdriver\lib\promise.js:2505:12)
    at D:\project\A365e2e\node_modules\selenium-webdriver\lib\promise.js:2190:22
    at TaskQueue.execute_ (D:\project\A365e2e\node_modules\selenium-webdriver\lib\promise.js:3084:14)
    at TaskQueue.executeNext_ (D:\project\A365e2e\node_modules\selenium-webdriver\lib\promise.js:3067:27)
    at asyncRun (D:\project\A365e2e\node_modules\selenium-webdriver\lib\promise.js:2974:25)
    at D:\project\A365e2e\node_modules\selenium-webdriver\lib\promise.js:668:7
    at process._tickCallback (internal/process/next_tick.js:68:7)
From: Task: Element not present.
By(xpath, //div[@class='editing-canvas']/app-authoring-tab/div[2]//button[@aria-label = 'Add a notebook cell'])
    at scheduleWait (D:\project\A365e2e\node_modules\selenium-webdriver\lib\promise.js:2188:20)
    at ControlFlow.wait (D:\project\A365e2e\node_modules\selenium-webdriver\lib\promise.js:2517:12)
    at thenableWebDriverProxy.wait (D:\project\A365e2e\node_modules\selenium-webdriver\lib\webdriver.js:934:29)
    at run (D:\project\A365e2e\node_modules\protractor\built\browser.js:59:33)
    at ProtractorBrowser.to.(anonymous function) [as wait] (D:\project\A365e2e\node_modules\protractor\built\browser.js:67:16)
    at Function.<anonymous> (D:\project\A365e2e\e2e\Share\helper.ts:170:23)
    at step (D:\project\A365e2e\e2e\Share\helper.ts:32:23)
    at Object.next (D:\project\A365e2e\e2e\Share\helper.ts:13:53)
    at D:\project\A365e2e\e2e\Share\helper.ts:7:71
    at new Promise (<anonymous>)
From: Task: Run it("Add Markdown Cell") in control flow
    at UserContext.<anonymous> (D:\project\A365e2e\node_modules\jasminewd2\index.js:94:19)
    at attempt (D:\project\A365e2e\node_modules\jasmine-core\lib\jasmine-core\jasmine.js:4297:26)
    at QueueRunner.run (D:\project\A365e2e\node_modules\jasmine-core\lib\jasmine-core\jasmine.js:4217:20)
    at QueueRunner.execute (D:\project\A365e2e\node_modules\jasmine-core\lib\jasmine-core\jasmine.js:4199:10)
    at Spec.queueRunnerFactory (D:\project\A365e2e\node_modules\jasmine-core\lib\jasmine-core\jasmine.js:909:35)
    at Spec.execute (D:\project\A365e2e\node_modules\jasmine-core\lib\jasmine-core\jasmine.js:526:10)
    at UserContext.fn (D:\project\A365e2e\node_modules\jasmine-core\lib\jasmine-core\jasmine.js:5340:37)
    at attempt (D:\project\A365e2e\node_modules\jasmine-core\lib\jasmine-core\jasmine.js:4297:26)
    at QueueRunner.run (D:\project\A365e2e\node_modules\jasmine-core\lib\jasmine-core\jasmine.js:4217:20)
    at runNext (D:\project\A365e2e\node_modules\jasmine-core\lib\jasmine-core\jasmine.js:4257:20)
From asynchronous test: 
Error: 
    at Suite.<anonymous> (D:\project\A365e2e\e2e\Notebook\notebook.spec.ts:51:5)
    at addSpecsToSuite (D:\project\A365e2e\node_modules\jasmine-core\lib\jasmine-core\jasmine.js:1107:25)
    at Env.describe (D:\project\A365e2e\node_modules\jasmine-core\lib\jasmine-core\jasmine.js:1074:7)
    at describe (D:\project\A365e2e\node_modules\jasmine-core\lib\jasmine-core\jasmine.js:4399:18)
    at Object.<anonymous> (D:\project\A365e2e\e2e\Notebook\notebook.spec.ts:8:1)
    at Module._compile (internal/modules/cjs/loader.js:701:30)
    at Module.m._compile (D:\project\A365e2e\node_modules\ts-node\src\index.ts:473:23)
    at Module._extensions..js (internal/modules/cjs/loader.js:712:10)
    at Object.require.extensions.(anonymous function) [as .ts] (D:\project\A365e2e\node_modules\ts-node\src\index.ts:476:12)]]>
   </failure>
  </testcase>
  <testcase classname="notebook test" name="Save Current Notebook" time="0.064">
   <failure type="exception" message="WebDriverError: An unknown error occurred while processing the specified command.
Build info: version: &apos;3.8.0&apos;, revision: &apos;924c4067df&apos;, time: &apos;2017-11-30T11:37:19.049Z&apos;
System info: host: &apos;MININT-GV7N9KS&apos;, ip: &apos;10.172.92.49&apos;, os.name: &apos;Windows 10&apos;, os.arch: &apos;amd64&apos;, os.version: &apos;10.0&apos;, java.version: &apos;12.0.1&apos;
Driver info: driver.version: unknown"><![CDATA[WebDriverError: An unknown error occurred while processing the specified command.
Build info: version: '3.8.0', revision: '924c4067df', time: '2017-11-30T11:37:19.049Z'
System info: host: 'MININT-GV7N9KS', ip: '10.172.92.49', os.name: 'Windows 10', os.arch: 'amd64', os.version: '10.0', java.version: '12.0.1'
Driver info: driver.version: unknown
    at Object.checkLegacyResponse (D:\project\A365e2e\node_modules\selenium-webdriver\lib\error.js:546:15)
    at parseHttpResponse (D:\project\A365e2e\node_modules\selenium-webdriver\lib\http.js:509:13)
    at doSend.then.response (D:\project\A365e2e\node_modules\selenium-webdriver\lib\http.js:441:30)
    at process._tickCallback (internal/process/next_tick.js:68:7)
From: Task: WebDriver.findElements(By(css selector, *[id="i0116"]))
    at thenableWebDriverProxy.schedule (D:\project\A365e2e\node_modules\selenium-webdriver\lib\webdriver.js:807:17)
    at thenableWebDriverProxy.findElements (D:\project\A365e2e\node_modules\selenium-webdriver\lib\webdriver.js:1048:19)
    at ptor.waitForAngular.then (D:\project\A365e2e\node_modules\protractor\built\element.js:159:44)
    at ManagedPromise.invokeCallback_ (D:\project\A365e2e\node_modules\selenium-webdriver\lib\promise.js:1376:14)
    at TaskQueue.execute_ (D:\project\A365e2e\node_modules\selenium-webdriver\lib\promise.js:3084:14)
    at TaskQueue.executeNext_ (D:\project\A365e2e\node_modules\selenium-webdriver\lib\promise.js:3067:27)
    at asyncRun (D:\project\A365e2e\node_modules\selenium-webdriver\lib\promise.js:2927:27)
    at D:\project\A365e2e\node_modules\selenium-webdriver\lib\promise.js:668:7
From: Task: <anonymous>
    at Timeout.pollCondition [as _onTimeout] (D:\project\A365e2e\node_modules\selenium-webdriver\lib\promise.js:2195:19)
    at ontimeout (timers.js:436:11)
    at tryOnTimeout (timers.js:300:5)
    at listOnTimeout (timers.js:263:5)
    at Timer.processTimers (timers.js:223:10)
From: Task: <anonymous wait>
    at scheduleWait (D:\project\A365e2e\node_modules\selenium-webdriver\lib\promise.js:2188:20)
    at ControlFlow.wait (D:\project\A365e2e\node_modules\selenium-webdriver\lib\promise.js:2517:12)
    at thenableWebDriverProxy.wait (D:\project\A365e2e\node_modules\selenium-webdriver\lib\webdriver.js:934:29)
    at onPrepare (D:\project\A365e2e\protractor.edge.conf.js:69:20)
    at q_1.Promise (D:\project\A365e2e\node_modules\protractor\built\util.js:46:49)
    at Function.promise (D:\project\A365e2e\node_modules\protractor\node_modules\q\q.js:682:9)
    at Object.runFilenameOrFn_ (D:\project\A365e2e\node_modules\protractor\built\util.js:38:16)
    at plugins_.onPrepare.then (D:\project\A365e2e\node_modules\protractor\built\runner.js:98:27)
    at _fulfilled (D:\project\A365e2e\node_modules\protractor\node_modules\q\q.js:834:54)
    at D:\project\A365e2e\node_modules\protractor\node_modules\q\q.js:863:30]]>
   </failure>
   <failure type="exception" message="WebDriverError: The specified session ID does not exist or is no longer active.
Build info: version: &apos;3.8.0&apos;, revision: &apos;924c4067df&apos;, time: &apos;2017-11-30T11:37:19.049Z&apos;
System info: host: &apos;MININT-GV7N9KS&apos;, ip: &apos;10.172.92.49&apos;, os.name: &apos;Windows 10&apos;, os.arch: &apos;amd64&apos;, os.version: &apos;10.0&apos;, java.version: &apos;12.0.1&apos;
Driver info: driver.version: unknown"><![CDATA[WebDriverError: The specified session ID does not exist or is no longer active.
Build info: version: '3.8.0', revision: '924c4067df', time: '2017-11-30T11:37:19.049Z'
System info: host: 'MININT-GV7N9KS', ip: '10.172.92.49', os.name: 'Windows 10', os.arch: 'amd64', os.version: '10.0', java.version: '12.0.1'
Driver info: driver.version: unknown
    at Object.checkLegacyResponse (D:\project\A365e2e\node_modules\selenium-webdriver\lib\error.js:546:15)
    at parseHttpResponse (D:\project\A365e2e\node_modules\selenium-webdriver\lib\http.js:509:13)
    at doSend.then.response (D:\project\A365e2e\node_modules\selenium-webdriver\lib\http.js:441:30)
    at process._tickCallback (internal/process/next_tick.js:68:7)
From: Task: WebDriver.findElements(By(xpath, //div[starts-with(@class,'Notebook_notebookCellList')]//div[@tabindex='-1']/div/div[starts-with(@class,'Cell_cellMarkdownEditor')]/div/div))
    at thenableWebDriverProxy.schedule (D:\project\A365e2e\node_modules\selenium-webdriver\lib\webdriver.js:807:17)
    at thenableWebDriverProxy.findElements (D:\project\A365e2e\node_modules\selenium-webdriver\lib\webdriver.js:1048:19)
    at ptor.waitForAngular.then (D:\project\A365e2e\node_modules\protractor\built\element.js:159:44)
    at ManagedPromise.invokeCallback_ (D:\project\A365e2e\node_modules\selenium-webdriver\lib\promise.js:1376:14)
    at TaskQueue.execute_ (D:\project\A365e2e\node_modules\selenium-webdriver\lib\promise.js:3084:14)
    at TaskQueue.executeNext_ (D:\project\A365e2e\node_modules\selenium-webdriver\lib\promise.js:3067:27)
    at asyncRun (D:\project\A365e2e\node_modules\selenium-webdriver\lib\promise.js:2927:27)
    at D:\project\A365e2e\node_modules\selenium-webdriver\lib\promise.js:668:7
    at process._tickCallback (internal/process/next_tick.js:68:7)Error: 
    at ElementArrayFinder.applyAction_ (D:\project\A365e2e\node_modules\protractor\built\element.js:459:27)
    at ElementArrayFinder.(anonymous function).args [as getId] (D:\project\A365e2e\node_modules\protractor\built\element.js:91:29)
    at ElementFinder.(anonymous function).args [as getId] (D:\project\A365e2e\node_modules\protractor\built\element.js:831:22)
    at ActionSequence.mouseMove (D:\project\A365e2e\node_modules\selenium-webdriver\lib\actions.js:151:44)
    at ActionSequence.scheduleMouseAction_ (D:\project\A365e2e\node_modules\selenium-webdriver\lib\actions.js:189:14)
    at ActionSequence.click (D:\project\A365e2e\node_modules\selenium-webdriver\lib\actions.js:288:17)
    at NoteBook.<anonymous> (D:\project\A365e2e\e2e\Notebook\notebook.po.ts:57:33)
    at step (D:\project\A365e2e\e2e\Notebook\notebook.po.ts:32:23)
    at Object.next (D:\project\A365e2e\e2e\Notebook\notebook.po.ts:13:53)
    at fulfilled (D:\project\A365e2e\e2e\Notebook\notebook.po.ts:4:58)]]>
   </failure>
  </testcase>
  <testcase classname="notebook test" name="Rename Notebook" time="0.002">
   <skipped message="Temporarily disabled with xit" />
  </testcase>
  <testcase classname="notebook test" name="Import Notebook from local" time="0.054">
   <failure type="exception" message="WebDriverError: An unknown error occurred while processing the specified command.
Build info: version: &apos;3.8.0&apos;, revision: &apos;924c4067df&apos;, time: &apos;2017-11-30T11:37:19.049Z&apos;
System info: host: &apos;MININT-GV7N9KS&apos;, ip: &apos;10.172.92.49&apos;, os.name: &apos;Windows 10&apos;, os.arch: &apos;amd64&apos;, os.version: &apos;10.0&apos;, java.version: &apos;12.0.1&apos;
Driver info: driver.version: unknown"><![CDATA[WebDriverError: An unknown error occurred while processing the specified command.
Build info: version: '3.8.0', revision: '924c4067df', time: '2017-11-30T11:37:19.049Z'
System info: host: 'MININT-GV7N9KS', ip: '10.172.92.49', os.name: 'Windows 10', os.arch: 'amd64', os.version: '10.0', java.version: '12.0.1'
Driver info: driver.version: unknown
    at Object.checkLegacyResponse (D:\project\A365e2e\node_modules\selenium-webdriver\lib\error.js:546:15)
    at parseHttpResponse (D:\project\A365e2e\node_modules\selenium-webdriver\lib\http.js:509:13)
    at doSend.then.response (D:\project\A365e2e\node_modules\selenium-webdriver\lib\http.js:441:30)
    at process._tickCallback (internal/process/next_tick.js:68:7)
From: Task: WebDriver.findElements(By(css selector, *[id="i0116"]))
    at thenableWebDriverProxy.schedule (D:\project\A365e2e\node_modules\selenium-webdriver\lib\webdriver.js:807:17)
    at thenableWebDriverProxy.findElements (D:\project\A365e2e\node_modules\selenium-webdriver\lib\webdriver.js:1048:19)
    at ptor.waitForAngular.then (D:\project\A365e2e\node_modules\protractor\built\element.js:159:44)
    at ManagedPromise.invokeCallback_ (D:\project\A365e2e\node_modules\selenium-webdriver\lib\promise.js:1376:14)
    at TaskQueue.execute_ (D:\project\A365e2e\node_modules\selenium-webdriver\lib\promise.js:3084:14)
    at TaskQueue.executeNext_ (D:\project\A365e2e\node_modules\selenium-webdriver\lib\promise.js:3067:27)
    at asyncRun (D:\project\A365e2e\node_modules\selenium-webdriver\lib\promise.js:2927:27)
    at D:\project\A365e2e\node_modules\selenium-webdriver\lib\promise.js:668:7
From: Task: <anonymous>
    at Timeout.pollCondition [as _onTimeout] (D:\project\A365e2e\node_modules\selenium-webdriver\lib\promise.js:2195:19)
    at ontimeout (timers.js:436:11)
    at tryOnTimeout (timers.js:300:5)
    at listOnTimeout (timers.js:263:5)
    at Timer.processTimers (timers.js:223:10)
From: Task: <anonymous wait>
    at scheduleWait (D:\project\A365e2e\node_modules\selenium-webdriver\lib\promise.js:2188:20)
    at ControlFlow.wait (D:\project\A365e2e\node_modules\selenium-webdriver\lib\promise.js:2517:12)
    at thenableWebDriverProxy.wait (D:\project\A365e2e\node_modules\selenium-webdriver\lib\webdriver.js:934:29)
    at onPrepare (D:\project\A365e2e\protractor.edge.conf.js:69:20)
    at q_1.Promise (D:\project\A365e2e\node_modules\protractor\built\util.js:46:49)
    at Function.promise (D:\project\A365e2e\node_modules\protractor\node_modules\q\q.js:682:9)
    at Object.runFilenameOrFn_ (D:\project\A365e2e\node_modules\protractor\built\util.js:38:16)
    at plugins_.onPrepare.then (D:\project\A365e2e\node_modules\protractor\built\runner.js:98:27)
    at _fulfilled (D:\project\A365e2e\node_modules\protractor\node_modules\q\q.js:834:54)
    at D:\project\A365e2e\node_modules\protractor\node_modules\q\q.js:863:30]]>
   </failure>
   <failure type="exception" message="Failed: The specified session ID does not exist or is no longer active.
Build info: version: &apos;3.8.0&apos;, revision: &apos;924c4067df&apos;, time: &apos;2017-11-30T11:37:19.049Z&apos;
System info: host: &apos;MININT-GV7N9KS&apos;, ip: &apos;10.172.92.49&apos;, os.name: &apos;Windows 10&apos;, os.arch: &apos;amd64&apos;, os.version: &apos;10.0&apos;, java.version: &apos;12.0.1&apos;
Driver info: driver.version: unknown"><![CDATA[WebDriverError: The specified session ID does not exist or is no longer active.
Build info: version: '3.8.0', revision: '924c4067df', time: '2017-11-30T11:37:19.049Z'
System info: host: 'MININT-GV7N9KS', ip: '10.172.92.49', os.name: 'Windows 10', os.arch: 'amd64', os.version: '10.0', java.version: '12.0.1'
Driver info: driver.version: unknown
    at Object.checkLegacyResponse (D:\project\A365e2e\node_modules\selenium-webdriver\lib\error.js:546:15)
    at parseHttpResponse (D:\project\A365e2e\node_modules\selenium-webdriver\lib\http.js:509:13)
    at doSend.then.response (D:\project\A365e2e\node_modules\selenium-webdriver\lib\http.js:441:30)
    at process._tickCallback (internal/process/next_tick.js:68:7)
From: Task: WebDriver.findElements(By(xpath, //div[@class='tab active'][@title='yyangNbook1']/div[@aria-label='Close']))
    at thenableWebDriverProxy.schedule (D:\project\A365e2e\node_modules\selenium-webdriver\lib\webdriver.js:807:17)
    at thenableWebDriverProxy.findElements (D:\project\A365e2e\node_modules\selenium-webdriver\lib\webdriver.js:1048:19)
    at ptor.waitForAngular.then (D:\project\A365e2e\node_modules\protractor\built\element.js:159:44)
    at ManagedPromise.invokeCallback_ (D:\project\A365e2e\node_modules\selenium-webdriver\lib\promise.js:1376:14)
    at TaskQueue.execute_ (D:\project\A365e2e\node_modules\selenium-webdriver\lib\promise.js:3084:14)
    at TaskQueue.executeNext_ (D:\project\A365e2e\node_modules\selenium-webdriver\lib\promise.js:3067:27)
    at asyncRun (D:\project\A365e2e\node_modules\selenium-webdriver\lib\promise.js:2927:27)
    at D:\project\A365e2e\node_modules\selenium-webdriver\lib\promise.js:668:7
    at process._tickCallback (internal/process/next_tick.js:68:7)
From: Task: <anonymous>
    at pollCondition (D:\project\A365e2e\node_modules\selenium-webdriver\lib\promise.js:2195:19)
    at D:\project\A365e2e\node_modules\selenium-webdriver\lib\promise.js:2191:7
    at new ManagedPromise (D:\project\A365e2e\node_modules\selenium-webdriver\lib\promise.js:1077:7)
    at ControlFlow.promise (D:\project\A365e2e\node_modules\selenium-webdriver\lib\promise.js:2505:12)
    at D:\project\A365e2e\node_modules\selenium-webdriver\lib\promise.js:2190:22
    at TaskQueue.execute_ (D:\project\A365e2e\node_modules\selenium-webdriver\lib\promise.js:3084:14)
    at TaskQueue.executeNext_ (D:\project\A365e2e\node_modules\selenium-webdriver\lib\promise.js:3067:27)
    at asyncRun (D:\project\A365e2e\node_modules\selenium-webdriver\lib\promise.js:2974:25)
    at D:\project\A365e2e\node_modules\selenium-webdriver\lib\promise.js:668:7
    at process._tickCallback (internal/process/next_tick.js:68:7)
From: Task: Element not present.
By(xpath, //div[@class='tab active'][@title='yyangNbook1']/div[@aria-label='Close'])
    at scheduleWait (D:\project\A365e2e\node_modules\selenium-webdriver\lib\promise.js:2188:20)
    at ControlFlow.wait (D:\project\A365e2e\node_modules\selenium-webdriver\lib\promise.js:2517:12)
    at thenableWebDriverProxy.wait (D:\project\A365e2e\node_modules\selenium-webdriver\lib\webdriver.js:934:29)
    at run (D:\project\A365e2e\node_modules\protractor\built\browser.js:59:33)
    at ProtractorBrowser.to.(anonymous function) [as wait] (D:\project\A365e2e\node_modules\protractor\built\browser.js:67:16)
    at Function.<anonymous> (D:\project\A365e2e\e2e\Share\helper.ts:170:23)
    at step (D:\project\A365e2e\e2e\Share\helper.ts:32:23)
    at Object.next (D:\project\A365e2e\e2e\Share\helper.ts:13:53)
    at D:\project\A365e2e\e2e\Share\helper.ts:7:71
    at new Promise (<anonymous>)
From: Task: Run it("Import Notebook from local") in control flow
    at UserContext.<anonymous> (D:\project\A365e2e\node_modules\jasminewd2\index.js:94:19)
    at attempt (D:\project\A365e2e\node_modules\jasmine-core\lib\jasmine-core\jasmine.js:4297:26)
    at QueueRunner.run (D:\project\A365e2e\node_modules\jasmine-core\lib\jasmine-core\jasmine.js:4217:20)
    at QueueRunner.execute (D:\project\A365e2e\node_modules\jasmine-core\lib\jasmine-core\jasmine.js:4199:10)
    at Spec.queueRunnerFactory (D:\project\A365e2e\node_modules\jasmine-core\lib\jasmine-core\jasmine.js:909:35)
    at Spec.execute (D:\project\A365e2e\node_modules\jasmine-core\lib\jasmine-core\jasmine.js:526:10)
    at UserContext.fn (D:\project\A365e2e\node_modules\jasmine-core\lib\jasmine-core\jasmine.js:5340:37)
    at attempt (D:\project\A365e2e\node_modules\jasmine-core\lib\jasmine-core\jasmine.js:4297:26)
    at QueueRunner.run (D:\project\A365e2e\node_modules\jasmine-core\lib\jasmine-core\jasmine.js:4217:20)
    at runNext (D:\project\A365e2e\node_modules\jasmine-core\lib\jasmine-core\jasmine.js:4257:20)
From asynchronous test: 
Error: 
    at Suite.<anonymous> (D:\project\A365e2e\e2e\Notebook\notebook.spec.ts:77:5)
    at addSpecsToSuite (D:\project\A365e2e\node_modules\jasmine-core\lib\jasmine-core\jasmine.js:1107:25)
    at Env.describe (D:\project\A365e2e\node_modules\jasmine-core\lib\jasmine-core\jasmine.js:1074:7)
    at describe (D:\project\A365e2e\node_modules\jasmine-core\lib\jasmine-core\jasmine.js:4399:18)
    at Object.<anonymous> (D:\project\A365e2e\e2e\Notebook\notebook.spec.ts:8:1)
    at Module._compile (internal/modules/cjs/loader.js:701:30)
    at Module.m._compile (D:\project\A365e2e\node_modules\ts-node\src\index.ts:473:23)
    at Module._extensions..js (internal/modules/cjs/loader.js:712:10)
    at Object.require.extensions.(anonymous function) [as .ts] (D:\project\A365e2e\node_modules\ts-node\src\index.ts:476:12)]]>
   </failure>
  </testcase>
 </testsuite>
 <testsuite name="workspace setting" timestamp="2019-07-17T19:42:53" hostname="localhost" time="0.039" errors="0" tests="1" skipped="0" disabled="0" failures="1">
  <testcase classname="workspace setting" name="Select Arcadia Instance" time="0.038">
   <failure type="exception" message="Failed: The specified session ID does not exist or is no longer active.
Build info: version: &apos;3.8.0&apos;, revision: &apos;924c4067df&apos;, time: &apos;2017-11-30T11:37:19.049Z&apos;
System info: host: &apos;MININT-GV7N9KS&apos;, ip: &apos;10.172.92.49&apos;, os.name: &apos;Windows 10&apos;, os.arch: &apos;amd64&apos;, os.version: &apos;10.0&apos;, java.version: &apos;12.0.1&apos;
Driver info: driver.version: unknown"><![CDATA[WebDriverError: The specified session ID does not exist or is no longer active.
Build info: version: '3.8.0', revision: '924c4067df', time: '2017-11-30T11:37:19.049Z'
System info: host: 'MININT-GV7N9KS', ip: '10.172.92.49', os.name: 'Windows 10', os.arch: 'amd64', os.version: '10.0', java.version: '12.0.1'
Driver info: driver.version: unknown
    at Object.checkLegacyResponse (D:\project\A365e2e\node_modules\selenium-webdriver\lib\error.js:546:15)
    at parseHttpResponse (D:\project\A365e2e\node_modules\selenium-webdriver\lib\http.js:509:13)
    at doSend.then.response (D:\project\A365e2e\node_modules\selenium-webdriver\lib\http.js:441:30)
    at process._tickCallback (internal/process/next_tick.js:68:7)
From: Task: WebDriver.findElements(By(css selector, div[aria-label^='Azure Active Directory Dropdown']))
    at thenableWebDriverProxy.schedule (D:\project\A365e2e\node_modules\selenium-webdriver\lib\webdriver.js:807:17)
    at thenableWebDriverProxy.findElements (D:\project\A365e2e\node_modules\selenium-webdriver\lib\webdriver.js:1048:19)
    at ptor.waitForAngular.then (D:\project\A365e2e\node_modules\protractor\built\element.js:159:44)
    at ManagedPromise.invokeCallback_ (D:\project\A365e2e\node_modules\selenium-webdriver\lib\promise.js:1376:14)
    at TaskQueue.execute_ (D:\project\A365e2e\node_modules\selenium-webdriver\lib\promise.js:3084:14)
    at TaskQueue.executeNext_ (D:\project\A365e2e\node_modules\selenium-webdriver\lib\promise.js:3067:27)
    at asyncRun (D:\project\A365e2e\node_modules\selenium-webdriver\lib\promise.js:2927:27)
    at D:\project\A365e2e\node_modules\selenium-webdriver\lib\promise.js:668:7
    at process._tickCallback (internal/process/next_tick.js:68:7)
From: Task: <anonymous>
    at pollCondition (D:\project\A365e2e\node_modules\selenium-webdriver\lib\promise.js:2195:19)
    at D:\project\A365e2e\node_modules\selenium-webdriver\lib\promise.js:2191:7
    at new ManagedPromise (D:\project\A365e2e\node_modules\selenium-webdriver\lib\promise.js:1077:7)
    at ControlFlow.promise (D:\project\A365e2e\node_modules\selenium-webdriver\lib\promise.js:2505:12)
    at D:\project\A365e2e\node_modules\selenium-webdriver\lib\promise.js:2190:22
    at TaskQueue.execute_ (D:\project\A365e2e\node_modules\selenium-webdriver\lib\promise.js:3084:14)
    at TaskQueue.executeNext_ (D:\project\A365e2e\node_modules\selenium-webdriver\lib\promise.js:3067:27)
    at asyncRun (D:\project\A365e2e\node_modules\selenium-webdriver\lib\promise.js:2974:25)
    at D:\project\A365e2e\node_modules\selenium-webdriver\lib\promise.js:668:7
    at process._tickCallback (internal/process/next_tick.js:68:7)
From: Task: Element not present.
By(css selector, div[aria-label^='Azure Active Directory Dropdown'])
    at scheduleWait (D:\project\A365e2e\node_modules\selenium-webdriver\lib\promise.js:2188:20)
    at ControlFlow.wait (D:\project\A365e2e\node_modules\selenium-webdriver\lib\promise.js:2517:12)
    at thenableWebDriverProxy.wait (D:\project\A365e2e\node_modules\selenium-webdriver\lib\webdriver.js:934:29)
    at run (D:\project\A365e2e\node_modules\protractor\built\browser.js:59:33)
    at ProtractorBrowser.to.(anonymous function) [as wait] (D:\project\A365e2e\node_modules\protractor\built\browser.js:67:16)
    at Function.<anonymous> (D:\project\A365e2e\e2e\Share\helper.ts:170:23)
    at step (D:\project\A365e2e\e2e\Share\helper.ts:32:23)
    at Object.next (D:\project\A365e2e\e2e\Share\helper.ts:13:53)
    at D:\project\A365e2e\e2e\Share\helper.ts:7:71
    at new Promise (<anonymous>)
From: Task: Run it("Select Arcadia Instance") in control flow
    at UserContext.<anonymous> (D:\project\A365e2e\node_modules\jasminewd2\index.js:94:19)
    at attempt (D:\project\A365e2e\node_modules\jasmine-core\lib\jasmine-core\jasmine.js:4297:26)
    at QueueRunner.run (D:\project\A365e2e\node_modules\jasmine-core\lib\jasmine-core\jasmine.js:4217:20)
    at QueueRunner.execute (D:\project\A365e2e\node_modules\jasmine-core\lib\jasmine-core\jasmine.js:4199:10)
    at Spec.queueRunnerFactory (D:\project\A365e2e\node_modules\jasmine-core\lib\jasmine-core\jasmine.js:909:35)
    at Spec.execute (D:\project\A365e2e\node_modules\jasmine-core\lib\jasmine-core\jasmine.js:526:10)
    at UserContext.fn (D:\project\A365e2e\node_modules\jasmine-core\lib\jasmine-core\jasmine.js:5340:37)
    at attempt (D:\project\A365e2e\node_modules\jasmine-core\lib\jasmine-core\jasmine.js:4297:26)
    at QueueRunner.run (D:\project\A365e2e\node_modules\jasmine-core\lib\jasmine-core\jasmine.js:4217:20)
    at QueueRunner.execute (D:\project\A365e2e\node_modules\jasmine-core\lib\jasmine-core\jasmine.js:4199:10)
From asynchronous test: 
Error: 
    at Suite.<anonymous> (D:\project\A365e2e\e2e\SelectArcadiaInstance\selectArcadia.spec.ts:11:5)
    at addSpecsToSuite (D:\project\A365e2e\node_modules\jasmine-core\lib\jasmine-core\jasmine.js:1107:25)
    at Env.describe (D:\project\A365e2e\node_modules\jasmine-core\lib\jasmine-core\jasmine.js:1074:7)
    at describe (D:\project\A365e2e\node_modules\jasmine-core\lib\jasmine-core\jasmine.js:4399:18)
    at Object.<anonymous> (D:\project\A365e2e\e2e\SelectArcadiaInstance\selectArcadia.spec.ts:8:1)
    at Module._compile (internal/modules/cjs/loader.js:701:30)
    at Module.m._compile (D:\project\A365e2e\node_modules\ts-node\src\index.ts:473:23)
    at Module._extensions..js (internal/modules/cjs/loader.js:712:10)
    at Object.require.extensions.(anonymous function) [as .ts] (D:\project\A365e2e\node_modules\ts-node\src\index.ts:476:12)]]>
   </failure>
  </testcase>
 </testsuite>
 <testsuite name="Sql Compute test" timestamp="2019-07-17T19:42:53" hostname="localhost" time="3.259" errors="0" tests="5" skipped="0" disabled="0" failures="10">
  <testcase classname="Sql Compute test" name="get sql-compute-table-columns" time="0.067">
   <failure type="exception" message="Failed: The specified session ID does not exist or is no longer active.
Build info: version: &apos;3.8.0&apos;, revision: &apos;924c4067df&apos;, time: &apos;2017-11-30T11:37:19.049Z&apos;
System info: host: &apos;MININT-GV7N9KS&apos;, ip: &apos;10.172.92.49&apos;, os.name: &apos;Windows 10&apos;, os.arch: &apos;amd64&apos;, os.version: &apos;10.0&apos;, java.version: &apos;12.0.1&apos;
Driver info: driver.version: unknown"><![CDATA[WebDriverError: The specified session ID does not exist or is no longer active.
Build info: version: '3.8.0', revision: '924c4067df', time: '2017-11-30T11:37:19.049Z'
System info: host: 'MININT-GV7N9KS', ip: '10.172.92.49', os.name: 'Windows 10', os.arch: 'amd64', os.version: '10.0', java.version: '12.0.1'
Driver info: driver.version: unknown
    at Object.checkLegacyResponse (D:\project\A365e2e\node_modules\selenium-webdriver\lib\error.js:546:15)
    at parseHttpResponse (D:\project\A365e2e\node_modules\selenium-webdriver\lib\http.js:509:13)
    at doSend.then.response (D:\project\A365e2e\node_modules\selenium-webdriver\lib\http.js:441:30)
    at process._tickCallback (internal/process/next_tick.js:68:7)
From: Task: WebDriver.findElements(By(xpath, //div[@class='menu-bar']//div/div/div[2]))
    at thenableWebDriverProxy.schedule (D:\project\A365e2e\node_modules\selenium-webdriver\lib\webdriver.js:807:17)
    at thenableWebDriverProxy.findElements (D:\project\A365e2e\node_modules\selenium-webdriver\lib\webdriver.js:1048:19)
    at ptor.waitForAngular.then (D:\project\A365e2e\node_modules\protractor\built\element.js:159:44)
    at ManagedPromise.invokeCallback_ (D:\project\A365e2e\node_modules\selenium-webdriver\lib\promise.js:1376:14)
    at TaskQueue.execute_ (D:\project\A365e2e\node_modules\selenium-webdriver\lib\promise.js:3084:14)
    at TaskQueue.executeNext_ (D:\project\A365e2e\node_modules\selenium-webdriver\lib\promise.js:3067:27)
    at asyncRun (D:\project\A365e2e\node_modules\selenium-webdriver\lib\promise.js:2927:27)
    at D:\project\A365e2e\node_modules\selenium-webdriver\lib\promise.js:668:7
From: Task: <anonymous>
    at pollCondition (D:\project\A365e2e\node_modules\selenium-webdriver\lib\promise.js:2195:19)
    at D:\project\A365e2e\node_modules\selenium-webdriver\lib\promise.js:2191:7
    at new ManagedPromise (D:\project\A365e2e\node_modules\selenium-webdriver\lib\promise.js:1077:7)
    at ControlFlow.promise (D:\project\A365e2e\node_modules\selenium-webdriver\lib\promise.js:2505:12)
    at D:\project\A365e2e\node_modules\selenium-webdriver\lib\promise.js:2190:22
    at TaskQueue.execute_ (D:\project\A365e2e\node_modules\selenium-webdriver\lib\promise.js:3084:14)
    at TaskQueue.executeNext_ (D:\project\A365e2e\node_modules\selenium-webdriver\lib\promise.js:3067:27)
    at asyncRun (D:\project\A365e2e\node_modules\selenium-webdriver\lib\promise.js:2974:25)
    at D:\project\A365e2e\node_modules\selenium-webdriver\lib\promise.js:668:7
From: Task: Element not present.
By(xpath, //div[@class='menu-bar']//div/div/div[2])
    at scheduleWait (D:\project\A365e2e\node_modules\selenium-webdriver\lib\promise.js:2188:20)
    at ControlFlow.wait (D:\project\A365e2e\node_modules\selenium-webdriver\lib\promise.js:2517:12)
    at thenableWebDriverProxy.wait (D:\project\A365e2e\node_modules\selenium-webdriver\lib\webdriver.js:934:29)
    at run (D:\project\A365e2e\node_modules\protractor\built\browser.js:59:33)
    at ProtractorBrowser.to.(anonymous function) [as wait] (D:\project\A365e2e\node_modules\protractor\built\browser.js:67:16)
    at Function.<anonymous> (D:\project\A365e2e\e2e\Share\helper.ts:170:23)
    at step (D:\project\A365e2e\e2e\Share\helper.ts:32:23)
    at Object.next (D:\project\A365e2e\e2e\Share\helper.ts:13:53)
    at D:\project\A365e2e\e2e\Share\helper.ts:7:71
    at new Promise (<anonymous>)
From: Task: Run beforeAll in control flow
    at UserContext.<anonymous> (D:\project\A365e2e\node_modules\jasminewd2\index.js:94:19)
    at attempt (D:\project\A365e2e\node_modules\jasmine-core\lib\jasmine-core\jasmine.js:4297:26)
    at QueueRunner.run (D:\project\A365e2e\node_modules\jasmine-core\lib\jasmine-core\jasmine.js:4217:20)
    at QueueRunner.execute (D:\project\A365e2e\node_modules\jasmine-core\lib\jasmine-core\jasmine.js:4199:10)
    at queueRunnerFactory (D:\project\A365e2e\node_modules\jasmine-core\lib\jasmine-core\jasmine.js:909:35)
    at UserContext.fn (D:\project\A365e2e\node_modules\jasmine-core\lib\jasmine-core\jasmine.js:5325:13)
    at attempt (D:\project\A365e2e\node_modules\jasmine-core\lib\jasmine-core\jasmine.js:4297:26)
    at QueueRunner.run (D:\project\A365e2e\node_modules\jasmine-core\lib\jasmine-core\jasmine.js:4217:20)
    at runNext (D:\project\A365e2e\node_modules\jasmine-core\lib\jasmine-core\jasmine.js:4257:20)
    at D:\project\A365e2e\node_modules\jasmine-core\lib\jasmine-core\jasmine.js:4264:13
From asynchronous test: 
Error: 
    at Suite.<anonymous> (D:\project\A365e2e\e2e\SqlCompute\sqlCompute.spec.ts:9:5)
    at addSpecsToSuite (D:\project\A365e2e\node_modules\jasmine-core\lib\jasmine-core\jasmine.js:1107:25)
    at Env.describe (D:\project\A365e2e\node_modules\jasmine-core\lib\jasmine-core\jasmine.js:1074:7)
    at describe (D:\project\A365e2e\node_modules\jasmine-core\lib\jasmine-core\jasmine.js:4399:18)
    at Object.<anonymous> (D:\project\A365e2e\e2e\SqlCompute\sqlCompute.spec.ts:6:1)
    at Module._compile (internal/modules/cjs/loader.js:701:30)
    at Module.m._compile (D:\project\A365e2e\node_modules\ts-node\src\index.ts:473:23)
    at Module._extensions..js (internal/modules/cjs/loader.js:712:10)
    at Object.require.extensions.(anonymous function) [as .ts] (D:\project\A365e2e\node_modules\ts-node\src\index.ts:476:12)]]>
   </failure>
   <failure type="exception" message="Failed: The specified session ID does not exist or is no longer active.
Build info: version: &apos;3.8.0&apos;, revision: &apos;924c4067df&apos;, time: &apos;2017-11-30T11:37:19.049Z&apos;
System info: host: &apos;MININT-GV7N9KS&apos;, ip: &apos;10.172.92.49&apos;, os.name: &apos;Windows 10&apos;, os.arch: &apos;amd64&apos;, os.version: &apos;10.0&apos;, java.version: &apos;12.0.1&apos;
Driver info: driver.version: unknown"><![CDATA[WebDriverError: The specified session ID does not exist or is no longer active.
Build info: version: '3.8.0', revision: '924c4067df', time: '2017-11-30T11:37:19.049Z'
System info: host: 'MININT-GV7N9KS', ip: '10.172.92.49', os.name: 'Windows 10', os.arch: 'amd64', os.version: '10.0', java.version: '12.0.1'
Driver info: driver.version: unknown
    at Object.checkLegacyResponse (D:\project\A365e2e\node_modules\selenium-webdriver\lib\error.js:546:15)
    at parseHttpResponse (D:\project\A365e2e\node_modules\selenium-webdriver\lib\http.js:509:13)
    at doSend.then.response (D:\project\A365e2e\node_modules\selenium-webdriver\lib\http.js:441:30)
    at process._tickCallback (internal/process/next_tick.js:68:7)
From: Task: WebDriver.findElements(By(xpath, //div[@title='Sql Computes']))
    at thenableWebDriverProxy.schedule (D:\project\A365e2e\node_modules\selenium-webdriver\lib\webdriver.js:807:17)
    at thenableWebDriverProxy.findElements (D:\project\A365e2e\node_modules\selenium-webdriver\lib\webdriver.js:1048:19)
    at ptor.waitForAngular.then (D:\project\A365e2e\node_modules\protractor\built\element.js:159:44)
    at ManagedPromise.invokeCallback_ (D:\project\A365e2e\node_modules\selenium-webdriver\lib\promise.js:1376:14)
    at TaskQueue.execute_ (D:\project\A365e2e\node_modules\selenium-webdriver\lib\promise.js:3084:14)
    at TaskQueue.executeNext_ (D:\project\A365e2e\node_modules\selenium-webdriver\lib\promise.js:3067:27)
    at asyncRun (D:\project\A365e2e\node_modules\selenium-webdriver\lib\promise.js:2927:27)
    at D:\project\A365e2e\node_modules\selenium-webdriver\lib\promise.js:668:7
    at process._tickCallback (internal/process/next_tick.js:68:7)
From: Task: <anonymous>
    at pollCondition (D:\project\A365e2e\node_modules\selenium-webdriver\lib\promise.js:2195:19)
    at D:\project\A365e2e\node_modules\selenium-webdriver\lib\promise.js:2191:7
    at new ManagedPromise (D:\project\A365e2e\node_modules\selenium-webdriver\lib\promise.js:1077:7)
    at ControlFlow.promise (D:\project\A365e2e\node_modules\selenium-webdriver\lib\promise.js:2505:12)
    at D:\project\A365e2e\node_modules\selenium-webdriver\lib\promise.js:2190:22
    at TaskQueue.execute_ (D:\project\A365e2e\node_modules\selenium-webdriver\lib\promise.js:3084:14)
    at TaskQueue.executeNext_ (D:\project\A365e2e\node_modules\selenium-webdriver\lib\promise.js:3067:27)
    at asyncRun (D:\project\A365e2e\node_modules\selenium-webdriver\lib\promise.js:2974:25)
    at D:\project\A365e2e\node_modules\selenium-webdriver\lib\promise.js:668:7
    at process._tickCallback (internal/process/next_tick.js:68:7)
From: Task: Element not present.
By(xpath, //div[@title='Sql Computes'])
    at scheduleWait (D:\project\A365e2e\node_modules\selenium-webdriver\lib\promise.js:2188:20)
    at ControlFlow.wait (D:\project\A365e2e\node_modules\selenium-webdriver\lib\promise.js:2517:12)
    at thenableWebDriverProxy.wait (D:\project\A365e2e\node_modules\selenium-webdriver\lib\webdriver.js:934:29)
    at run (D:\project\A365e2e\node_modules\protractor\built\browser.js:59:33)
    at ProtractorBrowser.to.(anonymous function) [as wait] (D:\project\A365e2e\node_modules\protractor\built\browser.js:67:16)
    at Function.<anonymous> (D:\project\A365e2e\e2e\Share\helper.ts:170:23)
    at step (D:\project\A365e2e\e2e\Share\helper.ts:32:23)
    at Object.next (D:\project\A365e2e\e2e\Share\helper.ts:13:53)
    at D:\project\A365e2e\e2e\Share\helper.ts:7:71
    at new Promise (<anonymous>)
From: Task: Run it("get sql-compute-table-columns") in control flow
    at UserContext.<anonymous> (D:\project\A365e2e\node_modules\jasminewd2\index.js:94:19)
    at attempt (D:\project\A365e2e\node_modules\jasmine-core\lib\jasmine-core\jasmine.js:4297:26)
    at QueueRunner.run (D:\project\A365e2e\node_modules\jasmine-core\lib\jasmine-core\jasmine.js:4217:20)
    at QueueRunner.execute (D:\project\A365e2e\node_modules\jasmine-core\lib\jasmine-core\jasmine.js:4199:10)
    at Spec.queueRunnerFactory (D:\project\A365e2e\node_modules\jasmine-core\lib\jasmine-core\jasmine.js:909:35)
    at Spec.execute (D:\project\A365e2e\node_modules\jasmine-core\lib\jasmine-core\jasmine.js:526:10)
    at UserContext.fn (D:\project\A365e2e\node_modules\jasmine-core\lib\jasmine-core\jasmine.js:5340:37)
    at attempt (D:\project\A365e2e\node_modules\jasmine-core\lib\jasmine-core\jasmine.js:4297:26)
    at QueueRunner.run (D:\project\A365e2e\node_modules\jasmine-core\lib\jasmine-core\jasmine.js:4217:20)
    at runNext (D:\project\A365e2e\node_modules\jasmine-core\lib\jasmine-core\jasmine.js:4257:20)
From asynchronous test: 
Error: 
    at Suite.<anonymous> (D:\project\A365e2e\e2e\SqlCompute\sqlCompute.spec.ts:13:5)
    at addSpecsToSuite (D:\project\A365e2e\node_modules\jasmine-core\lib\jasmine-core\jasmine.js:1107:25)
    at Env.describe (D:\project\A365e2e\node_modules\jasmine-core\lib\jasmine-core\jasmine.js:1074:7)
    at describe (D:\project\A365e2e\node_modules\jasmine-core\lib\jasmine-core\jasmine.js:4399:18)
    at Object.<anonymous> (D:\project\A365e2e\e2e\SqlCompute\sqlCompute.spec.ts:6:1)
    at Module._compile (internal/modules/cjs/loader.js:701:30)
    at Module.m._compile (D:\project\A365e2e\node_modules\ts-node\src\index.ts:473:23)
    at Module._extensions..js (internal/modules/cjs/loader.js:712:10)
    at Object.require.extensions.(anonymous function) [as .ts] (D:\project\A365e2e\node_modules\ts-node\src\index.ts:476:12)]]>
   </failure>
  </testcase>
  <testcase classname="Sql Compute test" name="get sql-compute-view-columns" time="0.029">
   <failure type="exception" message="Failed: The specified session ID does not exist or is no longer active.
Build info: version: &apos;3.8.0&apos;, revision: &apos;924c4067df&apos;, time: &apos;2017-11-30T11:37:19.049Z&apos;
System info: host: &apos;MININT-GV7N9KS&apos;, ip: &apos;10.172.92.49&apos;, os.name: &apos;Windows 10&apos;, os.arch: &apos;amd64&apos;, os.version: &apos;10.0&apos;, java.version: &apos;12.0.1&apos;
Driver info: driver.version: unknown"><![CDATA[WebDriverError: The specified session ID does not exist or is no longer active.
Build info: version: '3.8.0', revision: '924c4067df', time: '2017-11-30T11:37:19.049Z'
System info: host: 'MININT-GV7N9KS', ip: '10.172.92.49', os.name: 'Windows 10', os.arch: 'amd64', os.version: '10.0', java.version: '12.0.1'
Driver info: driver.version: unknown
    at Object.checkLegacyResponse (D:\project\A365e2e\node_modules\selenium-webdriver\lib\error.js:546:15)
    at parseHttpResponse (D:\project\A365e2e\node_modules\selenium-webdriver\lib\http.js:509:13)
    at doSend.then.response (D:\project\A365e2e\node_modules\selenium-webdriver\lib\http.js:441:30)
    at process._tickCallback (internal/process/next_tick.js:68:7)
From: Task: WebDriver.findElements(By(xpath, //div[@class='menu-bar']//div/div/div[2]))
    at thenableWebDriverProxy.schedule (D:\project\A365e2e\node_modules\selenium-webdriver\lib\webdriver.js:807:17)
    at thenableWebDriverProxy.findElements (D:\project\A365e2e\node_modules\selenium-webdriver\lib\webdriver.js:1048:19)
    at ptor.waitForAngular.then (D:\project\A365e2e\node_modules\protractor\built\element.js:159:44)
    at ManagedPromise.invokeCallback_ (D:\project\A365e2e\node_modules\selenium-webdriver\lib\promise.js:1376:14)
    at TaskQueue.execute_ (D:\project\A365e2e\node_modules\selenium-webdriver\lib\promise.js:3084:14)
    at TaskQueue.executeNext_ (D:\project\A365e2e\node_modules\selenium-webdriver\lib\promise.js:3067:27)
    at asyncRun (D:\project\A365e2e\node_modules\selenium-webdriver\lib\promise.js:2927:27)
    at D:\project\A365e2e\node_modules\selenium-webdriver\lib\promise.js:668:7
From: Task: <anonymous>
    at pollCondition (D:\project\A365e2e\node_modules\selenium-webdriver\lib\promise.js:2195:19)
    at D:\project\A365e2e\node_modules\selenium-webdriver\lib\promise.js:2191:7
    at new ManagedPromise (D:\project\A365e2e\node_modules\selenium-webdriver\lib\promise.js:1077:7)
    at ControlFlow.promise (D:\project\A365e2e\node_modules\selenium-webdriver\lib\promise.js:2505:12)
    at D:\project\A365e2e\node_modules\selenium-webdriver\lib\promise.js:2190:22
    at TaskQueue.execute_ (D:\project\A365e2e\node_modules\selenium-webdriver\lib\promise.js:3084:14)
    at TaskQueue.executeNext_ (D:\project\A365e2e\node_modules\selenium-webdriver\lib\promise.js:3067:27)
    at asyncRun (D:\project\A365e2e\node_modules\selenium-webdriver\lib\promise.js:2974:25)
    at D:\project\A365e2e\node_modules\selenium-webdriver\lib\promise.js:668:7
From: Task: Element not present.
By(xpath, //div[@class='menu-bar']//div/div/div[2])
    at scheduleWait (D:\project\A365e2e\node_modules\selenium-webdriver\lib\promise.js:2188:20)
    at ControlFlow.wait (D:\project\A365e2e\node_modules\selenium-webdriver\lib\promise.js:2517:12)
    at thenableWebDriverProxy.wait (D:\project\A365e2e\node_modules\selenium-webdriver\lib\webdriver.js:934:29)
    at run (D:\project\A365e2e\node_modules\protractor\built\browser.js:59:33)
    at ProtractorBrowser.to.(anonymous function) [as wait] (D:\project\A365e2e\node_modules\protractor\built\browser.js:67:16)
    at Function.<anonymous> (D:\project\A365e2e\e2e\Share\helper.ts:170:23)
    at step (D:\project\A365e2e\e2e\Share\helper.ts:32:23)
    at Object.next (D:\project\A365e2e\e2e\Share\helper.ts:13:53)
    at D:\project\A365e2e\e2e\Share\helper.ts:7:71
    at new Promise (<anonymous>)
From: Task: Run beforeAll in control flow
    at UserContext.<anonymous> (D:\project\A365e2e\node_modules\jasminewd2\index.js:94:19)
    at attempt (D:\project\A365e2e\node_modules\jasmine-core\lib\jasmine-core\jasmine.js:4297:26)
    at QueueRunner.run (D:\project\A365e2e\node_modules\jasmine-core\lib\jasmine-core\jasmine.js:4217:20)
    at QueueRunner.execute (D:\project\A365e2e\node_modules\jasmine-core\lib\jasmine-core\jasmine.js:4199:10)
    at queueRunnerFactory (D:\project\A365e2e\node_modules\jasmine-core\lib\jasmine-core\jasmine.js:909:35)
    at UserContext.fn (D:\project\A365e2e\node_modules\jasmine-core\lib\jasmine-core\jasmine.js:5325:13)
    at attempt (D:\project\A365e2e\node_modules\jasmine-core\lib\jasmine-core\jasmine.js:4297:26)
    at QueueRunner.run (D:\project\A365e2e\node_modules\jasmine-core\lib\jasmine-core\jasmine.js:4217:20)
    at runNext (D:\project\A365e2e\node_modules\jasmine-core\lib\jasmine-core\jasmine.js:4257:20)
    at D:\project\A365e2e\node_modules\jasmine-core\lib\jasmine-core\jasmine.js:4264:13
From asynchronous test: 
Error: 
    at Suite.<anonymous> (D:\project\A365e2e\e2e\SqlCompute\sqlCompute.spec.ts:9:5)
    at addSpecsToSuite (D:\project\A365e2e\node_modules\jasmine-core\lib\jasmine-core\jasmine.js:1107:25)
    at Env.describe (D:\project\A365e2e\node_modules\jasmine-core\lib\jasmine-core\jasmine.js:1074:7)
    at describe (D:\project\A365e2e\node_modules\jasmine-core\lib\jasmine-core\jasmine.js:4399:18)
    at Object.<anonymous> (D:\project\A365e2e\e2e\SqlCompute\sqlCompute.spec.ts:6:1)
    at Module._compile (internal/modules/cjs/loader.js:701:30)
    at Module.m._compile (D:\project\A365e2e\node_modules\ts-node\src\index.ts:473:23)
    at Module._extensions..js (internal/modules/cjs/loader.js:712:10)
    at Object.require.extensions.(anonymous function) [as .ts] (D:\project\A365e2e\node_modules\ts-node\src\index.ts:476:12)]]>
   </failure>
   <failure type="exception" message="Failed: The specified session ID does not exist or is no longer active.
Build info: version: &apos;3.8.0&apos;, revision: &apos;924c4067df&apos;, time: &apos;2017-11-30T11:37:19.049Z&apos;
System info: host: &apos;MININT-GV7N9KS&apos;, ip: &apos;10.172.92.49&apos;, os.name: &apos;Windows 10&apos;, os.arch: &apos;amd64&apos;, os.version: &apos;10.0&apos;, java.version: &apos;12.0.1&apos;
Driver info: driver.version: unknown"><![CDATA[WebDriverError: The specified session ID does not exist or is no longer active.
Build info: version: '3.8.0', revision: '924c4067df', time: '2017-11-30T11:37:19.049Z'
System info: host: 'MININT-GV7N9KS', ip: '10.172.92.49', os.name: 'Windows 10', os.arch: 'amd64', os.version: '10.0', java.version: '12.0.1'
Driver info: driver.version: unknown
    at Object.checkLegacyResponse (D:\project\A365e2e\node_modules\selenium-webdriver\lib\error.js:546:15)
    at parseHttpResponse (D:\project\A365e2e\node_modules\selenium-webdriver\lib\http.js:509:13)
    at doSend.then.response (D:\project\A365e2e\node_modules\selenium-webdriver\lib\http.js:441:30)
    at process._tickCallback (internal/process/next_tick.js:68:7)
From: Task: WebDriver.findElements(By(xpath, //div[@aria-label='Views. Press Alt+P to open menu.']))
    at thenableWebDriverProxy.schedule (D:\project\A365e2e\node_modules\selenium-webdriver\lib\webdriver.js:807:17)
    at thenableWebDriverProxy.findElements (D:\project\A365e2e\node_modules\selenium-webdriver\lib\webdriver.js:1048:19)
    at ptor.waitForAngular.then (D:\project\A365e2e\node_modules\protractor\built\element.js:159:44)
    at ManagedPromise.invokeCallback_ (D:\project\A365e2e\node_modules\selenium-webdriver\lib\promise.js:1376:14)
    at TaskQueue.execute_ (D:\project\A365e2e\node_modules\selenium-webdriver\lib\promise.js:3084:14)
    at TaskQueue.executeNext_ (D:\project\A365e2e\node_modules\selenium-webdriver\lib\promise.js:3067:27)
    at asyncRun (D:\project\A365e2e\node_modules\selenium-webdriver\lib\promise.js:2927:27)
    at D:\project\A365e2e\node_modules\selenium-webdriver\lib\promise.js:668:7
    at process._tickCallback (internal/process/next_tick.js:68:7)
From: Task: <anonymous>
    at pollCondition (D:\project\A365e2e\node_modules\selenium-webdriver\lib\promise.js:2195:19)
    at D:\project\A365e2e\node_modules\selenium-webdriver\lib\promise.js:2191:7
    at new ManagedPromise (D:\project\A365e2e\node_modules\selenium-webdriver\lib\promise.js:1077:7)
    at ControlFlow.promise (D:\project\A365e2e\node_modules\selenium-webdriver\lib\promise.js:2505:12)
    at D:\project\A365e2e\node_modules\selenium-webdriver\lib\promise.js:2190:22
    at TaskQueue.execute_ (D:\project\A365e2e\node_modules\selenium-webdriver\lib\promise.js:3084:14)
    at TaskQueue.executeNext_ (D:\project\A365e2e\node_modules\selenium-webdriver\lib\promise.js:3067:27)
    at asyncRun (D:\project\A365e2e\node_modules\selenium-webdriver\lib\promise.js:2974:25)
    at D:\project\A365e2e\node_modules\selenium-webdriver\lib\promise.js:668:7
    at process._tickCallback (internal/process/next_tick.js:68:7)
From: Task: Element not present.
By(xpath, //div[@aria-label='Views. Press Alt+P to open menu.'])
    at scheduleWait (D:\project\A365e2e\node_modules\selenium-webdriver\lib\promise.js:2188:20)
    at ControlFlow.wait (D:\project\A365e2e\node_modules\selenium-webdriver\lib\promise.js:2517:12)
    at thenableWebDriverProxy.wait (D:\project\A365e2e\node_modules\selenium-webdriver\lib\webdriver.js:934:29)
    at run (D:\project\A365e2e\node_modules\protractor\built\browser.js:59:33)
    at ProtractorBrowser.to.(anonymous function) [as wait] (D:\project\A365e2e\node_modules\protractor\built\browser.js:67:16)
    at Function.<anonymous> (D:\project\A365e2e\e2e\Share\helper.ts:170:23)
    at step (D:\project\A365e2e\e2e\Share\helper.ts:32:23)
    at Object.next (D:\project\A365e2e\e2e\Share\helper.ts:13:53)
    at D:\project\A365e2e\e2e\Share\helper.ts:7:71
    at new Promise (<anonymous>)
From: Task: Run it("get sql-compute-view-columns") in control flow
    at UserContext.<anonymous> (D:\project\A365e2e\node_modules\jasminewd2\index.js:94:19)
    at attempt (D:\project\A365e2e\node_modules\jasmine-core\lib\jasmine-core\jasmine.js:4297:26)
    at QueueRunner.run (D:\project\A365e2e\node_modules\jasmine-core\lib\jasmine-core\jasmine.js:4217:20)
    at QueueRunner.execute (D:\project\A365e2e\node_modules\jasmine-core\lib\jasmine-core\jasmine.js:4199:10)
    at Spec.queueRunnerFactory (D:\project\A365e2e\node_modules\jasmine-core\lib\jasmine-core\jasmine.js:909:35)
    at Spec.execute (D:\project\A365e2e\node_modules\jasmine-core\lib\jasmine-core\jasmine.js:526:10)
    at UserContext.fn (D:\project\A365e2e\node_modules\jasmine-core\lib\jasmine-core\jasmine.js:5340:37)
    at attempt (D:\project\A365e2e\node_modules\jasmine-core\lib\jasmine-core\jasmine.js:4297:26)
    at QueueRunner.run (D:\project\A365e2e\node_modules\jasmine-core\lib\jasmine-core\jasmine.js:4217:20)
    at runNext (D:\project\A365e2e\node_modules\jasmine-core\lib\jasmine-core\jasmine.js:4257:20)
From asynchronous test: 
Error: 
    at Suite.<anonymous> (D:\project\A365e2e\e2e\SqlCompute\sqlCompute.spec.ts:24:5)
    at addSpecsToSuite (D:\project\A365e2e\node_modules\jasmine-core\lib\jasmine-core\jasmine.js:1107:25)
    at Env.describe (D:\project\A365e2e\node_modules\jasmine-core\lib\jasmine-core\jasmine.js:1074:7)
    at describe (D:\project\A365e2e\node_modules\jasmine-core\lib\jasmine-core\jasmine.js:4399:18)
    at Object.<anonymous> (D:\project\A365e2e\e2e\SqlCompute\sqlCompute.spec.ts:6:1)
    at Module._compile (internal/modules/cjs/loader.js:701:30)
    at Module.m._compile (D:\project\A365e2e\node_modules\ts-node\src\index.ts:473:23)
    at Module._extensions..js (internal/modules/cjs/loader.js:712:10)
    at Object.require.extensions.(anonymous function) [as .ts] (D:\project\A365e2e\node_modules\ts-node\src\index.ts:476:12)]]>
   </failure>
  </testcase>
  <testcase classname="Sql Compute test" name="new sql compute script to select top 1000" time="1.05">
   <failure type="exception" message="Failed: The specified session ID does not exist or is no longer active.
Build info: version: &apos;3.8.0&apos;, revision: &apos;924c4067df&apos;, time: &apos;2017-11-30T11:37:19.049Z&apos;
System info: host: &apos;MININT-GV7N9KS&apos;, ip: &apos;10.172.92.49&apos;, os.name: &apos;Windows 10&apos;, os.arch: &apos;amd64&apos;, os.version: &apos;10.0&apos;, java.version: &apos;12.0.1&apos;
Driver info: driver.version: unknown"><![CDATA[WebDriverError: The specified session ID does not exist or is no longer active.
Build info: version: '3.8.0', revision: '924c4067df', time: '2017-11-30T11:37:19.049Z'
System info: host: 'MININT-GV7N9KS', ip: '10.172.92.49', os.name: 'Windows 10', os.arch: 'amd64', os.version: '10.0', java.version: '12.0.1'
Driver info: driver.version: unknown
    at Object.checkLegacyResponse (D:\project\A365e2e\node_modules\selenium-webdriver\lib\error.js:546:15)
    at parseHttpResponse (D:\project\A365e2e\node_modules\selenium-webdriver\lib\http.js:509:13)
    at doSend.then.response (D:\project\A365e2e\node_modules\selenium-webdriver\lib\http.js:441:30)
    at process._tickCallback (internal/process/next_tick.js:68:7)
From: Task: WebDriver.findElements(By(xpath, //div[@class='menu-bar']//div/div/div[2]))
    at thenableWebDriverProxy.schedule (D:\project\A365e2e\node_modules\selenium-webdriver\lib\webdriver.js:807:17)
    at thenableWebDriverProxy.findElements (D:\project\A365e2e\node_modules\selenium-webdriver\lib\webdriver.js:1048:19)
    at ptor.waitForAngular.then (D:\project\A365e2e\node_modules\protractor\built\element.js:159:44)
    at ManagedPromise.invokeCallback_ (D:\project\A365e2e\node_modules\selenium-webdriver\lib\promise.js:1376:14)
    at TaskQueue.execute_ (D:\project\A365e2e\node_modules\selenium-webdriver\lib\promise.js:3084:14)
    at TaskQueue.executeNext_ (D:\project\A365e2e\node_modules\selenium-webdriver\lib\promise.js:3067:27)
    at asyncRun (D:\project\A365e2e\node_modules\selenium-webdriver\lib\promise.js:2927:27)
    at D:\project\A365e2e\node_modules\selenium-webdriver\lib\promise.js:668:7
From: Task: <anonymous>
    at pollCondition (D:\project\A365e2e\node_modules\selenium-webdriver\lib\promise.js:2195:19)
    at D:\project\A365e2e\node_modules\selenium-webdriver\lib\promise.js:2191:7
    at new ManagedPromise (D:\project\A365e2e\node_modules\selenium-webdriver\lib\promise.js:1077:7)
    at ControlFlow.promise (D:\project\A365e2e\node_modules\selenium-webdriver\lib\promise.js:2505:12)
    at D:\project\A365e2e\node_modules\selenium-webdriver\lib\promise.js:2190:22
    at TaskQueue.execute_ (D:\project\A365e2e\node_modules\selenium-webdriver\lib\promise.js:3084:14)
    at TaskQueue.executeNext_ (D:\project\A365e2e\node_modules\selenium-webdriver\lib\promise.js:3067:27)
    at asyncRun (D:\project\A365e2e\node_modules\selenium-webdriver\lib\promise.js:2974:25)
    at D:\project\A365e2e\node_modules\selenium-webdriver\lib\promise.js:668:7
From: Task: Element not present.
By(xpath, //div[@class='menu-bar']//div/div/div[2])
    at scheduleWait (D:\project\A365e2e\node_modules\selenium-webdriver\lib\promise.js:2188:20)
    at ControlFlow.wait (D:\project\A365e2e\node_modules\selenium-webdriver\lib\promise.js:2517:12)
    at thenableWebDriverProxy.wait (D:\project\A365e2e\node_modules\selenium-webdriver\lib\webdriver.js:934:29)
    at run (D:\project\A365e2e\node_modules\protractor\built\browser.js:59:33)
    at ProtractorBrowser.to.(anonymous function) [as wait] (D:\project\A365e2e\node_modules\protractor\built\browser.js:67:16)
    at Function.<anonymous> (D:\project\A365e2e\e2e\Share\helper.ts:170:23)
    at step (D:\project\A365e2e\e2e\Share\helper.ts:32:23)
    at Object.next (D:\project\A365e2e\e2e\Share\helper.ts:13:53)
    at D:\project\A365e2e\e2e\Share\helper.ts:7:71
    at new Promise (<anonymous>)
From: Task: Run beforeAll in control flow
    at UserContext.<anonymous> (D:\project\A365e2e\node_modules\jasminewd2\index.js:94:19)
    at attempt (D:\project\A365e2e\node_modules\jasmine-core\lib\jasmine-core\jasmine.js:4297:26)
    at QueueRunner.run (D:\project\A365e2e\node_modules\jasmine-core\lib\jasmine-core\jasmine.js:4217:20)
    at QueueRunner.execute (D:\project\A365e2e\node_modules\jasmine-core\lib\jasmine-core\jasmine.js:4199:10)
    at queueRunnerFactory (D:\project\A365e2e\node_modules\jasmine-core\lib\jasmine-core\jasmine.js:909:35)
    at UserContext.fn (D:\project\A365e2e\node_modules\jasmine-core\lib\jasmine-core\jasmine.js:5325:13)
    at attempt (D:\project\A365e2e\node_modules\jasmine-core\lib\jasmine-core\jasmine.js:4297:26)
    at QueueRunner.run (D:\project\A365e2e\node_modules\jasmine-core\lib\jasmine-core\jasmine.js:4217:20)
    at runNext (D:\project\A365e2e\node_modules\jasmine-core\lib\jasmine-core\jasmine.js:4257:20)
    at D:\project\A365e2e\node_modules\jasmine-core\lib\jasmine-core\jasmine.js:4264:13
From asynchronous test: 
Error: 
    at Suite.<anonymous> (D:\project\A365e2e\e2e\SqlCompute\sqlCompute.spec.ts:9:5)
    at addSpecsToSuite (D:\project\A365e2e\node_modules\jasmine-core\lib\jasmine-core\jasmine.js:1107:25)
    at Env.describe (D:\project\A365e2e\node_modules\jasmine-core\lib\jasmine-core\jasmine.js:1074:7)
    at describe (D:\project\A365e2e\node_modules\jasmine-core\lib\jasmine-core\jasmine.js:4399:18)
    at Object.<anonymous> (D:\project\A365e2e\e2e\SqlCompute\sqlCompute.spec.ts:6:1)
    at Module._compile (internal/modules/cjs/loader.js:701:30)
    at Module.m._compile (D:\project\A365e2e\node_modules\ts-node\src\index.ts:473:23)
    at Module._extensions..js (internal/modules/cjs/loader.js:712:10)
    at Object.require.extensions.(anonymous function) [as .ts] (D:\project\A365e2e\node_modules\ts-node\src\index.ts:476:12)]]>
   </failure>
   <failure type="exception" message="Failed: The specified session ID does not exist or is no longer active.
Build info: version: &apos;3.8.0&apos;, revision: &apos;924c4067df&apos;, time: &apos;2017-11-30T11:37:19.049Z&apos;
System info: host: &apos;MININT-GV7N9KS&apos;, ip: &apos;10.172.92.49&apos;, os.name: &apos;Windows 10&apos;, os.arch: &apos;amd64&apos;, os.version: &apos;10.0&apos;, java.version: &apos;12.0.1&apos;
Driver info: driver.version: unknown"><![CDATA[WebDriverError: The specified session ID does not exist or is no longer active.
Build info: version: '3.8.0', revision: '924c4067df', time: '2017-11-30T11:37:19.049Z'
System info: host: 'MININT-GV7N9KS', ip: '10.172.92.49', os.name: 'Windows 10', os.arch: 'amd64', os.version: '10.0', java.version: '12.0.1'
Driver info: driver.version: unknown
    at Object.checkLegacyResponse (D:\project\A365e2e\node_modules\selenium-webdriver\lib\error.js:546:15)
    at parseHttpResponse (D:\project\A365e2e\node_modules\selenium-webdriver\lib\http.js:509:13)
    at doSend.then.response (D:\project\A365e2e\node_modules\selenium-webdriver\lib\http.js:441:30)
    at process._tickCallback (internal/process/next_tick.js:68:7)
From: Task: WebDriver.findElements(By(xpath, //div[@aria-label='Tables. Press Alt+P to open menu.']/following-sibling::div/div[2]))
    at thenableWebDriverProxy.schedule (D:\project\A365e2e\node_modules\selenium-webdriver\lib\webdriver.js:807:17)
    at thenableWebDriverProxy.findElements (D:\project\A365e2e\node_modules\selenium-webdriver\lib\webdriver.js:1048:19)
    at ptor.waitForAngular.then (D:\project\A365e2e\node_modules\protractor\built\element.js:159:44)
    at ManagedPromise.invokeCallback_ (D:\project\A365e2e\node_modules\selenium-webdriver\lib\promise.js:1376:14)
    at TaskQueue.execute_ (D:\project\A365e2e\node_modules\selenium-webdriver\lib\promise.js:3084:14)
    at TaskQueue.executeNext_ (D:\project\A365e2e\node_modules\selenium-webdriver\lib\promise.js:3067:27)
    at asyncRun (D:\project\A365e2e\node_modules\selenium-webdriver\lib\promise.js:2927:27)
    at D:\project\A365e2e\node_modules\selenium-webdriver\lib\promise.js:668:7
From: Task: <anonymous>
    at pollCondition (D:\project\A365e2e\node_modules\selenium-webdriver\lib\promise.js:2195:19)
    at D:\project\A365e2e\node_modules\selenium-webdriver\lib\promise.js:2191:7
    at new ManagedPromise (D:\project\A365e2e\node_modules\selenium-webdriver\lib\promise.js:1077:7)
    at ControlFlow.promise (D:\project\A365e2e\node_modules\selenium-webdriver\lib\promise.js:2505:12)
    at D:\project\A365e2e\node_modules\selenium-webdriver\lib\promise.js:2190:22
    at TaskQueue.execute_ (D:\project\A365e2e\node_modules\selenium-webdriver\lib\promise.js:3084:14)
    at TaskQueue.executeNext_ (D:\project\A365e2e\node_modules\selenium-webdriver\lib\promise.js:3067:27)
    at asyncRun (D:\project\A365e2e\node_modules\selenium-webdriver\lib\promise.js:2974:25)
    at D:\project\A365e2e\node_modules\selenium-webdriver\lib\promise.js:668:7
From: Task: Element not present.
By(xpath, //div[@aria-label='Tables. Press Alt+P to open menu.']/following-sibling::div/div[2])
    at scheduleWait (D:\project\A365e2e\node_modules\selenium-webdriver\lib\promise.js:2188:20)
    at ControlFlow.wait (D:\project\A365e2e\node_modules\selenium-webdriver\lib\promise.js:2517:12)
    at thenableWebDriverProxy.wait (D:\project\A365e2e\node_modules\selenium-webdriver\lib\webdriver.js:934:29)
    at run (D:\project\A365e2e\node_modules\protractor\built\browser.js:59:33)
    at ProtractorBrowser.to.(anonymous function) [as wait] (D:\project\A365e2e\node_modules\protractor\built\browser.js:67:16)
    at Function.<anonymous> (D:\project\A365e2e\e2e\Share\helper.ts:170:23)
    at step (D:\project\A365e2e\e2e\Share\helper.ts:32:23)
    at Object.next (D:\project\A365e2e\e2e\Share\helper.ts:13:53)
    at D:\project\A365e2e\e2e\Share\helper.ts:7:71
    at new Promise (<anonymous>)
From: Task: Run it("new sql compute script to select top 1000") in control flow
    at UserContext.<anonymous> (D:\project\A365e2e\node_modules\jasminewd2\index.js:94:19)
    at attempt (D:\project\A365e2e\node_modules\jasmine-core\lib\jasmine-core\jasmine.js:4297:26)
    at QueueRunner.run (D:\project\A365e2e\node_modules\jasmine-core\lib\jasmine-core\jasmine.js:4217:20)
    at QueueRunner.execute (D:\project\A365e2e\node_modules\jasmine-core\lib\jasmine-core\jasmine.js:4199:10)
    at Spec.queueRunnerFactory (D:\project\A365e2e\node_modules\jasmine-core\lib\jasmine-core\jasmine.js:909:35)
    at Spec.execute (D:\project\A365e2e\node_modules\jasmine-core\lib\jasmine-core\jasmine.js:526:10)
    at UserContext.fn (D:\project\A365e2e\node_modules\jasmine-core\lib\jasmine-core\jasmine.js:5340:37)
    at attempt (D:\project\A365e2e\node_modules\jasmine-core\lib\jasmine-core\jasmine.js:4297:26)
    at QueueRunner.run (D:\project\A365e2e\node_modules\jasmine-core\lib\jasmine-core\jasmine.js:4217:20)
    at runNext (D:\project\A365e2e\node_modules\jasmine-core\lib\jasmine-core\jasmine.js:4257:20)
From asynchronous test: 
Error: 
    at Suite.<anonymous> (D:\project\A365e2e\e2e\SqlCompute\sqlCompute.spec.ts:34:5)
    at addSpecsToSuite (D:\project\A365e2e\node_modules\jasmine-core\lib\jasmine-core\jasmine.js:1107:25)
    at Env.describe (D:\project\A365e2e\node_modules\jasmine-core\lib\jasmine-core\jasmine.js:1074:7)
    at describe (D:\project\A365e2e\node_modules\jasmine-core\lib\jasmine-core\jasmine.js:4399:18)
    at Object.<anonymous> (D:\project\A365e2e\e2e\SqlCompute\sqlCompute.spec.ts:6:1)
    at Module._compile (internal/modules/cjs/loader.js:701:30)
    at Module.m._compile (D:\project\A365e2e\node_modules\ts-node\src\index.ts:473:23)
    at Module._extensions..js (internal/modules/cjs/loader.js:712:10)
    at Object.require.extensions.(anonymous function) [as .ts] (D:\project\A365e2e\node_modules\ts-node\src\index.ts:476:12)]]>
   </failure>
  </testcase>
  <testcase classname="Sql Compute test" name="filter for select result" time="1.053">
   <failure type="exception" message="Failed: The specified session ID does not exist or is no longer active.
Build info: version: &apos;3.8.0&apos;, revision: &apos;924c4067df&apos;, time: &apos;2017-11-30T11:37:19.049Z&apos;
System info: host: &apos;MININT-GV7N9KS&apos;, ip: &apos;10.172.92.49&apos;, os.name: &apos;Windows 10&apos;, os.arch: &apos;amd64&apos;, os.version: &apos;10.0&apos;, java.version: &apos;12.0.1&apos;
Driver info: driver.version: unknown"><![CDATA[WebDriverError: The specified session ID does not exist or is no longer active.
Build info: version: '3.8.0', revision: '924c4067df', time: '2017-11-30T11:37:19.049Z'
System info: host: 'MININT-GV7N9KS', ip: '10.172.92.49', os.name: 'Windows 10', os.arch: 'amd64', os.version: '10.0', java.version: '12.0.1'
Driver info: driver.version: unknown
    at Object.checkLegacyResponse (D:\project\A365e2e\node_modules\selenium-webdriver\lib\error.js:546:15)
    at parseHttpResponse (D:\project\A365e2e\node_modules\selenium-webdriver\lib\http.js:509:13)
    at doSend.then.response (D:\project\A365e2e\node_modules\selenium-webdriver\lib\http.js:441:30)
    at process._tickCallback (internal/process/next_tick.js:68:7)
From: Task: WebDriver.findElements(By(xpath, //div[@class='menu-bar']//div/div/div[2]))
    at thenableWebDriverProxy.schedule (D:\project\A365e2e\node_modules\selenium-webdriver\lib\webdriver.js:807:17)
    at thenableWebDriverProxy.findElements (D:\project\A365e2e\node_modules\selenium-webdriver\lib\webdriver.js:1048:19)
    at ptor.waitForAngular.then (D:\project\A365e2e\node_modules\protractor\built\element.js:159:44)
    at ManagedPromise.invokeCallback_ (D:\project\A365e2e\node_modules\selenium-webdriver\lib\promise.js:1376:14)
    at TaskQueue.execute_ (D:\project\A365e2e\node_modules\selenium-webdriver\lib\promise.js:3084:14)
    at TaskQueue.executeNext_ (D:\project\A365e2e\node_modules\selenium-webdriver\lib\promise.js:3067:27)
    at asyncRun (D:\project\A365e2e\node_modules\selenium-webdriver\lib\promise.js:2927:27)
    at D:\project\A365e2e\node_modules\selenium-webdriver\lib\promise.js:668:7
From: Task: <anonymous>
    at pollCondition (D:\project\A365e2e\node_modules\selenium-webdriver\lib\promise.js:2195:19)
    at D:\project\A365e2e\node_modules\selenium-webdriver\lib\promise.js:2191:7
    at new ManagedPromise (D:\project\A365e2e\node_modules\selenium-webdriver\lib\promise.js:1077:7)
    at ControlFlow.promise (D:\project\A365e2e\node_modules\selenium-webdriver\lib\promise.js:2505:12)
    at D:\project\A365e2e\node_modules\selenium-webdriver\lib\promise.js:2190:22
    at TaskQueue.execute_ (D:\project\A365e2e\node_modules\selenium-webdriver\lib\promise.js:3084:14)
    at TaskQueue.executeNext_ (D:\project\A365e2e\node_modules\selenium-webdriver\lib\promise.js:3067:27)
    at asyncRun (D:\project\A365e2e\node_modules\selenium-webdriver\lib\promise.js:2974:25)
    at D:\project\A365e2e\node_modules\selenium-webdriver\lib\promise.js:668:7
From: Task: Element not present.
By(xpath, //div[@class='menu-bar']//div/div/div[2])
    at scheduleWait (D:\project\A365e2e\node_modules\selenium-webdriver\lib\promise.js:2188:20)
    at ControlFlow.wait (D:\project\A365e2e\node_modules\selenium-webdriver\lib\promise.js:2517:12)
    at thenableWebDriverProxy.wait (D:\project\A365e2e\node_modules\selenium-webdriver\lib\webdriver.js:934:29)
    at run (D:\project\A365e2e\node_modules\protractor\built\browser.js:59:33)
    at ProtractorBrowser.to.(anonymous function) [as wait] (D:\project\A365e2e\node_modules\protractor\built\browser.js:67:16)
    at Function.<anonymous> (D:\project\A365e2e\e2e\Share\helper.ts:170:23)
    at step (D:\project\A365e2e\e2e\Share\helper.ts:32:23)
    at Object.next (D:\project\A365e2e\e2e\Share\helper.ts:13:53)
    at D:\project\A365e2e\e2e\Share\helper.ts:7:71
    at new Promise (<anonymous>)
From: Task: Run beforeAll in control flow
    at UserContext.<anonymous> (D:\project\A365e2e\node_modules\jasminewd2\index.js:94:19)
    at attempt (D:\project\A365e2e\node_modules\jasmine-core\lib\jasmine-core\jasmine.js:4297:26)
    at QueueRunner.run (D:\project\A365e2e\node_modules\jasmine-core\lib\jasmine-core\jasmine.js:4217:20)
    at QueueRunner.execute (D:\project\A365e2e\node_modules\jasmine-core\lib\jasmine-core\jasmine.js:4199:10)
    at queueRunnerFactory (D:\project\A365e2e\node_modules\jasmine-core\lib\jasmine-core\jasmine.js:909:35)
    at UserContext.fn (D:\project\A365e2e\node_modules\jasmine-core\lib\jasmine-core\jasmine.js:5325:13)
    at attempt (D:\project\A365e2e\node_modules\jasmine-core\lib\jasmine-core\jasmine.js:4297:26)
    at QueueRunner.run (D:\project\A365e2e\node_modules\jasmine-core\lib\jasmine-core\jasmine.js:4217:20)
    at runNext (D:\project\A365e2e\node_modules\jasmine-core\lib\jasmine-core\jasmine.js:4257:20)
    at D:\project\A365e2e\node_modules\jasmine-core\lib\jasmine-core\jasmine.js:4264:13
From asynchronous test: 
Error: 
    at Suite.<anonymous> (D:\project\A365e2e\e2e\SqlCompute\sqlCompute.spec.ts:9:5)
    at addSpecsToSuite (D:\project\A365e2e\node_modules\jasmine-core\lib\jasmine-core\jasmine.js:1107:25)
    at Env.describe (D:\project\A365e2e\node_modules\jasmine-core\lib\jasmine-core\jasmine.js:1074:7)
    at describe (D:\project\A365e2e\node_modules\jasmine-core\lib\jasmine-core\jasmine.js:4399:18)
    at Object.<anonymous> (D:\project\A365e2e\e2e\SqlCompute\sqlCompute.spec.ts:6:1)
    at Module._compile (internal/modules/cjs/loader.js:701:30)
    at Module.m._compile (D:\project\A365e2e\node_modules\ts-node\src\index.ts:473:23)
    at Module._extensions..js (internal/modules/cjs/loader.js:712:10)
    at Object.require.extensions.(anonymous function) [as .ts] (D:\project\A365e2e\node_modules\ts-node\src\index.ts:476:12)]]>
   </failure>
   <failure type="exception" message="WebDriverError: The specified session ID does not exist or is no longer active.
Build info: version: &apos;3.8.0&apos;, revision: &apos;924c4067df&apos;, time: &apos;2017-11-30T11:37:19.049Z&apos;
System info: host: &apos;MININT-GV7N9KS&apos;, ip: &apos;10.172.92.49&apos;, os.name: &apos;Windows 10&apos;, os.arch: &apos;amd64&apos;, os.version: &apos;10.0&apos;, java.version: &apos;12.0.1&apos;
Driver info: driver.version: unknown"><![CDATA[WebDriverError: The specified session ID does not exist or is no longer active.
Build info: version: '3.8.0', revision: '924c4067df', time: '2017-11-30T11:37:19.049Z'
System info: host: 'MININT-GV7N9KS', ip: '10.172.92.49', os.name: 'Windows 10', os.arch: 'amd64', os.version: '10.0', java.version: '12.0.1'
Driver info: driver.version: unknown
    at Object.checkLegacyResponse (D:\project\A365e2e\node_modules\selenium-webdriver\lib\error.js:546:15)
    at parseHttpResponse (D:\project\A365e2e\node_modules\selenium-webdriver\lib\http.js:509:13)
    at doSend.then.response (D:\project\A365e2e\node_modules\selenium-webdriver\lib\http.js:441:30)
    at process._tickCallback (internal/process/next_tick.js:68:7)
From: Task: WebDriver.findElements(By(xpath, //input[@placeholder='Please enter text here']))
    at thenableWebDriverProxy.schedule (D:\project\A365e2e\node_modules\selenium-webdriver\lib\webdriver.js:807:17)
    at thenableWebDriverProxy.findElements (D:\project\A365e2e\node_modules\selenium-webdriver\lib\webdriver.js:1048:19)
    at ptor.waitForAngular.then (D:\project\A365e2e\node_modules\protractor\built\element.js:159:44)
    at ManagedPromise.invokeCallback_ (D:\project\A365e2e\node_modules\selenium-webdriver\lib\promise.js:1376:14)
    at TaskQueue.execute_ (D:\project\A365e2e\node_modules\selenium-webdriver\lib\promise.js:3084:14)
    at TaskQueue.executeNext_ (D:\project\A365e2e\node_modules\selenium-webdriver\lib\promise.js:3067:27)
    at asyncRun (D:\project\A365e2e\node_modules\selenium-webdriver\lib\promise.js:2927:27)
    at D:\project\A365e2e\node_modules\selenium-webdriver\lib\promise.js:668:7Error: 
    at ElementArrayFinder.applyAction_ (D:\project\A365e2e\node_modules\protractor\built\element.js:459:27)
    at ElementArrayFinder.(anonymous function).args [as getId] (D:\project\A365e2e\node_modules\protractor\built\element.js:91:29)
    at ElementFinder.(anonymous function).args [as getId] (D:\project\A365e2e\node_modules\protractor\built\element.js:831:22)
    at ActionSequence.mouseMove (D:\project\A365e2e\node_modules\selenium-webdriver\lib\actions.js:151:44)
    at ActionSequence.scheduleMouseAction_ (D:\project\A365e2e\node_modules\selenium-webdriver\lib\actions.js:189:14)
    at ActionSequence.doubleClick (D:\project\A365e2e\node_modules\selenium-webdriver\lib\actions.js:313:17)
    at Function.<anonymous> (D:\project\A365e2e\e2e\Share\helper.ts:161:33)
    at step (D:\project\A365e2e\e2e\Share\helper.ts:32:23)
    at Object.next (D:\project\A365e2e\e2e\Share\helper.ts:13:53)
    at fulfilled (D:\project\A365e2e\e2e\Share\helper.ts:4:58)]]>
   </failure>
  </testcase>
  <testcase classname="Sql Compute test" name="message for select result" time="0.036">
   <failure type="exception" message="Failed: The specified session ID does not exist or is no longer active.
Build info: version: &apos;3.8.0&apos;, revision: &apos;924c4067df&apos;, time: &apos;2017-11-30T11:37:19.049Z&apos;
System info: host: &apos;MININT-GV7N9KS&apos;, ip: &apos;10.172.92.49&apos;, os.name: &apos;Windows 10&apos;, os.arch: &apos;amd64&apos;, os.version: &apos;10.0&apos;, java.version: &apos;12.0.1&apos;
Driver info: driver.version: unknown"><![CDATA[WebDriverError: The specified session ID does not exist or is no longer active.
Build info: version: '3.8.0', revision: '924c4067df', time: '2017-11-30T11:37:19.049Z'
System info: host: 'MININT-GV7N9KS', ip: '10.172.92.49', os.name: 'Windows 10', os.arch: 'amd64', os.version: '10.0', java.version: '12.0.1'
Driver info: driver.version: unknown
    at Object.checkLegacyResponse (D:\project\A365e2e\node_modules\selenium-webdriver\lib\error.js:546:15)
    at parseHttpResponse (D:\project\A365e2e\node_modules\selenium-webdriver\lib\http.js:509:13)
    at doSend.then.response (D:\project\A365e2e\node_modules\selenium-webdriver\lib\http.js:441:30)
    at process._tickCallback (internal/process/next_tick.js:68:7)
From: Task: WebDriver.findElements(By(xpath, //div[@class='menu-bar']//div/div/div[2]))
    at thenableWebDriverProxy.schedule (D:\project\A365e2e\node_modules\selenium-webdriver\lib\webdriver.js:807:17)
    at thenableWebDriverProxy.findElements (D:\project\A365e2e\node_modules\selenium-webdriver\lib\webdriver.js:1048:19)
    at ptor.waitForAngular.then (D:\project\A365e2e\node_modules\protractor\built\element.js:159:44)
    at ManagedPromise.invokeCallback_ (D:\project\A365e2e\node_modules\selenium-webdriver\lib\promise.js:1376:14)
    at TaskQueue.execute_ (D:\project\A365e2e\node_modules\selenium-webdriver\lib\promise.js:3084:14)
    at TaskQueue.executeNext_ (D:\project\A365e2e\node_modules\selenium-webdriver\lib\promise.js:3067:27)
    at asyncRun (D:\project\A365e2e\node_modules\selenium-webdriver\lib\promise.js:2927:27)
    at D:\project\A365e2e\node_modules\selenium-webdriver\lib\promise.js:668:7
From: Task: <anonymous>
    at pollCondition (D:\project\A365e2e\node_modules\selenium-webdriver\lib\promise.js:2195:19)
    at D:\project\A365e2e\node_modules\selenium-webdriver\lib\promise.js:2191:7
    at new ManagedPromise (D:\project\A365e2e\node_modules\selenium-webdriver\lib\promise.js:1077:7)
    at ControlFlow.promise (D:\project\A365e2e\node_modules\selenium-webdriver\lib\promise.js:2505:12)
    at D:\project\A365e2e\node_modules\selenium-webdriver\lib\promise.js:2190:22
    at TaskQueue.execute_ (D:\project\A365e2e\node_modules\selenium-webdriver\lib\promise.js:3084:14)
    at TaskQueue.executeNext_ (D:\project\A365e2e\node_modules\selenium-webdriver\lib\promise.js:3067:27)
    at asyncRun (D:\project\A365e2e\node_modules\selenium-webdriver\lib\promise.js:2974:25)
    at D:\project\A365e2e\node_modules\selenium-webdriver\lib\promise.js:668:7
From: Task: Element not present.
By(xpath, //div[@class='menu-bar']//div/div/div[2])
    at scheduleWait (D:\project\A365e2e\node_modules\selenium-webdriver\lib\promise.js:2188:20)
    at ControlFlow.wait (D:\project\A365e2e\node_modules\selenium-webdriver\lib\promise.js:2517:12)
    at thenableWebDriverProxy.wait (D:\project\A365e2e\node_modules\selenium-webdriver\lib\webdriver.js:934:29)
    at run (D:\project\A365e2e\node_modules\protractor\built\browser.js:59:33)
    at ProtractorBrowser.to.(anonymous function) [as wait] (D:\project\A365e2e\node_modules\protractor\built\browser.js:67:16)
    at Function.<anonymous> (D:\project\A365e2e\e2e\Share\helper.ts:170:23)
    at step (D:\project\A365e2e\e2e\Share\helper.ts:32:23)
    at Object.next (D:\project\A365e2e\e2e\Share\helper.ts:13:53)
    at D:\project\A365e2e\e2e\Share\helper.ts:7:71
    at new Promise (<anonymous>)
From: Task: Run beforeAll in control flow
    at UserContext.<anonymous> (D:\project\A365e2e\node_modules\jasminewd2\index.js:94:19)
    at attempt (D:\project\A365e2e\node_modules\jasmine-core\lib\jasmine-core\jasmine.js:4297:26)
    at QueueRunner.run (D:\project\A365e2e\node_modules\jasmine-core\lib\jasmine-core\jasmine.js:4217:20)
    at QueueRunner.execute (D:\project\A365e2e\node_modules\jasmine-core\lib\jasmine-core\jasmine.js:4199:10)
    at queueRunnerFactory (D:\project\A365e2e\node_modules\jasmine-core\lib\jasmine-core\jasmine.js:909:35)
    at UserContext.fn (D:\project\A365e2e\node_modules\jasmine-core\lib\jasmine-core\jasmine.js:5325:13)
    at attempt (D:\project\A365e2e\node_modules\jasmine-core\lib\jasmine-core\jasmine.js:4297:26)
    at QueueRunner.run (D:\project\A365e2e\node_modules\jasmine-core\lib\jasmine-core\jasmine.js:4217:20)
    at runNext (D:\project\A365e2e\node_modules\jasmine-core\lib\jasmine-core\jasmine.js:4257:20)
    at D:\project\A365e2e\node_modules\jasmine-core\lib\jasmine-core\jasmine.js:4264:13
From asynchronous test: 
Error: 
    at Suite.<anonymous> (D:\project\A365e2e\e2e\SqlCompute\sqlCompute.spec.ts:9:5)
    at addSpecsToSuite (D:\project\A365e2e\node_modules\jasmine-core\lib\jasmine-core\jasmine.js:1107:25)
    at Env.describe (D:\project\A365e2e\node_modules\jasmine-core\lib\jasmine-core\jasmine.js:1074:7)
    at describe (D:\project\A365e2e\node_modules\jasmine-core\lib\jasmine-core\jasmine.js:4399:18)
    at Object.<anonymous> (D:\project\A365e2e\e2e\SqlCompute\sqlCompute.spec.ts:6:1)
    at Module._compile (internal/modules/cjs/loader.js:701:30)
    at Module.m._compile (D:\project\A365e2e\node_modules\ts-node\src\index.ts:473:23)
    at Module._extensions..js (internal/modules/cjs/loader.js:712:10)
    at Object.require.extensions.(anonymous function) [as .ts] (D:\project\A365e2e\node_modules\ts-node\src\index.ts:476:12)]]>
   </failure>
   <failure type="exception" message="Failed: The specified session ID does not exist or is no longer active.
Build info: version: &apos;3.8.0&apos;, revision: &apos;924c4067df&apos;, time: &apos;2017-11-30T11:37:19.049Z&apos;
System info: host: &apos;MININT-GV7N9KS&apos;, ip: &apos;10.172.92.49&apos;, os.name: &apos;Windows 10&apos;, os.arch: &apos;amd64&apos;, os.version: &apos;10.0&apos;, java.version: &apos;12.0.1&apos;
Driver info: driver.version: unknown"><![CDATA[WebDriverError: The specified session ID does not exist or is no longer active.
Build info: version: '3.8.0', revision: '924c4067df', time: '2017-11-30T11:37:19.049Z'
System info: host: 'MININT-GV7N9KS', ip: '10.172.92.49', os.name: 'Windows 10', os.arch: 'amd64', os.version: '10.0', java.version: '12.0.1'
Driver info: driver.version: unknown
    at Object.checkLegacyResponse (D:\project\A365e2e\node_modules\selenium-webdriver\lib\error.js:546:15)
    at parseHttpResponse (D:\project\A365e2e\node_modules\selenium-webdriver\lib\http.js:509:13)
    at doSend.then.response (D:\project\A365e2e\node_modules\selenium-webdriver\lib\http.js:441:30)
    at process._tickCallback (internal/process/next_tick.js:68:7)
From: Task: WebDriver.findElements(By(xpath, //*[@id='main-content']/app-authoring-main/div/div/div[4]/app-authoring-tab/div[2]/app-tab-container/div[2]/div/div/div[4]/div[1]/div[1]/div/button[2]))
    at thenableWebDriverProxy.schedule (D:\project\A365e2e\node_modules\selenium-webdriver\lib\webdriver.js:807:17)
    at thenableWebDriverProxy.findElements (D:\project\A365e2e\node_modules\selenium-webdriver\lib\webdriver.js:1048:19)
    at ptor.waitForAngular.then (D:\project\A365e2e\node_modules\protractor\built\element.js:159:44)
    at ManagedPromise.invokeCallback_ (D:\project\A365e2e\node_modules\selenium-webdriver\lib\promise.js:1376:14)
    at TaskQueue.execute_ (D:\project\A365e2e\node_modules\selenium-webdriver\lib\promise.js:3084:14)
    at TaskQueue.executeNext_ (D:\project\A365e2e\node_modules\selenium-webdriver\lib\promise.js:3067:27)
    at asyncRun (D:\project\A365e2e\node_modules\selenium-webdriver\lib\promise.js:2927:27)
    at D:\project\A365e2e\node_modules\selenium-webdriver\lib\promise.js:668:7
    at process._tickCallback (internal/process/next_tick.js:68:7)
From: Task: <anonymous>
    at pollCondition (D:\project\A365e2e\node_modules\selenium-webdriver\lib\promise.js:2195:19)
    at D:\project\A365e2e\node_modules\selenium-webdriver\lib\promise.js:2191:7
    at new ManagedPromise (D:\project\A365e2e\node_modules\selenium-webdriver\lib\promise.js:1077:7)
    at ControlFlow.promise (D:\project\A365e2e\node_modules\selenium-webdriver\lib\promise.js:2505:12)
    at D:\project\A365e2e\node_modules\selenium-webdriver\lib\promise.js:2190:22
    at TaskQueue.execute_ (D:\project\A365e2e\node_modules\selenium-webdriver\lib\promise.js:3084:14)
    at TaskQueue.executeNext_ (D:\project\A365e2e\node_modules\selenium-webdriver\lib\promise.js:3067:27)
    at asyncRun (D:\project\A365e2e\node_modules\selenium-webdriver\lib\promise.js:2974:25)
    at D:\project\A365e2e\node_modules\selenium-webdriver\lib\promise.js:668:7
    at process._tickCallback (internal/process/next_tick.js:68:7)
From: Task: Element not present.
By(xpath, //*[@id='main-content']/app-authoring-main/div/div/div[4]/app-authoring-tab/div[2]/app-tab-container/div[2]/div/div/div[4]/div[1]/div[1]/div/button[2])
    at scheduleWait (D:\project\A365e2e\node_modules\selenium-webdriver\lib\promise.js:2188:20)
    at ControlFlow.wait (D:\project\A365e2e\node_modules\selenium-webdriver\lib\promise.js:2517:12)
    at thenableWebDriverProxy.wait (D:\project\A365e2e\node_modules\selenium-webdriver\lib\webdriver.js:934:29)
    at run (D:\project\A365e2e\node_modules\protractor\built\browser.js:59:33)
    at ProtractorBrowser.to.(anonymous function) [as wait] (D:\project\A365e2e\node_modules\protractor\built\browser.js:67:16)
    at Function.<anonymous> (D:\project\A365e2e\e2e\Share\helper.ts:170:23)
    at step (D:\project\A365e2e\e2e\Share\helper.ts:32:23)
    at Object.next (D:\project\A365e2e\e2e\Share\helper.ts:13:53)
    at D:\project\A365e2e\e2e\Share\helper.ts:7:71
    at new Promise (<anonymous>)
From: Task: Run it("message for select result") in control flow
    at UserContext.<anonymous> (D:\project\A365e2e\node_modules\jasminewd2\index.js:94:19)
    at attempt (D:\project\A365e2e\node_modules\jasmine-core\lib\jasmine-core\jasmine.js:4297:26)
    at QueueRunner.run (D:\project\A365e2e\node_modules\jasmine-core\lib\jasmine-core\jasmine.js:4217:20)
    at QueueRunner.execute (D:\project\A365e2e\node_modules\jasmine-core\lib\jasmine-core\jasmine.js:4199:10)
    at Spec.queueRunnerFactory (D:\project\A365e2e\node_modules\jasmine-core\lib\jasmine-core\jasmine.js:909:35)
    at Spec.execute (D:\project\A365e2e\node_modules\jasmine-core\lib\jasmine-core\jasmine.js:526:10)
    at UserContext.fn (D:\project\A365e2e\node_modules\jasmine-core\lib\jasmine-core\jasmine.js:5340:37)
    at attempt (D:\project\A365e2e\node_modules\jasmine-core\lib\jasmine-core\jasmine.js:4297:26)
    at QueueRunner.run (D:\project\A365e2e\node_modules\jasmine-core\lib\jasmine-core\jasmine.js:4217:20)
    at runNext (D:\project\A365e2e\node_modules\jasmine-core\lib\jasmine-core\jasmine.js:4257:20)
From asynchronous test: 
Error: 
    at Suite.<anonymous> (D:\project\A365e2e\e2e\SqlCompute\sqlCompute.spec.ts:47:5)
    at addSpecsToSuite (D:\project\A365e2e\node_modules\jasmine-core\lib\jasmine-core\jasmine.js:1107:25)
    at Env.describe (D:\project\A365e2e\node_modules\jasmine-core\lib\jasmine-core\jasmine.js:1074:7)
    at describe (D:\project\A365e2e\node_modules\jasmine-core\lib\jasmine-core\jasmine.js:4399:18)
    at Object.<anonymous> (D:\project\A365e2e\e2e\SqlCompute\sqlCompute.spec.ts:6:1)
    at Module._compile (internal/modules/cjs/loader.js:701:30)
    at Module.m._compile (D:\project\A365e2e\node_modules\ts-node\src\index.ts:473:23)
    at Module._extensions..js (internal/modules/cjs/loader.js:712:10)
    at Object.require.extensions.(anonymous function) [as .ts] (D:\project\A365e2e\node_modules\ts-node\src\index.ts:476:12)]]>
   </failure>
  </testcase>
 </testsuite>
 <testsuite name="Sql Scripts test" timestamp="2019-07-17T19:42:56" hostname="localhost" time="9.506" errors="0" tests="8" skipped="0" disabled="0" failures="16">
  <testcase classname="Sql Scripts test" name="Refresh Sql Scripts" time="1.101">
   <failure type="exception" message="Failed: The specified session ID does not exist or is no longer active.
Build info: version: &apos;3.8.0&apos;, revision: &apos;924c4067df&apos;, time: &apos;2017-11-30T11:37:19.049Z&apos;
System info: host: &apos;MININT-GV7N9KS&apos;, ip: &apos;10.172.92.49&apos;, os.name: &apos;Windows 10&apos;, os.arch: &apos;amd64&apos;, os.version: &apos;10.0&apos;, java.version: &apos;12.0.1&apos;
Driver info: driver.version: unknown"><![CDATA[WebDriverError: The specified session ID does not exist or is no longer active.
Build info: version: '3.8.0', revision: '924c4067df', time: '2017-11-30T11:37:19.049Z'
System info: host: 'MININT-GV7N9KS', ip: '10.172.92.49', os.name: 'Windows 10', os.arch: 'amd64', os.version: '10.0', java.version: '12.0.1'
Driver info: driver.version: unknown
    at Object.checkLegacyResponse (D:\project\A365e2e\node_modules\selenium-webdriver\lib\error.js:546:15)
    at parseHttpResponse (D:\project\A365e2e\node_modules\selenium-webdriver\lib\http.js:509:13)
    at doSend.then.response (D:\project\A365e2e\node_modules\selenium-webdriver\lib\http.js:441:30)
    at process._tickCallback (internal/process/next_tick.js:68:7)
From: Task: WebDriver.findElements(By(xpath, //div[@class='menu-bar']//div/div/div[3]))
    at thenableWebDriverProxy.schedule (D:\project\A365e2e\node_modules\selenium-webdriver\lib\webdriver.js:807:17)
    at thenableWebDriverProxy.findElements (D:\project\A365e2e\node_modules\selenium-webdriver\lib\webdriver.js:1048:19)
    at ptor.waitForAngular.then (D:\project\A365e2e\node_modules\protractor\built\element.js:159:44)
    at ManagedPromise.invokeCallback_ (D:\project\A365e2e\node_modules\selenium-webdriver\lib\promise.js:1376:14)
    at TaskQueue.execute_ (D:\project\A365e2e\node_modules\selenium-webdriver\lib\promise.js:3084:14)
    at TaskQueue.executeNext_ (D:\project\A365e2e\node_modules\selenium-webdriver\lib\promise.js:3067:27)
    at asyncRun (D:\project\A365e2e\node_modules\selenium-webdriver\lib\promise.js:2927:27)
    at D:\project\A365e2e\node_modules\selenium-webdriver\lib\promise.js:668:7
    at process._tickCallback (internal/process/next_tick.js:68:7)
From: Task: <anonymous>
    at pollCondition (D:\project\A365e2e\node_modules\selenium-webdriver\lib\promise.js:2195:19)
    at D:\project\A365e2e\node_modules\selenium-webdriver\lib\promise.js:2191:7
    at new ManagedPromise (D:\project\A365e2e\node_modules\selenium-webdriver\lib\promise.js:1077:7)
    at ControlFlow.promise (D:\project\A365e2e\node_modules\selenium-webdriver\lib\promise.js:2505:12)
    at D:\project\A365e2e\node_modules\selenium-webdriver\lib\promise.js:2190:22
    at TaskQueue.execute_ (D:\project\A365e2e\node_modules\selenium-webdriver\lib\promise.js:3084:14)
    at TaskQueue.executeNext_ (D:\project\A365e2e\node_modules\selenium-webdriver\lib\promise.js:3067:27)
    at asyncRun (D:\project\A365e2e\node_modules\selenium-webdriver\lib\promise.js:2974:25)
    at D:\project\A365e2e\node_modules\selenium-webdriver\lib\promise.js:668:7
    at process._tickCallback (internal/process/next_tick.js:68:7)
From: Task: Element not present.
By(xpath, //div[@class='menu-bar']//div/div/div[3])
    at scheduleWait (D:\project\A365e2e\node_modules\selenium-webdriver\lib\promise.js:2188:20)
    at ControlFlow.wait (D:\project\A365e2e\node_modules\selenium-webdriver\lib\promise.js:2517:12)
    at thenableWebDriverProxy.wait (D:\project\A365e2e\node_modules\selenium-webdriver\lib\webdriver.js:934:29)
    at run (D:\project\A365e2e\node_modules\protractor\built\browser.js:59:33)
    at ProtractorBrowser.to.(anonymous function) [as wait] (D:\project\A365e2e\node_modules\protractor\built\browser.js:67:16)
    at Function.<anonymous> (D:\project\A365e2e\e2e\Share\helper.ts:170:23)
    at step (D:\project\A365e2e\e2e\Share\helper.ts:32:23)
    at Object.next (D:\project\A365e2e\e2e\Share\helper.ts:13:53)
    at D:\project\A365e2e\e2e\Share\helper.ts:7:71
    at new Promise (<anonymous>)
From: Task: Run beforeAll in control flow
    at UserContext.<anonymous> (D:\project\A365e2e\node_modules\jasminewd2\index.js:94:19)
    at attempt (D:\project\A365e2e\node_modules\jasmine-core\lib\jasmine-core\jasmine.js:4297:26)
    at QueueRunner.run (D:\project\A365e2e\node_modules\jasmine-core\lib\jasmine-core\jasmine.js:4217:20)
    at QueueRunner.execute (D:\project\A365e2e\node_modules\jasmine-core\lib\jasmine-core\jasmine.js:4199:10)
    at queueRunnerFactory (D:\project\A365e2e\node_modules\jasmine-core\lib\jasmine-core\jasmine.js:909:35)
    at UserContext.fn (D:\project\A365e2e\node_modules\jasmine-core\lib\jasmine-core\jasmine.js:5325:13)
    at attempt (D:\project\A365e2e\node_modules\jasmine-core\lib\jasmine-core\jasmine.js:4297:26)
    at QueueRunner.run (D:\project\A365e2e\node_modules\jasmine-core\lib\jasmine-core\jasmine.js:4217:20)
    at runNext (D:\project\A365e2e\node_modules\jasmine-core\lib\jasmine-core\jasmine.js:4257:20)
    at D:\project\A365e2e\node_modules\jasmine-core\lib\jasmine-core\jasmine.js:4264:13
From asynchronous test: 
Error: 
    at Suite.<anonymous> (D:\project\A365e2e\e2e\SqlScripts\sqlScripts.spec.ts:13:5)
    at addSpecsToSuite (D:\project\A365e2e\node_modules\jasmine-core\lib\jasmine-core\jasmine.js:1107:25)
    at Env.describe (D:\project\A365e2e\node_modules\jasmine-core\lib\jasmine-core\jasmine.js:1074:7)
    at describe (D:\project\A365e2e\node_modules\jasmine-core\lib\jasmine-core\jasmine.js:4399:18)
    at Object.<anonymous> (D:\project\A365e2e\e2e\SqlScripts\sqlScripts.spec.ts:10:1)
    at Module._compile (internal/modules/cjs/loader.js:701:30)
    at Module.m._compile (D:\project\A365e2e\node_modules\ts-node\src\index.ts:473:23)
    at Module._extensions..js (internal/modules/cjs/loader.js:712:10)
    at Object.require.extensions.(anonymous function) [as .ts] (D:\project\A365e2e\node_modules\ts-node\src\index.ts:476:12)]]>
   </failure>
   <failure type="exception" message="Failed: The specified session ID does not exist or is no longer active.
Build info: version: &apos;3.8.0&apos;, revision: &apos;924c4067df&apos;, time: &apos;2017-11-30T11:37:19.049Z&apos;
System info: host: &apos;MININT-GV7N9KS&apos;, ip: &apos;10.172.92.49&apos;, os.name: &apos;Windows 10&apos;, os.arch: &apos;amd64&apos;, os.version: &apos;10.0&apos;, java.version: &apos;12.0.1&apos;
Driver info: driver.version: unknown"><![CDATA[WebDriverError: The specified session ID does not exist or is no longer active.
Build info: version: '3.8.0', revision: '924c4067df', time: '2017-11-30T11:37:19.049Z'
System info: host: 'MININT-GV7N9KS', ip: '10.172.92.49', os.name: 'Windows 10', os.arch: 'amd64', os.version: '10.0', java.version: '12.0.1'
Driver info: driver.version: unknown
    at Object.checkLegacyResponse (D:\project\A365e2e\node_modules\selenium-webdriver\lib\error.js:546:15)
    at parseHttpResponse (D:\project\A365e2e\node_modules\selenium-webdriver\lib\http.js:509:13)
    at doSend.then.response (D:\project\A365e2e\node_modules\selenium-webdriver\lib\http.js:441:30)
    at process._tickCallback (internal/process/next_tick.js:68:7)
From: Task: WebDriver.findElements(By(xpath, //div[@aria-label='Sql Scripts. Press Alt+P to open menu.']))
    at thenableWebDriverProxy.schedule (D:\project\A365e2e\node_modules\selenium-webdriver\lib\webdriver.js:807:17)
    at thenableWebDriverProxy.findElements (D:\project\A365e2e\node_modules\selenium-webdriver\lib\webdriver.js:1048:19)
    at ptor.waitForAngular.then (D:\project\A365e2e\node_modules\protractor\built\element.js:159:44)
    at ManagedPromise.invokeCallback_ (D:\project\A365e2e\node_modules\selenium-webdriver\lib\promise.js:1376:14)
    at TaskQueue.execute_ (D:\project\A365e2e\node_modules\selenium-webdriver\lib\promise.js:3084:14)
    at TaskQueue.executeNext_ (D:\project\A365e2e\node_modules\selenium-webdriver\lib\promise.js:3067:27)
    at asyncRun (D:\project\A365e2e\node_modules\selenium-webdriver\lib\promise.js:2927:27)
    at D:\project\A365e2e\node_modules\selenium-webdriver\lib\promise.js:668:7
From: Task: <anonymous>
    at pollCondition (D:\project\A365e2e\node_modules\selenium-webdriver\lib\promise.js:2195:19)
    at D:\project\A365e2e\node_modules\selenium-webdriver\lib\promise.js:2191:7
    at new ManagedPromise (D:\project\A365e2e\node_modules\selenium-webdriver\lib\promise.js:1077:7)
    at ControlFlow.promise (D:\project\A365e2e\node_modules\selenium-webdriver\lib\promise.js:2505:12)
    at D:\project\A365e2e\node_modules\selenium-webdriver\lib\promise.js:2190:22
    at TaskQueue.execute_ (D:\project\A365e2e\node_modules\selenium-webdriver\lib\promise.js:3084:14)
    at TaskQueue.executeNext_ (D:\project\A365e2e\node_modules\selenium-webdriver\lib\promise.js:3067:27)
    at asyncRun (D:\project\A365e2e\node_modules\selenium-webdriver\lib\promise.js:2974:25)
    at D:\project\A365e2e\node_modules\selenium-webdriver\lib\promise.js:668:7
From: Task: Element not present.
By(xpath, //div[@aria-label='Sql Scripts. Press Alt+P to open menu.'])
    at scheduleWait (D:\project\A365e2e\node_modules\selenium-webdriver\lib\promise.js:2188:20)
    at ControlFlow.wait (D:\project\A365e2e\node_modules\selenium-webdriver\lib\promise.js:2517:12)
    at thenableWebDriverProxy.wait (D:\project\A365e2e\node_modules\selenium-webdriver\lib\webdriver.js:934:29)
    at run (D:\project\A365e2e\node_modules\protractor\built\browser.js:59:33)
    at ProtractorBrowser.to.(anonymous function) [as wait] (D:\project\A365e2e\node_modules\protractor\built\browser.js:67:16)
    at Function.<anonymous> (D:\project\A365e2e\e2e\Share\helper.ts:170:23)
    at step (D:\project\A365e2e\e2e\Share\helper.ts:32:23)
    at Object.next (D:\project\A365e2e\e2e\Share\helper.ts:13:53)
    at D:\project\A365e2e\e2e\Share\helper.ts:7:71
    at new Promise (<anonymous>)
From: Task: Run it("Refresh Sql Scripts") in control flow
    at UserContext.<anonymous> (D:\project\A365e2e\node_modules\jasminewd2\index.js:94:19)
    at attempt (D:\project\A365e2e\node_modules\jasmine-core\lib\jasmine-core\jasmine.js:4297:26)
    at QueueRunner.run (D:\project\A365e2e\node_modules\jasmine-core\lib\jasmine-core\jasmine.js:4217:20)
    at QueueRunner.execute (D:\project\A365e2e\node_modules\jasmine-core\lib\jasmine-core\jasmine.js:4199:10)
    at Spec.queueRunnerFactory (D:\project\A365e2e\node_modules\jasmine-core\lib\jasmine-core\jasmine.js:909:35)
    at Spec.execute (D:\project\A365e2e\node_modules\jasmine-core\lib\jasmine-core\jasmine.js:526:10)
    at UserContext.fn (D:\project\A365e2e\node_modules\jasmine-core\lib\jasmine-core\jasmine.js:5340:37)
    at attempt (D:\project\A365e2e\node_modules\jasmine-core\lib\jasmine-core\jasmine.js:4297:26)
    at QueueRunner.run (D:\project\A365e2e\node_modules\jasmine-core\lib\jasmine-core\jasmine.js:4217:20)
    at runNext (D:\project\A365e2e\node_modules\jasmine-core\lib\jasmine-core\jasmine.js:4257:20)
From asynchronous test: 
Error: 
    at Suite.<anonymous> (D:\project\A365e2e\e2e\SqlScripts\sqlScripts.spec.ts:20:5)
    at addSpecsToSuite (D:\project\A365e2e\node_modules\jasmine-core\lib\jasmine-core\jasmine.js:1107:25)
    at Env.describe (D:\project\A365e2e\node_modules\jasmine-core\lib\jasmine-core\jasmine.js:1074:7)
    at describe (D:\project\A365e2e\node_modules\jasmine-core\lib\jasmine-core\jasmine.js:4399:18)
    at Object.<anonymous> (D:\project\A365e2e\e2e\SqlScripts\sqlScripts.spec.ts:10:1)
    at Module._compile (internal/modules/cjs/loader.js:701:30)
    at Module.m._compile (D:\project\A365e2e\node_modules\ts-node\src\index.ts:473:23)
    at Module._extensions..js (internal/modules/cjs/loader.js:712:10)
    at Object.require.extensions.(anonymous function) [as .ts] (D:\project\A365e2e\node_modules\ts-node\src\index.ts:476:12)]]>
   </failure>
  </testcase>
  <testcase classname="Sql Scripts test" name="Create Sql Script" time="1.087">
   <failure type="exception" message="Failed: The specified session ID does not exist or is no longer active.
Build info: version: &apos;3.8.0&apos;, revision: &apos;924c4067df&apos;, time: &apos;2017-11-30T11:37:19.049Z&apos;
System info: host: &apos;MININT-GV7N9KS&apos;, ip: &apos;10.172.92.49&apos;, os.name: &apos;Windows 10&apos;, os.arch: &apos;amd64&apos;, os.version: &apos;10.0&apos;, java.version: &apos;12.0.1&apos;
Driver info: driver.version: unknown"><![CDATA[WebDriverError: The specified session ID does not exist or is no longer active.
Build info: version: '3.8.0', revision: '924c4067df', time: '2017-11-30T11:37:19.049Z'
System info: host: 'MININT-GV7N9KS', ip: '10.172.92.49', os.name: 'Windows 10', os.arch: 'amd64', os.version: '10.0', java.version: '12.0.1'
Driver info: driver.version: unknown
    at Object.checkLegacyResponse (D:\project\A365e2e\node_modules\selenium-webdriver\lib\error.js:546:15)
    at parseHttpResponse (D:\project\A365e2e\node_modules\selenium-webdriver\lib\http.js:509:13)
    at doSend.then.response (D:\project\A365e2e\node_modules\selenium-webdriver\lib\http.js:441:30)
    at process._tickCallback (internal/process/next_tick.js:68:7)
From: Task: WebDriver.findElements(By(xpath, //div[@class='menu-bar']//div/div/div[3]))
    at thenableWebDriverProxy.schedule (D:\project\A365e2e\node_modules\selenium-webdriver\lib\webdriver.js:807:17)
    at thenableWebDriverProxy.findElements (D:\project\A365e2e\node_modules\selenium-webdriver\lib\webdriver.js:1048:19)
    at ptor.waitForAngular.then (D:\project\A365e2e\node_modules\protractor\built\element.js:159:44)
    at ManagedPromise.invokeCallback_ (D:\project\A365e2e\node_modules\selenium-webdriver\lib\promise.js:1376:14)
    at TaskQueue.execute_ (D:\project\A365e2e\node_modules\selenium-webdriver\lib\promise.js:3084:14)
    at TaskQueue.executeNext_ (D:\project\A365e2e\node_modules\selenium-webdriver\lib\promise.js:3067:27)
    at asyncRun (D:\project\A365e2e\node_modules\selenium-webdriver\lib\promise.js:2927:27)
    at D:\project\A365e2e\node_modules\selenium-webdriver\lib\promise.js:668:7
    at process._tickCallback (internal/process/next_tick.js:68:7)
From: Task: <anonymous>
    at pollCondition (D:\project\A365e2e\node_modules\selenium-webdriver\lib\promise.js:2195:19)
    at D:\project\A365e2e\node_modules\selenium-webdriver\lib\promise.js:2191:7
    at new ManagedPromise (D:\project\A365e2e\node_modules\selenium-webdriver\lib\promise.js:1077:7)
    at ControlFlow.promise (D:\project\A365e2e\node_modules\selenium-webdriver\lib\promise.js:2505:12)
    at D:\project\A365e2e\node_modules\selenium-webdriver\lib\promise.js:2190:22
    at TaskQueue.execute_ (D:\project\A365e2e\node_modules\selenium-webdriver\lib\promise.js:3084:14)
    at TaskQueue.executeNext_ (D:\project\A365e2e\node_modules\selenium-webdriver\lib\promise.js:3067:27)
    at asyncRun (D:\project\A365e2e\node_modules\selenium-webdriver\lib\promise.js:2974:25)
    at D:\project\A365e2e\node_modules\selenium-webdriver\lib\promise.js:668:7
    at process._tickCallback (internal/process/next_tick.js:68:7)
From: Task: Element not present.
By(xpath, //div[@class='menu-bar']//div/div/div[3])
    at scheduleWait (D:\project\A365e2e\node_modules\selenium-webdriver\lib\promise.js:2188:20)
    at ControlFlow.wait (D:\project\A365e2e\node_modules\selenium-webdriver\lib\promise.js:2517:12)
    at thenableWebDriverProxy.wait (D:\project\A365e2e\node_modules\selenium-webdriver\lib\webdriver.js:934:29)
    at run (D:\project\A365e2e\node_modules\protractor\built\browser.js:59:33)
    at ProtractorBrowser.to.(anonymous function) [as wait] (D:\project\A365e2e\node_modules\protractor\built\browser.js:67:16)
    at Function.<anonymous> (D:\project\A365e2e\e2e\Share\helper.ts:170:23)
    at step (D:\project\A365e2e\e2e\Share\helper.ts:32:23)
    at Object.next (D:\project\A365e2e\e2e\Share\helper.ts:13:53)
    at D:\project\A365e2e\e2e\Share\helper.ts:7:71
    at new Promise (<anonymous>)
From: Task: Run beforeAll in control flow
    at UserContext.<anonymous> (D:\project\A365e2e\node_modules\jasminewd2\index.js:94:19)
    at attempt (D:\project\A365e2e\node_modules\jasmine-core\lib\jasmine-core\jasmine.js:4297:26)
    at QueueRunner.run (D:\project\A365e2e\node_modules\jasmine-core\lib\jasmine-core\jasmine.js:4217:20)
    at QueueRunner.execute (D:\project\A365e2e\node_modules\jasmine-core\lib\jasmine-core\jasmine.js:4199:10)
    at queueRunnerFactory (D:\project\A365e2e\node_modules\jasmine-core\lib\jasmine-core\jasmine.js:909:35)
    at UserContext.fn (D:\project\A365e2e\node_modules\jasmine-core\lib\jasmine-core\jasmine.js:5325:13)
    at attempt (D:\project\A365e2e\node_modules\jasmine-core\lib\jasmine-core\jasmine.js:4297:26)
    at QueueRunner.run (D:\project\A365e2e\node_modules\jasmine-core\lib\jasmine-core\jasmine.js:4217:20)
    at runNext (D:\project\A365e2e\node_modules\jasmine-core\lib\jasmine-core\jasmine.js:4257:20)
    at D:\project\A365e2e\node_modules\jasmine-core\lib\jasmine-core\jasmine.js:4264:13
From asynchronous test: 
Error: 
    at Suite.<anonymous> (D:\project\A365e2e\e2e\SqlScripts\sqlScripts.spec.ts:13:5)
    at addSpecsToSuite (D:\project\A365e2e\node_modules\jasmine-core\lib\jasmine-core\jasmine.js:1107:25)
    at Env.describe (D:\project\A365e2e\node_modules\jasmine-core\lib\jasmine-core\jasmine.js:1074:7)
    at describe (D:\project\A365e2e\node_modules\jasmine-core\lib\jasmine-core\jasmine.js:4399:18)
    at Object.<anonymous> (D:\project\A365e2e\e2e\SqlScripts\sqlScripts.spec.ts:10:1)
    at Module._compile (internal/modules/cjs/loader.js:701:30)
    at Module.m._compile (D:\project\A365e2e\node_modules\ts-node\src\index.ts:473:23)
    at Module._extensions..js (internal/modules/cjs/loader.js:712:10)
    at Object.require.extensions.(anonymous function) [as .ts] (D:\project\A365e2e\node_modules\ts-node\src\index.ts:476:12)]]>
   </failure>
   <failure type="exception" message="Failed: The specified session ID does not exist or is no longer active.
Build info: version: &apos;3.8.0&apos;, revision: &apos;924c4067df&apos;, time: &apos;2017-11-30T11:37:19.049Z&apos;
System info: host: &apos;MININT-GV7N9KS&apos;, ip: &apos;10.172.92.49&apos;, os.name: &apos;Windows 10&apos;, os.arch: &apos;amd64&apos;, os.version: &apos;10.0&apos;, java.version: &apos;12.0.1&apos;
Driver info: driver.version: unknown"><![CDATA[WebDriverError: The specified session ID does not exist or is no longer active.
Build info: version: '3.8.0', revision: '924c4067df', time: '2017-11-30T11:37:19.049Z'
System info: host: 'MININT-GV7N9KS', ip: '10.172.92.49', os.name: 'Windows 10', os.arch: 'amd64', os.version: '10.0', java.version: '12.0.1'
Driver info: driver.version: unknown
    at Object.checkLegacyResponse (D:\project\A365e2e\node_modules\selenium-webdriver\lib\error.js:546:15)
    at parseHttpResponse (D:\project\A365e2e\node_modules\selenium-webdriver\lib\http.js:509:13)
    at doSend.then.response (D:\project\A365e2e\node_modules\selenium-webdriver\lib\http.js:441:30)
    at process._tickCallback (internal/process/next_tick.js:68:7)
From: Task: WebDriver.findElements(By(xpath, //div[@aria-label='Sql Scripts. Press Alt+P to open menu.']/../div[3]//div[@class='name ng-star-inserted']))
    at thenableWebDriverProxy.schedule (D:\project\A365e2e\node_modules\selenium-webdriver\lib\webdriver.js:807:17)
    at thenableWebDriverProxy.findElements (D:\project\A365e2e\node_modules\selenium-webdriver\lib\webdriver.js:1048:19)
    at ptor.waitForAngular.then (D:\project\A365e2e\node_modules\protractor\built\element.js:159:44)
    at ManagedPromise.invokeCallback_ (D:\project\A365e2e\node_modules\selenium-webdriver\lib\promise.js:1376:14)
    at TaskQueue.execute_ (D:\project\A365e2e\node_modules\selenium-webdriver\lib\promise.js:3084:14)
    at TaskQueue.executeNext_ (D:\project\A365e2e\node_modules\selenium-webdriver\lib\promise.js:3067:27)
    at asyncRun (D:\project\A365e2e\node_modules\selenium-webdriver\lib\promise.js:2927:27)
    at D:\project\A365e2e\node_modules\selenium-webdriver\lib\promise.js:668:7Error: 
    at ElementArrayFinder.applyAction_ (D:\project\A365e2e\node_modules\protractor\built\element.js:459:27)
    at ElementArrayFinder.(anonymous function).args [as getText] (D:\project\A365e2e\node_modules\protractor\built\element.js:91:29)
    at SqlScript.<anonymous> (D:\project\A365e2e\e2e\SqlScripts\sqlScripts.po.ts:17:115)
    at step (D:\project\A365e2e\e2e\SqlScripts\sqlScripts.po.ts:32:23)
    at Object.next (D:\project\A365e2e\e2e\SqlScripts\sqlScripts.po.ts:13:53)
    at fulfilled (D:\project\A365e2e\e2e\SqlScripts\sqlScripts.po.ts:4:58)
From: Task: Run it("Create Sql Script") in control flow
    at UserContext.<anonymous> (D:\project\A365e2e\node_modules\jasminewd2\index.js:94:19)
    at attempt (D:\project\A365e2e\node_modules\jasmine-core\lib\jasmine-core\jasmine.js:4297:26)
    at QueueRunner.run (D:\project\A365e2e\node_modules\jasmine-core\lib\jasmine-core\jasmine.js:4217:20)
    at QueueRunner.execute (D:\project\A365e2e\node_modules\jasmine-core\lib\jasmine-core\jasmine.js:4199:10)
    at Spec.queueRunnerFactory (D:\project\A365e2e\node_modules\jasmine-core\lib\jasmine-core\jasmine.js:909:35)
    at Spec.execute (D:\project\A365e2e\node_modules\jasmine-core\lib\jasmine-core\jasmine.js:526:10)
    at UserContext.fn (D:\project\A365e2e\node_modules\jasmine-core\lib\jasmine-core\jasmine.js:5340:37)
    at attempt (D:\project\A365e2e\node_modules\jasmine-core\lib\jasmine-core\jasmine.js:4297:26)
    at QueueRunner.run (D:\project\A365e2e\node_modules\jasmine-core\lib\jasmine-core\jasmine.js:4217:20)
    at runNext (D:\project\A365e2e\node_modules\jasmine-core\lib\jasmine-core\jasmine.js:4257:20)
From asynchronous test: 
Error: 
    at Suite.<anonymous> (D:\project\A365e2e\e2e\SqlScripts\sqlScripts.spec.ts:25:5)
    at addSpecsToSuite (D:\project\A365e2e\node_modules\jasmine-core\lib\jasmine-core\jasmine.js:1107:25)
    at Env.describe (D:\project\A365e2e\node_modules\jasmine-core\lib\jasmine-core\jasmine.js:1074:7)
    at describe (D:\project\A365e2e\node_modules\jasmine-core\lib\jasmine-core\jasmine.js:4399:18)
    at Object.<anonymous> (D:\project\A365e2e\e2e\SqlScripts\sqlScripts.spec.ts:10:1)
    at Module._compile (internal/modules/cjs/loader.js:701:30)
    at Module.m._compile (D:\project\A365e2e\node_modules\ts-node\src\index.ts:473:23)
    at Module._extensions..js (internal/modules/cjs/loader.js:712:10)
    at Object.require.extensions.(anonymous function) [as .ts] (D:\project\A365e2e\node_modules\ts-node\src\index.ts:476:12)]]>
   </failure>
  </testcase>
  <testcase classname="Sql Scripts test" name="Rename Sql Script" time="1.063">
   <failure type="exception" message="Failed: The specified session ID does not exist or is no longer active.
Build info: version: &apos;3.8.0&apos;, revision: &apos;924c4067df&apos;, time: &apos;2017-11-30T11:37:19.049Z&apos;
System info: host: &apos;MININT-GV7N9KS&apos;, ip: &apos;10.172.92.49&apos;, os.name: &apos;Windows 10&apos;, os.arch: &apos;amd64&apos;, os.version: &apos;10.0&apos;, java.version: &apos;12.0.1&apos;
Driver info: driver.version: unknown"><![CDATA[WebDriverError: The specified session ID does not exist or is no longer active.
Build info: version: '3.8.0', revision: '924c4067df', time: '2017-11-30T11:37:19.049Z'
System info: host: 'MININT-GV7N9KS', ip: '10.172.92.49', os.name: 'Windows 10', os.arch: 'amd64', os.version: '10.0', java.version: '12.0.1'
Driver info: driver.version: unknown
    at Object.checkLegacyResponse (D:\project\A365e2e\node_modules\selenium-webdriver\lib\error.js:546:15)
    at parseHttpResponse (D:\project\A365e2e\node_modules\selenium-webdriver\lib\http.js:509:13)
    at doSend.then.response (D:\project\A365e2e\node_modules\selenium-webdriver\lib\http.js:441:30)
    at process._tickCallback (internal/process/next_tick.js:68:7)
From: Task: WebDriver.findElements(By(xpath, //div[@class='menu-bar']//div/div/div[3]))
    at thenableWebDriverProxy.schedule (D:\project\A365e2e\node_modules\selenium-webdriver\lib\webdriver.js:807:17)
    at thenableWebDriverProxy.findElements (D:\project\A365e2e\node_modules\selenium-webdriver\lib\webdriver.js:1048:19)
    at ptor.waitForAngular.then (D:\project\A365e2e\node_modules\protractor\built\element.js:159:44)
    at ManagedPromise.invokeCallback_ (D:\project\A365e2e\node_modules\selenium-webdriver\lib\promise.js:1376:14)
    at TaskQueue.execute_ (D:\project\A365e2e\node_modules\selenium-webdriver\lib\promise.js:3084:14)
    at TaskQueue.executeNext_ (D:\project\A365e2e\node_modules\selenium-webdriver\lib\promise.js:3067:27)
    at asyncRun (D:\project\A365e2e\node_modules\selenium-webdriver\lib\promise.js:2927:27)
    at D:\project\A365e2e\node_modules\selenium-webdriver\lib\promise.js:668:7
    at process._tickCallback (internal/process/next_tick.js:68:7)
From: Task: <anonymous>
    at pollCondition (D:\project\A365e2e\node_modules\selenium-webdriver\lib\promise.js:2195:19)
    at D:\project\A365e2e\node_modules\selenium-webdriver\lib\promise.js:2191:7
    at new ManagedPromise (D:\project\A365e2e\node_modules\selenium-webdriver\lib\promise.js:1077:7)
    at ControlFlow.promise (D:\project\A365e2e\node_modules\selenium-webdriver\lib\promise.js:2505:12)
    at D:\project\A365e2e\node_modules\selenium-webdriver\lib\promise.js:2190:22
    at TaskQueue.execute_ (D:\project\A365e2e\node_modules\selenium-webdriver\lib\promise.js:3084:14)
    at TaskQueue.executeNext_ (D:\project\A365e2e\node_modules\selenium-webdriver\lib\promise.js:3067:27)
    at asyncRun (D:\project\A365e2e\node_modules\selenium-webdriver\lib\promise.js:2974:25)
    at D:\project\A365e2e\node_modules\selenium-webdriver\lib\promise.js:668:7
    at process._tickCallback (internal/process/next_tick.js:68:7)
From: Task: Element not present.
By(xpath, //div[@class='menu-bar']//div/div/div[3])
    at scheduleWait (D:\project\A365e2e\node_modules\selenium-webdriver\lib\promise.js:2188:20)
    at ControlFlow.wait (D:\project\A365e2e\node_modules\selenium-webdriver\lib\promise.js:2517:12)
    at thenableWebDriverProxy.wait (D:\project\A365e2e\node_modules\selenium-webdriver\lib\webdriver.js:934:29)
    at run (D:\project\A365e2e\node_modules\protractor\built\browser.js:59:33)
    at ProtractorBrowser.to.(anonymous function) [as wait] (D:\project\A365e2e\node_modules\protractor\built\browser.js:67:16)
    at Function.<anonymous> (D:\project\A365e2e\e2e\Share\helper.ts:170:23)
    at step (D:\project\A365e2e\e2e\Share\helper.ts:32:23)
    at Object.next (D:\project\A365e2e\e2e\Share\helper.ts:13:53)
    at D:\project\A365e2e\e2e\Share\helper.ts:7:71
    at new Promise (<anonymous>)
From: Task: Run beforeAll in control flow
    at UserContext.<anonymous> (D:\project\A365e2e\node_modules\jasminewd2\index.js:94:19)
    at attempt (D:\project\A365e2e\node_modules\jasmine-core\lib\jasmine-core\jasmine.js:4297:26)
    at QueueRunner.run (D:\project\A365e2e\node_modules\jasmine-core\lib\jasmine-core\jasmine.js:4217:20)
    at QueueRunner.execute (D:\project\A365e2e\node_modules\jasmine-core\lib\jasmine-core\jasmine.js:4199:10)
    at queueRunnerFactory (D:\project\A365e2e\node_modules\jasmine-core\lib\jasmine-core\jasmine.js:909:35)
    at UserContext.fn (D:\project\A365e2e\node_modules\jasmine-core\lib\jasmine-core\jasmine.js:5325:13)
    at attempt (D:\project\A365e2e\node_modules\jasmine-core\lib\jasmine-core\jasmine.js:4297:26)
    at QueueRunner.run (D:\project\A365e2e\node_modules\jasmine-core\lib\jasmine-core\jasmine.js:4217:20)
    at runNext (D:\project\A365e2e\node_modules\jasmine-core\lib\jasmine-core\jasmine.js:4257:20)
    at D:\project\A365e2e\node_modules\jasmine-core\lib\jasmine-core\jasmine.js:4264:13
From asynchronous test: 
Error: 
    at Suite.<anonymous> (D:\project\A365e2e\e2e\SqlScripts\sqlScripts.spec.ts:13:5)
    at addSpecsToSuite (D:\project\A365e2e\node_modules\jasmine-core\lib\jasmine-core\jasmine.js:1107:25)
    at Env.describe (D:\project\A365e2e\node_modules\jasmine-core\lib\jasmine-core\jasmine.js:1074:7)
    at describe (D:\project\A365e2e\node_modules\jasmine-core\lib\jasmine-core\jasmine.js:4399:18)
    at Object.<anonymous> (D:\project\A365e2e\e2e\SqlScripts\sqlScripts.spec.ts:10:1)
    at Module._compile (internal/modules/cjs/loader.js:701:30)
    at Module.m._compile (D:\project\A365e2e\node_modules\ts-node\src\index.ts:473:23)
    at Module._extensions..js (internal/modules/cjs/loader.js:712:10)
    at Object.require.extensions.(anonymous function) [as .ts] (D:\project\A365e2e\node_modules\ts-node\src\index.ts:476:12)]]>
   </failure>
   <failure type="exception" message="Failed: The specified session ID does not exist or is no longer active.
Build info: version: &apos;3.8.0&apos;, revision: &apos;924c4067df&apos;, time: &apos;2017-11-30T11:37:19.049Z&apos;
System info: host: &apos;MININT-GV7N9KS&apos;, ip: &apos;10.172.92.49&apos;, os.name: &apos;Windows 10&apos;, os.arch: &apos;amd64&apos;, os.version: &apos;10.0&apos;, java.version: &apos;12.0.1&apos;
Driver info: driver.version: unknown"><![CDATA[WebDriverError: The specified session ID does not exist or is no longer active.
Build info: version: '3.8.0', revision: '924c4067df', time: '2017-11-30T11:37:19.049Z'
System info: host: 'MININT-GV7N9KS', ip: '10.172.92.49', os.name: 'Windows 10', os.arch: 'amd64', os.version: '10.0', java.version: '12.0.1'
Driver info: driver.version: unknown
    at Object.checkLegacyResponse (D:\project\A365e2e\node_modules\selenium-webdriver\lib\error.js:546:15)
    at parseHttpResponse (D:\project\A365e2e\node_modules\selenium-webdriver\lib\http.js:509:13)
    at doSend.then.response (D:\project\A365e2e\node_modules\selenium-webdriver\lib\http.js:441:30)
    at process._tickCallback (internal/process/next_tick.js:68:7)
From: Task: WebDriver.findElements(By(xpath, //div[@aria-label='Sql Scripts. Press Alt+P to open menu.']/../div[3]//div[@class='name ng-star-inserted']))
    at thenableWebDriverProxy.schedule (D:\project\A365e2e\node_modules\selenium-webdriver\lib\webdriver.js:807:17)
    at thenableWebDriverProxy.findElements (D:\project\A365e2e\node_modules\selenium-webdriver\lib\webdriver.js:1048:19)
    at ptor.waitForAngular.then (D:\project\A365e2e\node_modules\protractor\built\element.js:159:44)
    at ManagedPromise.invokeCallback_ (D:\project\A365e2e\node_modules\selenium-webdriver\lib\promise.js:1376:14)
    at TaskQueue.execute_ (D:\project\A365e2e\node_modules\selenium-webdriver\lib\promise.js:3084:14)
    at TaskQueue.executeNext_ (D:\project\A365e2e\node_modules\selenium-webdriver\lib\promise.js:3067:27)
    at asyncRun (D:\project\A365e2e\node_modules\selenium-webdriver\lib\promise.js:2927:27)
    at D:\project\A365e2e\node_modules\selenium-webdriver\lib\promise.js:668:7
From: Task: <anonymous>
    at pollCondition (D:\project\A365e2e\node_modules\selenium-webdriver\lib\promise.js:2195:19)
    at D:\project\A365e2e\node_modules\selenium-webdriver\lib\promise.js:2191:7
    at new ManagedPromise (D:\project\A365e2e\node_modules\selenium-webdriver\lib\promise.js:1077:7)
    at ControlFlow.promise (D:\project\A365e2e\node_modules\selenium-webdriver\lib\promise.js:2505:12)
    at D:\project\A365e2e\node_modules\selenium-webdriver\lib\promise.js:2190:22
    at TaskQueue.execute_ (D:\project\A365e2e\node_modules\selenium-webdriver\lib\promise.js:3084:14)
    at TaskQueue.executeNext_ (D:\project\A365e2e\node_modules\selenium-webdriver\lib\promise.js:3067:27)
    at asyncRun (D:\project\A365e2e\node_modules\selenium-webdriver\lib\promise.js:2974:25)
    at D:\project\A365e2e\node_modules\selenium-webdriver\lib\promise.js:668:7
From: Task: Element not present.
By(xpath, //div[@aria-label='Sql Scripts. Press Alt+P to open menu.']/../div[3]//div[@class='name ng-star-inserted'])
    at scheduleWait (D:\project\A365e2e\node_modules\selenium-webdriver\lib\promise.js:2188:20)
    at ControlFlow.wait (D:\project\A365e2e\node_modules\selenium-webdriver\lib\promise.js:2517:12)
    at thenableWebDriverProxy.wait (D:\project\A365e2e\node_modules\selenium-webdriver\lib\webdriver.js:934:29)
    at run (D:\project\A365e2e\node_modules\protractor\built\browser.js:59:33)
    at ProtractorBrowser.to.(anonymous function) [as wait] (D:\project\A365e2e\node_modules\protractor\built\browser.js:67:16)
    at Function.<anonymous> (D:\project\A365e2e\e2e\Share\helper.ts:170:23)
    at step (D:\project\A365e2e\e2e\Share\helper.ts:32:23)
    at Object.next (D:\project\A365e2e\e2e\Share\helper.ts:13:53)
    at D:\project\A365e2e\e2e\Share\helper.ts:7:71
    at new Promise (<anonymous>)
From: Task: Run it("Rename Sql Script") in control flow
    at UserContext.<anonymous> (D:\project\A365e2e\node_modules\jasminewd2\index.js:94:19)
    at attempt (D:\project\A365e2e\node_modules\jasmine-core\lib\jasmine-core\jasmine.js:4297:26)
    at QueueRunner.run (D:\project\A365e2e\node_modules\jasmine-core\lib\jasmine-core\jasmine.js:4217:20)
    at QueueRunner.execute (D:\project\A365e2e\node_modules\jasmine-core\lib\jasmine-core\jasmine.js:4199:10)
    at Spec.queueRunnerFactory (D:\project\A365e2e\node_modules\jasmine-core\lib\jasmine-core\jasmine.js:909:35)
    at Spec.execute (D:\project\A365e2e\node_modules\jasmine-core\lib\jasmine-core\jasmine.js:526:10)
    at UserContext.fn (D:\project\A365e2e\node_modules\jasmine-core\lib\jasmine-core\jasmine.js:5340:37)
    at attempt (D:\project\A365e2e\node_modules\jasmine-core\lib\jasmine-core\jasmine.js:4297:26)
    at QueueRunner.run (D:\project\A365e2e\node_modules\jasmine-core\lib\jasmine-core\jasmine.js:4217:20)
    at runNext (D:\project\A365e2e\node_modules\jasmine-core\lib\jasmine-core\jasmine.js:4257:20)
From asynchronous test: 
Error: 
    at Suite.<anonymous> (D:\project\A365e2e\e2e\SqlScripts\sqlScripts.spec.ts:34:5)
    at addSpecsToSuite (D:\project\A365e2e\node_modules\jasmine-core\lib\jasmine-core\jasmine.js:1107:25)
    at Env.describe (D:\project\A365e2e\node_modules\jasmine-core\lib\jasmine-core\jasmine.js:1074:7)
    at describe (D:\project\A365e2e\node_modules\jasmine-core\lib\jasmine-core\jasmine.js:4399:18)
    at Object.<anonymous> (D:\project\A365e2e\e2e\SqlScripts\sqlScripts.spec.ts:10:1)
    at Module._compile (internal/modules/cjs/loader.js:701:30)
    at Module.m._compile (D:\project\A365e2e\node_modules\ts-node\src\index.ts:473:23)
    at Module._extensions..js (internal/modules/cjs/loader.js:712:10)
    at Object.require.extensions.(anonymous function) [as .ts] (D:\project\A365e2e\node_modules\ts-node\src\index.ts:476:12)]]>
   </failure>
  </testcase>
  <testcase classname="Sql Scripts test" name="Save Sql Script" time="0.041">
   <failure type="exception" message="Failed: The specified session ID does not exist or is no longer active.
Build info: version: &apos;3.8.0&apos;, revision: &apos;924c4067df&apos;, time: &apos;2017-11-30T11:37:19.049Z&apos;
System info: host: &apos;MININT-GV7N9KS&apos;, ip: &apos;10.172.92.49&apos;, os.name: &apos;Windows 10&apos;, os.arch: &apos;amd64&apos;, os.version: &apos;10.0&apos;, java.version: &apos;12.0.1&apos;
Driver info: driver.version: unknown"><![CDATA[WebDriverError: The specified session ID does not exist or is no longer active.
Build info: version: '3.8.0', revision: '924c4067df', time: '2017-11-30T11:37:19.049Z'
System info: host: 'MININT-GV7N9KS', ip: '10.172.92.49', os.name: 'Windows 10', os.arch: 'amd64', os.version: '10.0', java.version: '12.0.1'
Driver info: driver.version: unknown
    at Object.checkLegacyResponse (D:\project\A365e2e\node_modules\selenium-webdriver\lib\error.js:546:15)
    at parseHttpResponse (D:\project\A365e2e\node_modules\selenium-webdriver\lib\http.js:509:13)
    at doSend.then.response (D:\project\A365e2e\node_modules\selenium-webdriver\lib\http.js:441:30)
    at process._tickCallback (internal/process/next_tick.js:68:7)
From: Task: WebDriver.findElements(By(xpath, //div[@class='menu-bar']//div/div/div[3]))
    at thenableWebDriverProxy.schedule (D:\project\A365e2e\node_modules\selenium-webdriver\lib\webdriver.js:807:17)
    at thenableWebDriverProxy.findElements (D:\project\A365e2e\node_modules\selenium-webdriver\lib\webdriver.js:1048:19)
    at ptor.waitForAngular.then (D:\project\A365e2e\node_modules\protractor\built\element.js:159:44)
    at ManagedPromise.invokeCallback_ (D:\project\A365e2e\node_modules\selenium-webdriver\lib\promise.js:1376:14)
    at TaskQueue.execute_ (D:\project\A365e2e\node_modules\selenium-webdriver\lib\promise.js:3084:14)
    at TaskQueue.executeNext_ (D:\project\A365e2e\node_modules\selenium-webdriver\lib\promise.js:3067:27)
    at asyncRun (D:\project\A365e2e\node_modules\selenium-webdriver\lib\promise.js:2927:27)
    at D:\project\A365e2e\node_modules\selenium-webdriver\lib\promise.js:668:7
    at process._tickCallback (internal/process/next_tick.js:68:7)
From: Task: <anonymous>
    at pollCondition (D:\project\A365e2e\node_modules\selenium-webdriver\lib\promise.js:2195:19)
    at D:\project\A365e2e\node_modules\selenium-webdriver\lib\promise.js:2191:7
    at new ManagedPromise (D:\project\A365e2e\node_modules\selenium-webdriver\lib\promise.js:1077:7)
    at ControlFlow.promise (D:\project\A365e2e\node_modules\selenium-webdriver\lib\promise.js:2505:12)
    at D:\project\A365e2e\node_modules\selenium-webdriver\lib\promise.js:2190:22
    at TaskQueue.execute_ (D:\project\A365e2e\node_modules\selenium-webdriver\lib\promise.js:3084:14)
    at TaskQueue.executeNext_ (D:\project\A365e2e\node_modules\selenium-webdriver\lib\promise.js:3067:27)
    at asyncRun (D:\project\A365e2e\node_modules\selenium-webdriver\lib\promise.js:2974:25)
    at D:\project\A365e2e\node_modules\selenium-webdriver\lib\promise.js:668:7
    at process._tickCallback (internal/process/next_tick.js:68:7)
From: Task: Element not present.
By(xpath, //div[@class='menu-bar']//div/div/div[3])
    at scheduleWait (D:\project\A365e2e\node_modules\selenium-webdriver\lib\promise.js:2188:20)
    at ControlFlow.wait (D:\project\A365e2e\node_modules\selenium-webdriver\lib\promise.js:2517:12)
    at thenableWebDriverProxy.wait (D:\project\A365e2e\node_modules\selenium-webdriver\lib\webdriver.js:934:29)
    at run (D:\project\A365e2e\node_modules\protractor\built\browser.js:59:33)
    at ProtractorBrowser.to.(anonymous function) [as wait] (D:\project\A365e2e\node_modules\protractor\built\browser.js:67:16)
    at Function.<anonymous> (D:\project\A365e2e\e2e\Share\helper.ts:170:23)
    at step (D:\project\A365e2e\e2e\Share\helper.ts:32:23)
    at Object.next (D:\project\A365e2e\e2e\Share\helper.ts:13:53)
    at D:\project\A365e2e\e2e\Share\helper.ts:7:71
    at new Promise (<anonymous>)
From: Task: Run beforeAll in control flow
    at UserContext.<anonymous> (D:\project\A365e2e\node_modules\jasminewd2\index.js:94:19)
    at attempt (D:\project\A365e2e\node_modules\jasmine-core\lib\jasmine-core\jasmine.js:4297:26)
    at QueueRunner.run (D:\project\A365e2e\node_modules\jasmine-core\lib\jasmine-core\jasmine.js:4217:20)
    at QueueRunner.execute (D:\project\A365e2e\node_modules\jasmine-core\lib\jasmine-core\jasmine.js:4199:10)
    at queueRunnerFactory (D:\project\A365e2e\node_modules\jasmine-core\lib\jasmine-core\jasmine.js:909:35)
    at UserContext.fn (D:\project\A365e2e\node_modules\jasmine-core\lib\jasmine-core\jasmine.js:5325:13)
    at attempt (D:\project\A365e2e\node_modules\jasmine-core\lib\jasmine-core\jasmine.js:4297:26)
    at QueueRunner.run (D:\project\A365e2e\node_modules\jasmine-core\lib\jasmine-core\jasmine.js:4217:20)
    at runNext (D:\project\A365e2e\node_modules\jasmine-core\lib\jasmine-core\jasmine.js:4257:20)
    at D:\project\A365e2e\node_modules\jasmine-core\lib\jasmine-core\jasmine.js:4264:13
From asynchronous test: 
Error: 
    at Suite.<anonymous> (D:\project\A365e2e\e2e\SqlScripts\sqlScripts.spec.ts:13:5)
    at addSpecsToSuite (D:\project\A365e2e\node_modules\jasmine-core\lib\jasmine-core\jasmine.js:1107:25)
    at Env.describe (D:\project\A365e2e\node_modules\jasmine-core\lib\jasmine-core\jasmine.js:1074:7)
    at describe (D:\project\A365e2e\node_modules\jasmine-core\lib\jasmine-core\jasmine.js:4399:18)
    at Object.<anonymous> (D:\project\A365e2e\e2e\SqlScripts\sqlScripts.spec.ts:10:1)
    at Module._compile (internal/modules/cjs/loader.js:701:30)
    at Module.m._compile (D:\project\A365e2e\node_modules\ts-node\src\index.ts:473:23)
    at Module._extensions..js (internal/modules/cjs/loader.js:712:10)
    at Object.require.extensions.(anonymous function) [as .ts] (D:\project\A365e2e\node_modules\ts-node\src\index.ts:476:12)]]>
   </failure>
   <failure type="exception" message="WebDriverError: The specified session ID does not exist or is no longer active.
Build info: version: &apos;3.8.0&apos;, revision: &apos;924c4067df&apos;, time: &apos;2017-11-30T11:37:19.049Z&apos;
System info: host: &apos;MININT-GV7N9KS&apos;, ip: &apos;10.172.92.49&apos;, os.name: &apos;Windows 10&apos;, os.arch: &apos;amd64&apos;, os.version: &apos;10.0&apos;, java.version: &apos;12.0.1&apos;
Driver info: driver.version: unknown"><![CDATA[WebDriverError: The specified session ID does not exist or is no longer active.
Build info: version: '3.8.0', revision: '924c4067df', time: '2017-11-30T11:37:19.049Z'
System info: host: 'MININT-GV7N9KS', ip: '10.172.92.49', os.name: 'Windows 10', os.arch: 'amd64', os.version: '10.0', java.version: '12.0.1'
Driver info: driver.version: unknown
    at Object.checkLegacyResponse (D:\project\A365e2e\node_modules\selenium-webdriver\lib\error.js:546:15)
    at parseHttpResponse (D:\project\A365e2e\node_modules\selenium-webdriver\lib\http.js:509:13)
    at doSend.then.response (D:\project\A365e2e\node_modules\selenium-webdriver\lib\http.js:441:30)
    at process._tickCallback (internal/process/next_tick.js:68:7)
From: Task: WebDriver.findElements(By(xpath, //div[starts-with(@class,'Editor_editorToolbar')]/following-sibling::div//div[starts-with(@class,'monaco-editor')]/div[1]))
    at thenableWebDriverProxy.schedule (D:\project\A365e2e\node_modules\selenium-webdriver\lib\webdriver.js:807:17)
    at thenableWebDriverProxy.findElements (D:\project\A365e2e\node_modules\selenium-webdriver\lib\webdriver.js:1048:19)
    at ptor.waitForAngular.then (D:\project\A365e2e\node_modules\protractor\built\element.js:159:44)
    at ManagedPromise.invokeCallback_ (D:\project\A365e2e\node_modules\selenium-webdriver\lib\promise.js:1376:14)
    at TaskQueue.execute_ (D:\project\A365e2e\node_modules\selenium-webdriver\lib\promise.js:3084:14)
    at TaskQueue.executeNext_ (D:\project\A365e2e\node_modules\selenium-webdriver\lib\promise.js:3067:27)
    at asyncRun (D:\project\A365e2e\node_modules\selenium-webdriver\lib\promise.js:2927:27)
    at D:\project\A365e2e\node_modules\selenium-webdriver\lib\promise.js:668:7
    at process._tickCallback (internal/process/next_tick.js:68:7)Error: 
    at ElementArrayFinder.applyAction_ (D:\project\A365e2e\node_modules\protractor\built\element.js:459:27)
    at ElementArrayFinder.(anonymous function).args [as getId] (D:\project\A365e2e\node_modules\protractor\built\element.js:91:29)
    at ElementFinder.(anonymous function).args [as getId] (D:\project\A365e2e\node_modules\protractor\built\element.js:831:22)
    at ActionSequence.mouseMove (D:\project\A365e2e\node_modules\selenium-webdriver\lib\actions.js:151:44)
    at ActionSequence.scheduleMouseAction_ (D:\project\A365e2e\node_modules\selenium-webdriver\lib\actions.js:189:14)
    at ActionSequence.click (D:\project\A365e2e\node_modules\selenium-webdriver\lib\actions.js:288:17)
    at SqlScript.<anonymous> (D:\project\A365e2e\e2e\SqlScripts\sqlScripts.po.ts:99:33)
    at step (D:\project\A365e2e\e2e\SqlScripts\sqlScripts.po.ts:32:23)
    at Object.next (D:\project\A365e2e\e2e\SqlScripts\sqlScripts.po.ts:13:53)
    at fulfilled (D:\project\A365e2e\e2e\SqlScripts\sqlScripts.po.ts:4:58)]]>
   </failure>
  </testcase>
  <testcase classname="Sql Scripts test" name="Open Sql Script" time="0.06">
   <failure type="exception" message="Failed: The specified session ID does not exist or is no longer active.
Build info: version: &apos;3.8.0&apos;, revision: &apos;924c4067df&apos;, time: &apos;2017-11-30T11:37:19.049Z&apos;
System info: host: &apos;MININT-GV7N9KS&apos;, ip: &apos;10.172.92.49&apos;, os.name: &apos;Windows 10&apos;, os.arch: &apos;amd64&apos;, os.version: &apos;10.0&apos;, java.version: &apos;12.0.1&apos;
Driver info: driver.version: unknown"><![CDATA[WebDriverError: The specified session ID does not exist or is no longer active.
Build info: version: '3.8.0', revision: '924c4067df', time: '2017-11-30T11:37:19.049Z'
System info: host: 'MININT-GV7N9KS', ip: '10.172.92.49', os.name: 'Windows 10', os.arch: 'amd64', os.version: '10.0', java.version: '12.0.1'
Driver info: driver.version: unknown
    at Object.checkLegacyResponse (D:\project\A365e2e\node_modules\selenium-webdriver\lib\error.js:546:15)
    at parseHttpResponse (D:\project\A365e2e\node_modules\selenium-webdriver\lib\http.js:509:13)
    at doSend.then.response (D:\project\A365e2e\node_modules\selenium-webdriver\lib\http.js:441:30)
    at process._tickCallback (internal/process/next_tick.js:68:7)
From: Task: WebDriver.findElements(By(xpath, //div[@class='menu-bar']//div/div/div[3]))
    at thenableWebDriverProxy.schedule (D:\project\A365e2e\node_modules\selenium-webdriver\lib\webdriver.js:807:17)
    at thenableWebDriverProxy.findElements (D:\project\A365e2e\node_modules\selenium-webdriver\lib\webdriver.js:1048:19)
    at ptor.waitForAngular.then (D:\project\A365e2e\node_modules\protractor\built\element.js:159:44)
    at ManagedPromise.invokeCallback_ (D:\project\A365e2e\node_modules\selenium-webdriver\lib\promise.js:1376:14)
    at TaskQueue.execute_ (D:\project\A365e2e\node_modules\selenium-webdriver\lib\promise.js:3084:14)
    at TaskQueue.executeNext_ (D:\project\A365e2e\node_modules\selenium-webdriver\lib\promise.js:3067:27)
    at asyncRun (D:\project\A365e2e\node_modules\selenium-webdriver\lib\promise.js:2927:27)
    at D:\project\A365e2e\node_modules\selenium-webdriver\lib\promise.js:668:7
    at process._tickCallback (internal/process/next_tick.js:68:7)
From: Task: <anonymous>
    at pollCondition (D:\project\A365e2e\node_modules\selenium-webdriver\lib\promise.js:2195:19)
    at D:\project\A365e2e\node_modules\selenium-webdriver\lib\promise.js:2191:7
    at new ManagedPromise (D:\project\A365e2e\node_modules\selenium-webdriver\lib\promise.js:1077:7)
    at ControlFlow.promise (D:\project\A365e2e\node_modules\selenium-webdriver\lib\promise.js:2505:12)
    at D:\project\A365e2e\node_modules\selenium-webdriver\lib\promise.js:2190:22
    at TaskQueue.execute_ (D:\project\A365e2e\node_modules\selenium-webdriver\lib\promise.js:3084:14)
    at TaskQueue.executeNext_ (D:\project\A365e2e\node_modules\selenium-webdriver\lib\promise.js:3067:27)
    at asyncRun (D:\project\A365e2e\node_modules\selenium-webdriver\lib\promise.js:2974:25)
    at D:\project\A365e2e\node_modules\selenium-webdriver\lib\promise.js:668:7
    at process._tickCallback (internal/process/next_tick.js:68:7)
From: Task: Element not present.
By(xpath, //div[@class='menu-bar']//div/div/div[3])
    at scheduleWait (D:\project\A365e2e\node_modules\selenium-webdriver\lib\promise.js:2188:20)
    at ControlFlow.wait (D:\project\A365e2e\node_modules\selenium-webdriver\lib\promise.js:2517:12)
    at thenableWebDriverProxy.wait (D:\project\A365e2e\node_modules\selenium-webdriver\lib\webdriver.js:934:29)
    at run (D:\project\A365e2e\node_modules\protractor\built\browser.js:59:33)
    at ProtractorBrowser.to.(anonymous function) [as wait] (D:\project\A365e2e\node_modules\protractor\built\browser.js:67:16)
    at Function.<anonymous> (D:\project\A365e2e\e2e\Share\helper.ts:170:23)
    at step (D:\project\A365e2e\e2e\Share\helper.ts:32:23)
    at Object.next (D:\project\A365e2e\e2e\Share\helper.ts:13:53)
    at D:\project\A365e2e\e2e\Share\helper.ts:7:71
    at new Promise (<anonymous>)
From: Task: Run beforeAll in control flow
    at UserContext.<anonymous> (D:\project\A365e2e\node_modules\jasminewd2\index.js:94:19)
    at attempt (D:\project\A365e2e\node_modules\jasmine-core\lib\jasmine-core\jasmine.js:4297:26)
    at QueueRunner.run (D:\project\A365e2e\node_modules\jasmine-core\lib\jasmine-core\jasmine.js:4217:20)
    at QueueRunner.execute (D:\project\A365e2e\node_modules\jasmine-core\lib\jasmine-core\jasmine.js:4199:10)
    at queueRunnerFactory (D:\project\A365e2e\node_modules\jasmine-core\lib\jasmine-core\jasmine.js:909:35)
    at UserContext.fn (D:\project\A365e2e\node_modules\jasmine-core\lib\jasmine-core\jasmine.js:5325:13)
    at attempt (D:\project\A365e2e\node_modules\jasmine-core\lib\jasmine-core\jasmine.js:4297:26)
    at QueueRunner.run (D:\project\A365e2e\node_modules\jasmine-core\lib\jasmine-core\jasmine.js:4217:20)
    at runNext (D:\project\A365e2e\node_modules\jasmine-core\lib\jasmine-core\jasmine.js:4257:20)
    at D:\project\A365e2e\node_modules\jasmine-core\lib\jasmine-core\jasmine.js:4264:13
From asynchronous test: 
Error: 
    at Suite.<anonymous> (D:\project\A365e2e\e2e\SqlScripts\sqlScripts.spec.ts:13:5)
    at addSpecsToSuite (D:\project\A365e2e\node_modules\jasmine-core\lib\jasmine-core\jasmine.js:1107:25)
    at Env.describe (D:\project\A365e2e\node_modules\jasmine-core\lib\jasmine-core\jasmine.js:1074:7)
    at describe (D:\project\A365e2e\node_modules\jasmine-core\lib\jasmine-core\jasmine.js:4399:18)
    at Object.<anonymous> (D:\project\A365e2e\e2e\SqlScripts\sqlScripts.spec.ts:10:1)
    at Module._compile (internal/modules/cjs/loader.js:701:30)
    at Module.m._compile (D:\project\A365e2e\node_modules\ts-node\src\index.ts:473:23)
    at Module._extensions..js (internal/modules/cjs/loader.js:712:10)
    at Object.require.extensions.(anonymous function) [as .ts] (D:\project\A365e2e\node_modules\ts-node\src\index.ts:476:12)]]>
   </failure>
   <failure type="exception" message="Failed: The specified session ID does not exist or is no longer active.
Build info: version: &apos;3.8.0&apos;, revision: &apos;924c4067df&apos;, time: &apos;2017-11-30T11:37:19.049Z&apos;
System info: host: &apos;MININT-GV7N9KS&apos;, ip: &apos;10.172.92.49&apos;, os.name: &apos;Windows 10&apos;, os.arch: &apos;amd64&apos;, os.version: &apos;10.0&apos;, java.version: &apos;12.0.1&apos;
Driver info: driver.version: unknown"><![CDATA[WebDriverError: The specified session ID does not exist or is no longer active.
Build info: version: '3.8.0', revision: '924c4067df', time: '2017-11-30T11:37:19.049Z'
System info: host: 'MININT-GV7N9KS', ip: '10.172.92.49', os.name: 'Windows 10', os.arch: 'amd64', os.version: '10.0', java.version: '12.0.1'
Driver info: driver.version: unknown
    at Object.checkLegacyResponse (D:\project\A365e2e\node_modules\selenium-webdriver\lib\error.js:546:15)
    at parseHttpResponse (D:\project\A365e2e\node_modules\selenium-webdriver\lib\http.js:509:13)
    at doSend.then.response (D:\project\A365e2e\node_modules\selenium-webdriver\lib\http.js:441:30)
    at process._tickCallback (internal/process/next_tick.js:68:7)
From: Task: WebDriver.findElements(By(xpath, //div[@class='tab active'][@title='a_qionwu']/div[3]))
    at thenableWebDriverProxy.schedule (D:\project\A365e2e\node_modules\selenium-webdriver\lib\webdriver.js:807:17)
    at thenableWebDriverProxy.findElements (D:\project\A365e2e\node_modules\selenium-webdriver\lib\webdriver.js:1048:19)
    at ptor.waitForAngular.then (D:\project\A365e2e\node_modules\protractor\built\element.js:159:44)
    at ManagedPromise.invokeCallback_ (D:\project\A365e2e\node_modules\selenium-webdriver\lib\promise.js:1376:14)
    at TaskQueue.execute_ (D:\project\A365e2e\node_modules\selenium-webdriver\lib\promise.js:3084:14)
    at TaskQueue.executeNext_ (D:\project\A365e2e\node_modules\selenium-webdriver\lib\promise.js:3067:27)
    at asyncRun (D:\project\A365e2e\node_modules\selenium-webdriver\lib\promise.js:2927:27)
    at D:\project\A365e2e\node_modules\selenium-webdriver\lib\promise.js:668:7
    at process._tickCallback (internal/process/next_tick.js:68:7)
From: Task: <anonymous>
    at pollCondition (D:\project\A365e2e\node_modules\selenium-webdriver\lib\promise.js:2195:19)
    at D:\project\A365e2e\node_modules\selenium-webdriver\lib\promise.js:2191:7
    at new ManagedPromise (D:\project\A365e2e\node_modules\selenium-webdriver\lib\promise.js:1077:7)
    at ControlFlow.promise (D:\project\A365e2e\node_modules\selenium-webdriver\lib\promise.js:2505:12)
    at D:\project\A365e2e\node_modules\selenium-webdriver\lib\promise.js:2190:22
    at TaskQueue.execute_ (D:\project\A365e2e\node_modules\selenium-webdriver\lib\promise.js:3084:14)
    at TaskQueue.executeNext_ (D:\project\A365e2e\node_modules\selenium-webdriver\lib\promise.js:3067:27)
    at asyncRun (D:\project\A365e2e\node_modules\selenium-webdriver\lib\promise.js:2974:25)
    at D:\project\A365e2e\node_modules\selenium-webdriver\lib\promise.js:668:7
    at process._tickCallback (internal/process/next_tick.js:68:7)
From: Task: Element not present.
By(xpath, //div[@class='tab active'][@title='a_qionwu']/div[3])
    at scheduleWait (D:\project\A365e2e\node_modules\selenium-webdriver\lib\promise.js:2188:20)
    at ControlFlow.wait (D:\project\A365e2e\node_modules\selenium-webdriver\lib\promise.js:2517:12)
    at thenableWebDriverProxy.wait (D:\project\A365e2e\node_modules\selenium-webdriver\lib\webdriver.js:934:29)
    at run (D:\project\A365e2e\node_modules\protractor\built\browser.js:59:33)
    at ProtractorBrowser.to.(anonymous function) [as wait] (D:\project\A365e2e\node_modules\protractor\built\browser.js:67:16)
    at Function.<anonymous> (D:\project\A365e2e\e2e\Share\helper.ts:170:23)
    at step (D:\project\A365e2e\e2e\Share\helper.ts:32:23)
    at Object.next (D:\project\A365e2e\e2e\Share\helper.ts:13:53)
    at D:\project\A365e2e\e2e\Share\helper.ts:7:71
    at new Promise (<anonymous>)
From: Task: Run it("Open Sql Script") in control flow
    at UserContext.<anonymous> (D:\project\A365e2e\node_modules\jasminewd2\index.js:94:19)
    at attempt (D:\project\A365e2e\node_modules\jasmine-core\lib\jasmine-core\jasmine.js:4297:26)
    at QueueRunner.run (D:\project\A365e2e\node_modules\jasmine-core\lib\jasmine-core\jasmine.js:4217:20)
    at QueueRunner.execute (D:\project\A365e2e\node_modules\jasmine-core\lib\jasmine-core\jasmine.js:4199:10)
    at Spec.queueRunnerFactory (D:\project\A365e2e\node_modules\jasmine-core\lib\jasmine-core\jasmine.js:909:35)
    at Spec.execute (D:\project\A365e2e\node_modules\jasmine-core\lib\jasmine-core\jasmine.js:526:10)
    at UserContext.fn (D:\project\A365e2e\node_modules\jasmine-core\lib\jasmine-core\jasmine.js:5340:37)
    at attempt (D:\project\A365e2e\node_modules\jasmine-core\lib\jasmine-core\jasmine.js:4297:26)
    at QueueRunner.run (D:\project\A365e2e\node_modules\jasmine-core\lib\jasmine-core\jasmine.js:4217:20)
    at runNext (D:\project\A365e2e\node_modules\jasmine-core\lib\jasmine-core\jasmine.js:4257:20)
From asynchronous test: 
Error: 
    at Suite.<anonymous> (D:\project\A365e2e\e2e\SqlScripts\sqlScripts.spec.ts:53:5)
    at addSpecsToSuite (D:\project\A365e2e\node_modules\jasmine-core\lib\jasmine-core\jasmine.js:1107:25)
    at Env.describe (D:\project\A365e2e\node_modules\jasmine-core\lib\jasmine-core\jasmine.js:1074:7)
    at describe (D:\project\A365e2e\node_modules\jasmine-core\lib\jasmine-core\jasmine.js:4399:18)
    at Object.<anonymous> (D:\project\A365e2e\e2e\SqlScripts\sqlScripts.spec.ts:10:1)
    at Module._compile (internal/modules/cjs/loader.js:701:30)
    at Module.m._compile (D:\project\A365e2e\node_modules\ts-node\src\index.ts:473:23)
    at Module._extensions..js (internal/modules/cjs/loader.js:712:10)
    at Object.require.extensions.(anonymous function) [as .ts] (D:\project\A365e2e\node_modules\ts-node\src\index.ts:476:12)]]>
   </failure>
  </testcase>
  <testcase classname="Sql Scripts test" name="Run Sql Script" time="5.035">
   <failure type="exception" message="Failed: The specified session ID does not exist or is no longer active.
Build info: version: &apos;3.8.0&apos;, revision: &apos;924c4067df&apos;, time: &apos;2017-11-30T11:37:19.049Z&apos;
System info: host: &apos;MININT-GV7N9KS&apos;, ip: &apos;10.172.92.49&apos;, os.name: &apos;Windows 10&apos;, os.arch: &apos;amd64&apos;, os.version: &apos;10.0&apos;, java.version: &apos;12.0.1&apos;
Driver info: driver.version: unknown"><![CDATA[WebDriverError: The specified session ID does not exist or is no longer active.
Build info: version: '3.8.0', revision: '924c4067df', time: '2017-11-30T11:37:19.049Z'
System info: host: 'MININT-GV7N9KS', ip: '10.172.92.49', os.name: 'Windows 10', os.arch: 'amd64', os.version: '10.0', java.version: '12.0.1'
Driver info: driver.version: unknown
    at Object.checkLegacyResponse (D:\project\A365e2e\node_modules\selenium-webdriver\lib\error.js:546:15)
    at parseHttpResponse (D:\project\A365e2e\node_modules\selenium-webdriver\lib\http.js:509:13)
    at doSend.then.response (D:\project\A365e2e\node_modules\selenium-webdriver\lib\http.js:441:30)
    at process._tickCallback (internal/process/next_tick.js:68:7)
From: Task: WebDriver.findElements(By(xpath, //div[@class='menu-bar']//div/div/div[3]))
    at thenableWebDriverProxy.schedule (D:\project\A365e2e\node_modules\selenium-webdriver\lib\webdriver.js:807:17)
    at thenableWebDriverProxy.findElements (D:\project\A365e2e\node_modules\selenium-webdriver\lib\webdriver.js:1048:19)
    at ptor.waitForAngular.then (D:\project\A365e2e\node_modules\protractor\built\element.js:159:44)
    at ManagedPromise.invokeCallback_ (D:\project\A365e2e\node_modules\selenium-webdriver\lib\promise.js:1376:14)
    at TaskQueue.execute_ (D:\project\A365e2e\node_modules\selenium-webdriver\lib\promise.js:3084:14)
    at TaskQueue.executeNext_ (D:\project\A365e2e\node_modules\selenium-webdriver\lib\promise.js:3067:27)
    at asyncRun (D:\project\A365e2e\node_modules\selenium-webdriver\lib\promise.js:2927:27)
    at D:\project\A365e2e\node_modules\selenium-webdriver\lib\promise.js:668:7
    at process._tickCallback (internal/process/next_tick.js:68:7)
From: Task: <anonymous>
    at pollCondition (D:\project\A365e2e\node_modules\selenium-webdriver\lib\promise.js:2195:19)
    at D:\project\A365e2e\node_modules\selenium-webdriver\lib\promise.js:2191:7
    at new ManagedPromise (D:\project\A365e2e\node_modules\selenium-webdriver\lib\promise.js:1077:7)
    at ControlFlow.promise (D:\project\A365e2e\node_modules\selenium-webdriver\lib\promise.js:2505:12)
    at D:\project\A365e2e\node_modules\selenium-webdriver\lib\promise.js:2190:22
    at TaskQueue.execute_ (D:\project\A365e2e\node_modules\selenium-webdriver\lib\promise.js:3084:14)
    at TaskQueue.executeNext_ (D:\project\A365e2e\node_modules\selenium-webdriver\lib\promise.js:3067:27)
    at asyncRun (D:\project\A365e2e\node_modules\selenium-webdriver\lib\promise.js:2974:25)
    at D:\project\A365e2e\node_modules\selenium-webdriver\lib\promise.js:668:7
    at process._tickCallback (internal/process/next_tick.js:68:7)
From: Task: Element not present.
By(xpath, //div[@class='menu-bar']//div/div/div[3])
    at scheduleWait (D:\project\A365e2e\node_modules\selenium-webdriver\lib\promise.js:2188:20)
    at ControlFlow.wait (D:\project\A365e2e\node_modules\selenium-webdriver\lib\promise.js:2517:12)
    at thenableWebDriverProxy.wait (D:\project\A365e2e\node_modules\selenium-webdriver\lib\webdriver.js:934:29)
    at run (D:\project\A365e2e\node_modules\protractor\built\browser.js:59:33)
    at ProtractorBrowser.to.(anonymous function) [as wait] (D:\project\A365e2e\node_modules\protractor\built\browser.js:67:16)
    at Function.<anonymous> (D:\project\A365e2e\e2e\Share\helper.ts:170:23)
    at step (D:\project\A365e2e\e2e\Share\helper.ts:32:23)
    at Object.next (D:\project\A365e2e\e2e\Share\helper.ts:13:53)
    at D:\project\A365e2e\e2e\Share\helper.ts:7:71
    at new Promise (<anonymous>)
From: Task: Run beforeAll in control flow
    at UserContext.<anonymous> (D:\project\A365e2e\node_modules\jasminewd2\index.js:94:19)
    at attempt (D:\project\A365e2e\node_modules\jasmine-core\lib\jasmine-core\jasmine.js:4297:26)
    at QueueRunner.run (D:\project\A365e2e\node_modules\jasmine-core\lib\jasmine-core\jasmine.js:4217:20)
    at QueueRunner.execute (D:\project\A365e2e\node_modules\jasmine-core\lib\jasmine-core\jasmine.js:4199:10)
    at queueRunnerFactory (D:\project\A365e2e\node_modules\jasmine-core\lib\jasmine-core\jasmine.js:909:35)
    at UserContext.fn (D:\project\A365e2e\node_modules\jasmine-core\lib\jasmine-core\jasmine.js:5325:13)
    at attempt (D:\project\A365e2e\node_modules\jasmine-core\lib\jasmine-core\jasmine.js:4297:26)
    at QueueRunner.run (D:\project\A365e2e\node_modules\jasmine-core\lib\jasmine-core\jasmine.js:4217:20)
    at runNext (D:\project\A365e2e\node_modules\jasmine-core\lib\jasmine-core\jasmine.js:4257:20)
    at D:\project\A365e2e\node_modules\jasmine-core\lib\jasmine-core\jasmine.js:4264:13
From asynchronous test: 
Error: 
    at Suite.<anonymous> (D:\project\A365e2e\e2e\SqlScripts\sqlScripts.spec.ts:13:5)
    at addSpecsToSuite (D:\project\A365e2e\node_modules\jasmine-core\lib\jasmine-core\jasmine.js:1107:25)
    at Env.describe (D:\project\A365e2e\node_modules\jasmine-core\lib\jasmine-core\jasmine.js:1074:7)
    at describe (D:\project\A365e2e\node_modules\jasmine-core\lib\jasmine-core\jasmine.js:4399:18)
    at Object.<anonymous> (D:\project\A365e2e\e2e\SqlScripts\sqlScripts.spec.ts:10:1)
    at Module._compile (internal/modules/cjs/loader.js:701:30)
    at Module.m._compile (D:\project\A365e2e\node_modules\ts-node\src\index.ts:473:23)
    at Module._extensions..js (internal/modules/cjs/loader.js:712:10)
    at Object.require.extensions.(anonymous function) [as .ts] (D:\project\A365e2e\node_modules\ts-node\src\index.ts:476:12)]]>
   </failure>
   <failure type="exception" message="Failed: The specified session ID does not exist or is no longer active.
Build info: version: &apos;3.8.0&apos;, revision: &apos;924c4067df&apos;, time: &apos;2017-11-30T11:37:19.049Z&apos;
System info: host: &apos;MININT-GV7N9KS&apos;, ip: &apos;10.172.92.49&apos;, os.name: &apos;Windows 10&apos;, os.arch: &apos;amd64&apos;, os.version: &apos;10.0&apos;, java.version: &apos;12.0.1&apos;
Driver info: driver.version: unknown"><![CDATA[WebDriverError: The specified session ID does not exist or is no longer active.
Build info: version: '3.8.0', revision: '924c4067df', time: '2017-11-30T11:37:19.049Z'
System info: host: 'MININT-GV7N9KS', ip: '10.172.92.49', os.name: 'Windows 10', os.arch: 'amd64', os.version: '10.0', java.version: '12.0.1'
Driver info: driver.version: unknown
    at Object.checkLegacyResponse (D:\project\A365e2e\node_modules\selenium-webdriver\lib\error.js:546:15)
    at parseHttpResponse (D:\project\A365e2e\node_modules\selenium-webdriver\lib\http.js:509:13)
    at doSend.then.response (D:\project\A365e2e\node_modules\selenium-webdriver\lib\http.js:441:30)
    at process._tickCallback (internal/process/next_tick.js:68:7)
From: Task: WebDriver.findElements(By(xpath, //div[@class='tab active'][@title='a_qionwu']/div[3]))
    at thenableWebDriverProxy.schedule (D:\project\A365e2e\node_modules\selenium-webdriver\lib\webdriver.js:807:17)
    at thenableWebDriverProxy.findElements (D:\project\A365e2e\node_modules\selenium-webdriver\lib\webdriver.js:1048:19)
    at ptor.waitForAngular.then (D:\project\A365e2e\node_modules\protractor\built\element.js:159:44)
    at ManagedPromise.invokeCallback_ (D:\project\A365e2e\node_modules\selenium-webdriver\lib\promise.js:1376:14)
    at TaskQueue.execute_ (D:\project\A365e2e\node_modules\selenium-webdriver\lib\promise.js:3084:14)
    at TaskQueue.executeNext_ (D:\project\A365e2e\node_modules\selenium-webdriver\lib\promise.js:3067:27)
    at asyncRun (D:\project\A365e2e\node_modules\selenium-webdriver\lib\promise.js:2927:27)
    at D:\project\A365e2e\node_modules\selenium-webdriver\lib\promise.js:668:7
From: Task: <anonymous>
    at pollCondition (D:\project\A365e2e\node_modules\selenium-webdriver\lib\promise.js:2195:19)
    at D:\project\A365e2e\node_modules\selenium-webdriver\lib\promise.js:2191:7
    at new ManagedPromise (D:\project\A365e2e\node_modules\selenium-webdriver\lib\promise.js:1077:7)
    at ControlFlow.promise (D:\project\A365e2e\node_modules\selenium-webdriver\lib\promise.js:2505:12)
    at D:\project\A365e2e\node_modules\selenium-webdriver\lib\promise.js:2190:22
    at TaskQueue.execute_ (D:\project\A365e2e\node_modules\selenium-webdriver\lib\promise.js:3084:14)
    at TaskQueue.executeNext_ (D:\project\A365e2e\node_modules\selenium-webdriver\lib\promise.js:3067:27)
    at asyncRun (D:\project\A365e2e\node_modules\selenium-webdriver\lib\promise.js:2974:25)
    at D:\project\A365e2e\node_modules\selenium-webdriver\lib\promise.js:668:7
From: Task: Element not present.
By(xpath, //div[@class='tab active'][@title='a_qionwu']/div[3])
    at scheduleWait (D:\project\A365e2e\node_modules\selenium-webdriver\lib\promise.js:2188:20)
    at ControlFlow.wait (D:\project\A365e2e\node_modules\selenium-webdriver\lib\promise.js:2517:12)
    at thenableWebDriverProxy.wait (D:\project\A365e2e\node_modules\selenium-webdriver\lib\webdriver.js:934:29)
    at run (D:\project\A365e2e\node_modules\protractor\built\browser.js:59:33)
    at ProtractorBrowser.to.(anonymous function) [as wait] (D:\project\A365e2e\node_modules\protractor\built\browser.js:67:16)
    at Function.<anonymous> (D:\project\A365e2e\e2e\Share\helper.ts:170:23)
    at step (D:\project\A365e2e\e2e\Share\helper.ts:32:23)
    at Object.next (D:\project\A365e2e\e2e\Share\helper.ts:13:53)
    at D:\project\A365e2e\e2e\Share\helper.ts:7:71
    at new Promise (<anonymous>)
From: Task: Run it("Run Sql Script") in control flow
    at UserContext.<anonymous> (D:\project\A365e2e\node_modules\jasminewd2\index.js:94:19)
    at attempt (D:\project\A365e2e\node_modules\jasmine-core\lib\jasmine-core\jasmine.js:4297:26)
    at QueueRunner.run (D:\project\A365e2e\node_modules\jasmine-core\lib\jasmine-core\jasmine.js:4217:20)
    at QueueRunner.execute (D:\project\A365e2e\node_modules\jasmine-core\lib\jasmine-core\jasmine.js:4199:10)
    at Spec.queueRunnerFactory (D:\project\A365e2e\node_modules\jasmine-core\lib\jasmine-core\jasmine.js:909:35)
    at Spec.execute (D:\project\A365e2e\node_modules\jasmine-core\lib\jasmine-core\jasmine.js:526:10)
    at UserContext.fn (D:\project\A365e2e\node_modules\jasmine-core\lib\jasmine-core\jasmine.js:5340:37)
    at attempt (D:\project\A365e2e\node_modules\jasmine-core\lib\jasmine-core\jasmine.js:4297:26)
    at QueueRunner.run (D:\project\A365e2e\node_modules\jasmine-core\lib\jasmine-core\jasmine.js:4217:20)
    at runNext (D:\project\A365e2e\node_modules\jasmine-core\lib\jasmine-core\jasmine.js:4257:20)
From asynchronous test: 
Error: 
    at Suite.<anonymous> (D:\project\A365e2e\e2e\SqlScripts\sqlScripts.spec.ts:59:5)
    at addSpecsToSuite (D:\project\A365e2e\node_modules\jasmine-core\lib\jasmine-core\jasmine.js:1107:25)
    at Env.describe (D:\project\A365e2e\node_modules\jasmine-core\lib\jasmine-core\jasmine.js:1074:7)
    at describe (D:\project\A365e2e\node_modules\jasmine-core\lib\jasmine-core\jasmine.js:4399:18)
    at Object.<anonymous> (D:\project\A365e2e\e2e\SqlScripts\sqlScripts.spec.ts:10:1)
    at Module._compile (internal/modules/cjs/loader.js:701:30)
    at Module.m._compile (D:\project\A365e2e\node_modules\ts-node\src\index.ts:473:23)
    at Module._extensions..js (internal/modules/cjs/loader.js:712:10)
    at Object.require.extensions.(anonymous function) [as .ts] (D:\project\A365e2e\node_modules\ts-node\src\index.ts:476:12)]]>
   </failure>
  </testcase>
  <testcase classname="Sql Scripts test" name="Open more tabs on the same time" time="0.064">
   <failure type="exception" message="Failed: The specified session ID does not exist or is no longer active.
Build info: version: &apos;3.8.0&apos;, revision: &apos;924c4067df&apos;, time: &apos;2017-11-30T11:37:19.049Z&apos;
System info: host: &apos;MININT-GV7N9KS&apos;, ip: &apos;10.172.92.49&apos;, os.name: &apos;Windows 10&apos;, os.arch: &apos;amd64&apos;, os.version: &apos;10.0&apos;, java.version: &apos;12.0.1&apos;
Driver info: driver.version: unknown"><![CDATA[WebDriverError: The specified session ID does not exist or is no longer active.
Build info: version: '3.8.0', revision: '924c4067df', time: '2017-11-30T11:37:19.049Z'
System info: host: 'MININT-GV7N9KS', ip: '10.172.92.49', os.name: 'Windows 10', os.arch: 'amd64', os.version: '10.0', java.version: '12.0.1'
Driver info: driver.version: unknown
    at Object.checkLegacyResponse (D:\project\A365e2e\node_modules\selenium-webdriver\lib\error.js:546:15)
    at parseHttpResponse (D:\project\A365e2e\node_modules\selenium-webdriver\lib\http.js:509:13)
    at doSend.then.response (D:\project\A365e2e\node_modules\selenium-webdriver\lib\http.js:441:30)
    at process._tickCallback (internal/process/next_tick.js:68:7)
From: Task: WebDriver.findElements(By(xpath, //div[@class='menu-bar']//div/div/div[3]))
    at thenableWebDriverProxy.schedule (D:\project\A365e2e\node_modules\selenium-webdriver\lib\webdriver.js:807:17)
    at thenableWebDriverProxy.findElements (D:\project\A365e2e\node_modules\selenium-webdriver\lib\webdriver.js:1048:19)
    at ptor.waitForAngular.then (D:\project\A365e2e\node_modules\protractor\built\element.js:159:44)
    at ManagedPromise.invokeCallback_ (D:\project\A365e2e\node_modules\selenium-webdriver\lib\promise.js:1376:14)
    at TaskQueue.execute_ (D:\project\A365e2e\node_modules\selenium-webdriver\lib\promise.js:3084:14)
    at TaskQueue.executeNext_ (D:\project\A365e2e\node_modules\selenium-webdriver\lib\promise.js:3067:27)
    at asyncRun (D:\project\A365e2e\node_modules\selenium-webdriver\lib\promise.js:2927:27)
    at D:\project\A365e2e\node_modules\selenium-webdriver\lib\promise.js:668:7
    at process._tickCallback (internal/process/next_tick.js:68:7)
From: Task: <anonymous>
    at pollCondition (D:\project\A365e2e\node_modules\selenium-webdriver\lib\promise.js:2195:19)
    at D:\project\A365e2e\node_modules\selenium-webdriver\lib\promise.js:2191:7
    at new ManagedPromise (D:\project\A365e2e\node_modules\selenium-webdriver\lib\promise.js:1077:7)
    at ControlFlow.promise (D:\project\A365e2e\node_modules\selenium-webdriver\lib\promise.js:2505:12)
    at D:\project\A365e2e\node_modules\selenium-webdriver\lib\promise.js:2190:22
    at TaskQueue.execute_ (D:\project\A365e2e\node_modules\selenium-webdriver\lib\promise.js:3084:14)
    at TaskQueue.executeNext_ (D:\project\A365e2e\node_modules\selenium-webdriver\lib\promise.js:3067:27)
    at asyncRun (D:\project\A365e2e\node_modules\selenium-webdriver\lib\promise.js:2974:25)
    at D:\project\A365e2e\node_modules\selenium-webdriver\lib\promise.js:668:7
    at process._tickCallback (internal/process/next_tick.js:68:7)
From: Task: Element not present.
By(xpath, //div[@class='menu-bar']//div/div/div[3])
    at scheduleWait (D:\project\A365e2e\node_modules\selenium-webdriver\lib\promise.js:2188:20)
    at ControlFlow.wait (D:\project\A365e2e\node_modules\selenium-webdriver\lib\promise.js:2517:12)
    at thenableWebDriverProxy.wait (D:\project\A365e2e\node_modules\selenium-webdriver\lib\webdriver.js:934:29)
    at run (D:\project\A365e2e\node_modules\protractor\built\browser.js:59:33)
    at ProtractorBrowser.to.(anonymous function) [as wait] (D:\project\A365e2e\node_modules\protractor\built\browser.js:67:16)
    at Function.<anonymous> (D:\project\A365e2e\e2e\Share\helper.ts:170:23)
    at step (D:\project\A365e2e\e2e\Share\helper.ts:32:23)
    at Object.next (D:\project\A365e2e\e2e\Share\helper.ts:13:53)
    at D:\project\A365e2e\e2e\Share\helper.ts:7:71
    at new Promise (<anonymous>)
From: Task: Run beforeAll in control flow
    at UserContext.<anonymous> (D:\project\A365e2e\node_modules\jasminewd2\index.js:94:19)
    at attempt (D:\project\A365e2e\node_modules\jasmine-core\lib\jasmine-core\jasmine.js:4297:26)
    at QueueRunner.run (D:\project\A365e2e\node_modules\jasmine-core\lib\jasmine-core\jasmine.js:4217:20)
    at QueueRunner.execute (D:\project\A365e2e\node_modules\jasmine-core\lib\jasmine-core\jasmine.js:4199:10)
    at queueRunnerFactory (D:\project\A365e2e\node_modules\jasmine-core\lib\jasmine-core\jasmine.js:909:35)
    at UserContext.fn (D:\project\A365e2e\node_modules\jasmine-core\lib\jasmine-core\jasmine.js:5325:13)
    at attempt (D:\project\A365e2e\node_modules\jasmine-core\lib\jasmine-core\jasmine.js:4297:26)
    at QueueRunner.run (D:\project\A365e2e\node_modules\jasmine-core\lib\jasmine-core\jasmine.js:4217:20)
    at runNext (D:\project\A365e2e\node_modules\jasmine-core\lib\jasmine-core\jasmine.js:4257:20)
    at D:\project\A365e2e\node_modules\jasmine-core\lib\jasmine-core\jasmine.js:4264:13
From asynchronous test: 
Error: 
    at Suite.<anonymous> (D:\project\A365e2e\e2e\SqlScripts\sqlScripts.spec.ts:13:5)
    at addSpecsToSuite (D:\project\A365e2e\node_modules\jasmine-core\lib\jasmine-core\jasmine.js:1107:25)
    at Env.describe (D:\project\A365e2e\node_modules\jasmine-core\lib\jasmine-core\jasmine.js:1074:7)
    at describe (D:\project\A365e2e\node_modules\jasmine-core\lib\jasmine-core\jasmine.js:4399:18)
    at Object.<anonymous> (D:\project\A365e2e\e2e\SqlScripts\sqlScripts.spec.ts:10:1)
    at Module._compile (internal/modules/cjs/loader.js:701:30)
    at Module.m._compile (D:\project\A365e2e\node_modules\ts-node\src\index.ts:473:23)
    at Module._extensions..js (internal/modules/cjs/loader.js:712:10)
    at Object.require.extensions.(anonymous function) [as .ts] (D:\project\A365e2e\node_modules\ts-node\src\index.ts:476:12)]]>
   </failure>
   <failure type="exception" message="Failed: The specified session ID does not exist or is no longer active.
Build info: version: &apos;3.8.0&apos;, revision: &apos;924c4067df&apos;, time: &apos;2017-11-30T11:37:19.049Z&apos;
System info: host: &apos;MININT-GV7N9KS&apos;, ip: &apos;10.172.92.49&apos;, os.name: &apos;Windows 10&apos;, os.arch: &apos;amd64&apos;, os.version: &apos;10.0&apos;, java.version: &apos;12.0.1&apos;
Driver info: driver.version: unknown"><![CDATA[WebDriverError: The specified session ID does not exist or is no longer active.
Build info: version: '3.8.0', revision: '924c4067df', time: '2017-11-30T11:37:19.049Z'
System info: host: 'MININT-GV7N9KS', ip: '10.172.92.49', os.name: 'Windows 10', os.arch: 'amd64', os.version: '10.0', java.version: '12.0.1'
Driver info: driver.version: unknown
    at Object.checkLegacyResponse (D:\project\A365e2e\node_modules\selenium-webdriver\lib\error.js:546:15)
    at parseHttpResponse (D:\project\A365e2e\node_modules\selenium-webdriver\lib\http.js:509:13)
    at doSend.then.response (D:\project\A365e2e\node_modules\selenium-webdriver\lib\http.js:441:30)
    at process._tickCallback (internal/process/next_tick.js:68:7)
From: Task: WebDriver.findElements(By(xpath, //div[@class='tabContainer']/div[2]))
    at thenableWebDriverProxy.schedule (D:\project\A365e2e\node_modules\selenium-webdriver\lib\webdriver.js:807:17)
    at thenableWebDriverProxy.findElements (D:\project\A365e2e\node_modules\selenium-webdriver\lib\webdriver.js:1048:19)
    at ptor.waitForAngular.then (D:\project\A365e2e\node_modules\protractor\built\element.js:159:44)
    at ManagedPromise.invokeCallback_ (D:\project\A365e2e\node_modules\selenium-webdriver\lib\promise.js:1376:14)
    at TaskQueue.execute_ (D:\project\A365e2e\node_modules\selenium-webdriver\lib\promise.js:3084:14)
    at TaskQueue.executeNext_ (D:\project\A365e2e\node_modules\selenium-webdriver\lib\promise.js:3067:27)
    at asyncRun (D:\project\A365e2e\node_modules\selenium-webdriver\lib\promise.js:2927:27)
    at D:\project\A365e2e\node_modules\selenium-webdriver\lib\promise.js:668:7
    at process._tickCallback (internal/process/next_tick.js:68:7)
From: Task: <anonymous>
    at pollCondition (D:\project\A365e2e\node_modules\selenium-webdriver\lib\promise.js:2195:19)
    at D:\project\A365e2e\node_modules\selenium-webdriver\lib\promise.js:2191:7
    at new ManagedPromise (D:\project\A365e2e\node_modules\selenium-webdriver\lib\promise.js:1077:7)
    at ControlFlow.promise (D:\project\A365e2e\node_modules\selenium-webdriver\lib\promise.js:2505:12)
    at D:\project\A365e2e\node_modules\selenium-webdriver\lib\promise.js:2190:22
    at TaskQueue.execute_ (D:\project\A365e2e\node_modules\selenium-webdriver\lib\promise.js:3084:14)
    at TaskQueue.executeNext_ (D:\project\A365e2e\node_modules\selenium-webdriver\lib\promise.js:3067:27)
    at asyncRun (D:\project\A365e2e\node_modules\selenium-webdriver\lib\promise.js:2974:25)
    at D:\project\A365e2e\node_modules\selenium-webdriver\lib\promise.js:668:7
    at process._tickCallback (internal/process/next_tick.js:68:7)
From: Task: Element not present.
By(xpath, //div[@class='tabContainer']/div[2])
    at scheduleWait (D:\project\A365e2e\node_modules\selenium-webdriver\lib\promise.js:2188:20)
    at ControlFlow.wait (D:\project\A365e2e\node_modules\selenium-webdriver\lib\promise.js:2517:12)
    at thenableWebDriverProxy.wait (D:\project\A365e2e\node_modules\selenium-webdriver\lib\webdriver.js:934:29)
    at run (D:\project\A365e2e\node_modules\protractor\built\browser.js:59:33)
    at ProtractorBrowser.to.(anonymous function) [as wait] (D:\project\A365e2e\node_modules\protractor\built\browser.js:67:16)
    at Function.<anonymous> (D:\project\A365e2e\e2e\Share\helper.ts:170:23)
    at step (D:\project\A365e2e\e2e\Share\helper.ts:32:23)
    at Object.next (D:\project\A365e2e\e2e\Share\helper.ts:13:53)
    at D:\project\A365e2e\e2e\Share\helper.ts:7:71
    at new Promise (<anonymous>)
From: Task: Run it("Open more tabs on the same time") in control flow
    at UserContext.<anonymous> (D:\project\A365e2e\node_modules\jasminewd2\index.js:94:19)
    at attempt (D:\project\A365e2e\node_modules\jasmine-core\lib\jasmine-core\jasmine.js:4297:26)
    at QueueRunner.run (D:\project\A365e2e\node_modules\jasmine-core\lib\jasmine-core\jasmine.js:4217:20)
    at QueueRunner.execute (D:\project\A365e2e\node_modules\jasmine-core\lib\jasmine-core\jasmine.js:4199:10)
    at Spec.queueRunnerFactory (D:\project\A365e2e\node_modules\jasmine-core\lib\jasmine-core\jasmine.js:909:35)
    at Spec.execute (D:\project\A365e2e\node_modules\jasmine-core\lib\jasmine-core\jasmine.js:526:10)
    at UserContext.fn (D:\project\A365e2e\node_modules\jasmine-core\lib\jasmine-core\jasmine.js:5340:37)
    at attempt (D:\project\A365e2e\node_modules\jasmine-core\lib\jasmine-core\jasmine.js:4297:26)
    at QueueRunner.run (D:\project\A365e2e\node_modules\jasmine-core\lib\jasmine-core\jasmine.js:4217:20)
    at runNext (D:\project\A365e2e\node_modules\jasmine-core\lib\jasmine-core\jasmine.js:4257:20)
From asynchronous test: 
Error: 
    at Suite.<anonymous> (D:\project\A365e2e\e2e\SqlScripts\sqlScripts.spec.ts:66:5)
    at addSpecsToSuite (D:\project\A365e2e\node_modules\jasmine-core\lib\jasmine-core\jasmine.js:1107:25)
    at Env.describe (D:\project\A365e2e\node_modules\jasmine-core\lib\jasmine-core\jasmine.js:1074:7)
    at describe (D:\project\A365e2e\node_modules\jasmine-core\lib\jasmine-core\jasmine.js:4399:18)
    at Object.<anonymous> (D:\project\A365e2e\e2e\SqlScripts\sqlScripts.spec.ts:10:1)
    at Module._compile (internal/modules/cjs/loader.js:701:30)
    at Module.m._compile (D:\project\A365e2e\node_modules\ts-node\src\index.ts:473:23)
    at Module._extensions..js (internal/modules/cjs/loader.js:712:10)
    at Object.require.extensions.(anonymous function) [as .ts] (D:\project\A365e2e\node_modules\ts-node\src\index.ts:476:12)]]>
   </failure>
  </testcase>
  <testcase classname="Sql Scripts test" name="Delete Sql Script" time="1.037">
   <failure type="exception" message="Failed: The specified session ID does not exist or is no longer active.
Build info: version: &apos;3.8.0&apos;, revision: &apos;924c4067df&apos;, time: &apos;2017-11-30T11:37:19.049Z&apos;
System info: host: &apos;MININT-GV7N9KS&apos;, ip: &apos;10.172.92.49&apos;, os.name: &apos;Windows 10&apos;, os.arch: &apos;amd64&apos;, os.version: &apos;10.0&apos;, java.version: &apos;12.0.1&apos;
Driver info: driver.version: unknown"><![CDATA[WebDriverError: The specified session ID does not exist or is no longer active.
Build info: version: '3.8.0', revision: '924c4067df', time: '2017-11-30T11:37:19.049Z'
System info: host: 'MININT-GV7N9KS', ip: '10.172.92.49', os.name: 'Windows 10', os.arch: 'amd64', os.version: '10.0', java.version: '12.0.1'
Driver info: driver.version: unknown
    at Object.checkLegacyResponse (D:\project\A365e2e\node_modules\selenium-webdriver\lib\error.js:546:15)
    at parseHttpResponse (D:\project\A365e2e\node_modules\selenium-webdriver\lib\http.js:509:13)
    at doSend.then.response (D:\project\A365e2e\node_modules\selenium-webdriver\lib\http.js:441:30)
    at process._tickCallback (internal/process/next_tick.js:68:7)
From: Task: WebDriver.findElements(By(xpath, //div[@class='menu-bar']//div/div/div[3]))
    at thenableWebDriverProxy.schedule (D:\project\A365e2e\node_modules\selenium-webdriver\lib\webdriver.js:807:17)
    at thenableWebDriverProxy.findElements (D:\project\A365e2e\node_modules\selenium-webdriver\lib\webdriver.js:1048:19)
    at ptor.waitForAngular.then (D:\project\A365e2e\node_modules\protractor\built\element.js:159:44)
    at ManagedPromise.invokeCallback_ (D:\project\A365e2e\node_modules\selenium-webdriver\lib\promise.js:1376:14)
    at TaskQueue.execute_ (D:\project\A365e2e\node_modules\selenium-webdriver\lib\promise.js:3084:14)
    at TaskQueue.executeNext_ (D:\project\A365e2e\node_modules\selenium-webdriver\lib\promise.js:3067:27)
    at asyncRun (D:\project\A365e2e\node_modules\selenium-webdriver\lib\promise.js:2927:27)
    at D:\project\A365e2e\node_modules\selenium-webdriver\lib\promise.js:668:7
    at process._tickCallback (internal/process/next_tick.js:68:7)
From: Task: <anonymous>
    at pollCondition (D:\project\A365e2e\node_modules\selenium-webdriver\lib\promise.js:2195:19)
    at D:\project\A365e2e\node_modules\selenium-webdriver\lib\promise.js:2191:7
    at new ManagedPromise (D:\project\A365e2e\node_modules\selenium-webdriver\lib\promise.js:1077:7)
    at ControlFlow.promise (D:\project\A365e2e\node_modules\selenium-webdriver\lib\promise.js:2505:12)
    at D:\project\A365e2e\node_modules\selenium-webdriver\lib\promise.js:2190:22
    at TaskQueue.execute_ (D:\project\A365e2e\node_modules\selenium-webdriver\lib\promise.js:3084:14)
    at TaskQueue.executeNext_ (D:\project\A365e2e\node_modules\selenium-webdriver\lib\promise.js:3067:27)
    at asyncRun (D:\project\A365e2e\node_modules\selenium-webdriver\lib\promise.js:2974:25)
    at D:\project\A365e2e\node_modules\selenium-webdriver\lib\promise.js:668:7
    at process._tickCallback (internal/process/next_tick.js:68:7)
From: Task: Element not present.
By(xpath, //div[@class='menu-bar']//div/div/div[3])
    at scheduleWait (D:\project\A365e2e\node_modules\selenium-webdriver\lib\promise.js:2188:20)
    at ControlFlow.wait (D:\project\A365e2e\node_modules\selenium-webdriver\lib\promise.js:2517:12)
    at thenableWebDriverProxy.wait (D:\project\A365e2e\node_modules\selenium-webdriver\lib\webdriver.js:934:29)
    at run (D:\project\A365e2e\node_modules\protractor\built\browser.js:59:33)
    at ProtractorBrowser.to.(anonymous function) [as wait] (D:\project\A365e2e\node_modules\protractor\built\browser.js:67:16)
    at Function.<anonymous> (D:\project\A365e2e\e2e\Share\helper.ts:170:23)
    at step (D:\project\A365e2e\e2e\Share\helper.ts:32:23)
    at Object.next (D:\project\A365e2e\e2e\Share\helper.ts:13:53)
    at D:\project\A365e2e\e2e\Share\helper.ts:7:71
    at new Promise (<anonymous>)
From: Task: Run beforeAll in control flow
    at UserContext.<anonymous> (D:\project\A365e2e\node_modules\jasminewd2\index.js:94:19)
    at attempt (D:\project\A365e2e\node_modules\jasmine-core\lib\jasmine-core\jasmine.js:4297:26)
    at QueueRunner.run (D:\project\A365e2e\node_modules\jasmine-core\lib\jasmine-core\jasmine.js:4217:20)
    at QueueRunner.execute (D:\project\A365e2e\node_modules\jasmine-core\lib\jasmine-core\jasmine.js:4199:10)
    at queueRunnerFactory (D:\project\A365e2e\node_modules\jasmine-core\lib\jasmine-core\jasmine.js:909:35)
    at UserContext.fn (D:\project\A365e2e\node_modules\jasmine-core\lib\jasmine-core\jasmine.js:5325:13)
    at attempt (D:\project\A365e2e\node_modules\jasmine-core\lib\jasmine-core\jasmine.js:4297:26)
    at QueueRunner.run (D:\project\A365e2e\node_modules\jasmine-core\lib\jasmine-core\jasmine.js:4217:20)
    at runNext (D:\project\A365e2e\node_modules\jasmine-core\lib\jasmine-core\jasmine.js:4257:20)
    at D:\project\A365e2e\node_modules\jasmine-core\lib\jasmine-core\jasmine.js:4264:13
From asynchronous test: 
Error: 
    at Suite.<anonymous> (D:\project\A365e2e\e2e\SqlScripts\sqlScripts.spec.ts:13:5)
    at addSpecsToSuite (D:\project\A365e2e\node_modules\jasmine-core\lib\jasmine-core\jasmine.js:1107:25)
    at Env.describe (D:\project\A365e2e\node_modules\jasmine-core\lib\jasmine-core\jasmine.js:1074:7)
    at describe (D:\project\A365e2e\node_modules\jasmine-core\lib\jasmine-core\jasmine.js:4399:18)
    at Object.<anonymous> (D:\project\A365e2e\e2e\SqlScripts\sqlScripts.spec.ts:10:1)
    at Module._compile (internal/modules/cjs/loader.js:701:30)
    at Module.m._compile (D:\project\A365e2e\node_modules\ts-node\src\index.ts:473:23)
    at Module._extensions..js (internal/modules/cjs/loader.js:712:10)
    at Object.require.extensions.(anonymous function) [as .ts] (D:\project\A365e2e\node_modules\ts-node\src\index.ts:476:12)]]>
   </failure>
   <failure type="exception" message="Failed: The specified session ID does not exist or is no longer active.
Build info: version: &apos;3.8.0&apos;, revision: &apos;924c4067df&apos;, time: &apos;2017-11-30T11:37:19.049Z&apos;
System info: host: &apos;MININT-GV7N9KS&apos;, ip: &apos;10.172.92.49&apos;, os.name: &apos;Windows 10&apos;, os.arch: &apos;amd64&apos;, os.version: &apos;10.0&apos;, java.version: &apos;12.0.1&apos;
Driver info: driver.version: unknown"><![CDATA[WebDriverError: The specified session ID does not exist or is no longer active.
Build info: version: '3.8.0', revision: '924c4067df', time: '2017-11-30T11:37:19.049Z'
System info: host: 'MININT-GV7N9KS', ip: '10.172.92.49', os.name: 'Windows 10', os.arch: 'amd64', os.version: '10.0', java.version: '12.0.1'
Driver info: driver.version: unknown
    at Object.checkLegacyResponse (D:\project\A365e2e\node_modules\selenium-webdriver\lib\error.js:546:15)
    at parseHttpResponse (D:\project\A365e2e\node_modules\selenium-webdriver\lib\http.js:509:13)
    at doSend.then.response (D:\project\A365e2e\node_modules\selenium-webdriver\lib\http.js:441:30)
    at process._tickCallback (internal/process/next_tick.js:68:7)
From: Task: WebDriver.findElements(By(xpath, //div[@aria-label='Sql Scripts. Press Alt+P to open menu.']/../div[@role='list']//div[@title='a_qionwu']/..))
    at thenableWebDriverProxy.schedule (D:\project\A365e2e\node_modules\selenium-webdriver\lib\webdriver.js:807:17)
    at thenableWebDriverProxy.findElements (D:\project\A365e2e\node_modules\selenium-webdriver\lib\webdriver.js:1048:19)
    at ptor.waitForAngular.then (D:\project\A365e2e\node_modules\protractor\built\element.js:159:44)
    at ManagedPromise.invokeCallback_ (D:\project\A365e2e\node_modules\selenium-webdriver\lib\promise.js:1376:14)
    at TaskQueue.execute_ (D:\project\A365e2e\node_modules\selenium-webdriver\lib\promise.js:3084:14)
    at TaskQueue.executeNext_ (D:\project\A365e2e\node_modules\selenium-webdriver\lib\promise.js:3067:27)
    at asyncRun (D:\project\A365e2e\node_modules\selenium-webdriver\lib\promise.js:2927:27)
    at D:\project\A365e2e\node_modules\selenium-webdriver\lib\promise.js:668:7
From: Task: <anonymous>
    at pollCondition (D:\project\A365e2e\node_modules\selenium-webdriver\lib\promise.js:2195:19)
    at D:\project\A365e2e\node_modules\selenium-webdriver\lib\promise.js:2191:7
    at new ManagedPromise (D:\project\A365e2e\node_modules\selenium-webdriver\lib\promise.js:1077:7)
    at ControlFlow.promise (D:\project\A365e2e\node_modules\selenium-webdriver\lib\promise.js:2505:12)
    at D:\project\A365e2e\node_modules\selenium-webdriver\lib\promise.js:2190:22
    at TaskQueue.execute_ (D:\project\A365e2e\node_modules\selenium-webdriver\lib\promise.js:3084:14)
    at TaskQueue.executeNext_ (D:\project\A365e2e\node_modules\selenium-webdriver\lib\promise.js:3067:27)
    at asyncRun (D:\project\A365e2e\node_modules\selenium-webdriver\lib\promise.js:2974:25)
    at D:\project\A365e2e\node_modules\selenium-webdriver\lib\promise.js:668:7
From: Task: Element not present.
By(xpath, //div[@aria-label='Sql Scripts. Press Alt+P to open menu.']/../div[@role='list']//div[@title='a_qionwu']/..)
    at scheduleWait (D:\project\A365e2e\node_modules\selenium-webdriver\lib\promise.js:2188:20)
    at ControlFlow.wait (D:\project\A365e2e\node_modules\selenium-webdriver\lib\promise.js:2517:12)
    at thenableWebDriverProxy.wait (D:\project\A365e2e\node_modules\selenium-webdriver\lib\webdriver.js:934:29)
    at run (D:\project\A365e2e\node_modules\protractor\built\browser.js:59:33)
    at ProtractorBrowser.to.(anonymous function) [as wait] (D:\project\A365e2e\node_modules\protractor\built\browser.js:67:16)
    at Function.<anonymous> (D:\project\A365e2e\e2e\Share\helper.ts:170:23)
    at step (D:\project\A365e2e\e2e\Share\helper.ts:32:23)
    at Object.next (D:\project\A365e2e\e2e\Share\helper.ts:13:53)
    at D:\project\A365e2e\e2e\Share\helper.ts:7:71
    at new Promise (<anonymous>)
From: Task: Run it("Delete Sql Script") in control flow
    at UserContext.<anonymous> (D:\project\A365e2e\node_modules\jasminewd2\index.js:94:19)
    at attempt (D:\project\A365e2e\node_modules\jasmine-core\lib\jasmine-core\jasmine.js:4297:26)
    at QueueRunner.run (D:\project\A365e2e\node_modules\jasmine-core\lib\jasmine-core\jasmine.js:4217:20)
    at QueueRunner.execute (D:\project\A365e2e\node_modules\jasmine-core\lib\jasmine-core\jasmine.js:4199:10)
    at Spec.queueRunnerFactory (D:\project\A365e2e\node_modules\jasmine-core\lib\jasmine-core\jasmine.js:909:35)
    at Spec.execute (D:\project\A365e2e\node_modules\jasmine-core\lib\jasmine-core\jasmine.js:526:10)
    at UserContext.fn (D:\project\A365e2e\node_modules\jasmine-core\lib\jasmine-core\jasmine.js:5340:37)
    at attempt (D:\project\A365e2e\node_modules\jasmine-core\lib\jasmine-core\jasmine.js:4297:26)
    at QueueRunner.run (D:\project\A365e2e\node_modules\jasmine-core\lib\jasmine-core\jasmine.js:4217:20)
    at runNext (D:\project\A365e2e\node_modules\jasmine-core\lib\jasmine-core\jasmine.js:4257:20)
From asynchronous test: 
Error: 
    at Suite.<anonymous> (D:\project\A365e2e\e2e\SqlScripts\sqlScripts.spec.ts:85:5)
    at addSpecsToSuite (D:\project\A365e2e\node_modules\jasmine-core\lib\jasmine-core\jasmine.js:1107:25)
    at Env.describe (D:\project\A365e2e\node_modules\jasmine-core\lib\jasmine-core\jasmine.js:1074:7)
    at describe (D:\project\A365e2e\node_modules\jasmine-core\lib\jasmine-core\jasmine.js:4399:18)
    at Object.<anonymous> (D:\project\A365e2e\e2e\SqlScripts\sqlScripts.spec.ts:10:1)
    at Module._compile (internal/modules/cjs/loader.js:701:30)
    at Module.m._compile (D:\project\A365e2e\node_modules\ts-node\src\index.ts:473:23)
    at Module._extensions..js (internal/modules/cjs/loader.js:712:10)
    at Object.require.extensions.(anonymous function) [as .ts] (D:\project\A365e2e\node_modules\ts-node\src\index.ts:476:12)]]>
   </failure>
  </testcase>
 </testsuite>
</testsuites>